[    4278ms] [WARNING] The resource https://web.staging.obodux.boris-software.com/_next/static/css/86ae32e4b370adea.css was preloaded using link preload but not used within a few seconds from the window's load event. Please make sure it has an appropriate `as` value and it is preloaded intentionally. @ https://web.staging.obodux.boris-software.com/editor/device-documentation/8fccee47-b8ae-4e4f-97f8-86d223b8d121/checklist/gspr:0
[   12301ms] [ERROR] Failed to load resource: the server responded with a status of 404 () @ https://api.staging.obodux.boris-software.com/api/risk-management/8fccee47-b8ae-4e4f-97f8-86d223b8d121/3:0
[   13809ms] [ERROR] Failed to load resource: the server responded with a status of 404 () @ https://api.staging.obodux.boris-software.com/api/design/8fccee47-b8ae-4e4f-97f8-86d223b8d121/4:0
[   13814ms] [ERROR] Failed to load resource: the server responded with a status of 404 () @ https://api.staging.obodux.boris-software.com/api/design/8fccee47-b8ae-4e4f-97f8-86d223b8d121/2:0
[   14211ms] [ERROR] Failed to load resource: the server responded with a status of 404 () @ https://api.staging.obodux.boris-software.com/api/labelling/8fccee47-b8ae-4e4f-97f8-86d223b8d121/1:0
[   14325ms] [ERROR] Failed to load resource: the server responded with a status of 404 () @ https://api.staging.obodux.boris-software.com/api/verification-and-validation/8fccee47-b8ae-4e4f-97f8-86d223b8d121/1:0
[   14326ms] [ERROR] Failed to load resource: the server responded with a status of 404 () @ https://api.staging.obodux.boris-software.com/api/post-market-surveillance/8fccee47-b8ae-4e4f-97f8-86d223b8d121/1:0
[   14327ms] [ERROR] Failed to load resource: the server responded with a status of 404 () @ https://api.staging.obodux.boris-software.com/api/design/8fccee47-b8ae-4e4f-97f8-86d223b8d121/1:0
[   14477ms] [ERROR] Failed to load resource: the server responded with a status of 404 () @ https://api.staging.obodux.boris-software.com/api/risk-management/8fccee47-b8ae-4e4f-97f8-86d223b8d121/4:0
[   14478ms] [ERROR] Failed to load resource: the server responded with a status of 404 () @ https://api.staging.obodux.boris-software.com/api/risk-management/8fccee47-b8ae-4e4f-97f8-86d223b8d121/1:0
[   14480ms] [ERROR] Failed to load resource: the server responded with a status of 404 () @ https://api.staging.obodux.boris-software.com/api/design/8fccee47-b8ae-4e4f-97f8-86d223b8d121/5:0
[   14481ms] [ERROR] Failed to load resource: the server responded with a status of 404 () @ https://api.staging.obodux.boris-software.com/api/post-market-surveillance/8fccee47-b8ae-4e4f-97f8-86d223b8d121/2:0
[   14482ms] [ERROR] Failed to load resource: the server responded with a status of 404 () @ https://api.staging.obodux.boris-software.com/api/risk-management/8fccee47-b8ae-4e4f-97f8-86d223b8d121/2:0
[   14757ms] [ERROR] Failed to load resource: the server responded with a status of 404 () @ https://api.staging.obodux.boris-software.com/api/checklist/8fccee47-b8ae-4e4f-97f8-86d223b8d121/2:0
[   14759ms] [ERROR] Failed to load resource: the server responded with a status of 404 () @ https://api.staging.obodux.boris-software.com/api/clinical-evaluation/8fccee47-b8ae-4e4f-97f8-86d223b8d121/1:0
[   14760ms] [ERROR] Failed to load resource: the server responded with a status of 404 () @ https://api.staging.obodux.boris-software.com/api/manufacturer/8fccee47-b8ae-4e4f-97f8-86d223b8d121/1:0
[   14761ms] [ERROR] Failed to load resource: the server responded with a status of 404 () @ https://api.staging.obodux.boris-software.com/api/clinical-evaluation/8fccee47-b8ae-4e4f-97f8-86d223b8d121/2:0
[   14762ms] [ERROR] Failed to load resource: the server responded with a status of 404 () @ https://api.staging.obodux.boris-software.com/api/labelling/8fccee47-b8ae-4e4f-97f8-86d223b8d121/3:0
[   14763ms] [ERROR] Failed to load resource: the server responded with a status of 404 () @ https://api.staging.obodux.boris-software.com/api/design/8fccee47-b8ae-4e4f-97f8-86d223b8d121/3:0
[   17610ms] [ERROR] Failed to load resource: the server responded with a status of 404 () @ https://api.staging.obodux.boris-software.com/api/design/8fccee47-b8ae-4e4f-97f8-86d223b8d121/2:0
[   17744ms] [ERROR] Failed to load resource: the server responded with a status of 404 () @ https://api.staging.obodux.boris-software.com/api/design/8fccee47-b8ae-4e4f-97f8-86d223b8d121/1:0
[   17745ms] [ERROR] Failed to load resource: the server responded with a status of 404 () @ https://api.staging.obodux.boris-software.com/api/design/8fccee47-b8ae-4e4f-97f8-86d223b8d121/4:0
[   17780ms] [ERROR] Failed to load resource: the server responded with a status of 404 () @ https://api.staging.obodux.boris-software.com/api/verification-and-validation/8fccee47-b8ae-4e4f-97f8-86d223b8d121/1:0
[   17963ms] [ERROR] Failed to load resource: the server responded with a status of 404 () @ https://api.staging.obodux.boris-software.com/api/manufacturer/8fccee47-b8ae-4e4f-97f8-86d223b8d121/1:0
[   17968ms] [ERROR] Failed to load resource: the server responded with a status of 404 () @ https://api.staging.obodux.boris-software.com/api/design/8fccee47-b8ae-4e4f-97f8-86d223b8d121/5:0
[   18054ms] [ERROR] Failed to load resource: the server responded with a status of 404 () @ https://api.staging.obodux.boris-software.com/api/design/8fccee47-b8ae-4e4f-97f8-86d223b8d121/3:0
[   20543ms] [ERROR] Failed to load resource: the server responded with a status of 404 () @ https://api.staging.obodux.boris-software.com/api/design/8fccee47-b8ae-4e4f-97f8-86d223b8d121/2:0
[   20700ms] [ERROR] Failed to load resource: the server responded with a status of 404 () @ https://api.staging.obodux.boris-software.com/api/design/8fccee47-b8ae-4e4f-97f8-86d223b8d121/1:0
[   21103ms] [ERROR] Failed to load resource: the server responded with a status of 404 () @ https://api.staging.obodux.boris-software.com/api/verification-and-validation/8fccee47-b8ae-4e4f-97f8-86d223b8d121/1:0
[   21140ms] [ERROR] Failed to load resource: the server responded with a status of 404 () @ https://api.staging.obodux.boris-software.com/api/design/8fccee47-b8ae-4e4f-97f8-86d223b8d121/4:0
[   21176ms] [ERROR] Failed to load resource: the server responded with a status of 404 () @ https://api.staging.obodux.boris-software.com/api/manufacturer/8fccee47-b8ae-4e4f-97f8-86d223b8d121/1:0
[   21200ms] [ERROR] Failed to load resource: the server responded with a status of 404 () @ https://api.staging.obodux.boris-software.com/api/design/8fccee47-b8ae-4e4f-97f8-86d223b8d121/3:0
[   21225ms] [ERROR] Failed to load resource: the server responded with a status of 404 () @ https://api.staging.obodux.boris-software.com/api/design/8fccee47-b8ae-4e4f-97f8-86d223b8d121/5:0
[   25643ms] [ERROR] Failed to load resource: the server responded with a status of 404 () @ https://api.staging.obodux.boris-software.com/api/design/8fccee47-b8ae-4e4f-97f8-86d223b8d121/2:0
[   25852ms] [ERROR] Failed to load resource: the server responded with a status of 404 () @ https://api.staging.obodux.boris-software.com/api/design/8fccee47-b8ae-4e4f-97f8-86d223b8d121/1:0
[   26670ms] [ERROR] Failed to load resource: the server responded with a status of 404 () @ https://api.staging.obodux.boris-software.com/api/verification-and-validation/8fccee47-b8ae-4e4f-97f8-86d223b8d121/1:0
[   26693ms] [ERROR] Failed to load resource: the server responded with a status of 404 () @ https://api.staging.obodux.boris-software.com/api/manufacturer/8fccee47-b8ae-4e4f-97f8-86d223b8d121/1:0
[   26771ms] [ERROR] Failed to load resource: the server responded with a status of 404 () @ https://api.staging.obodux.boris-software.com/api/design/8fccee47-b8ae-4e4f-97f8-86d223b8d121/5:0
[   26775ms] [ERROR] Failed to load resource: the server responded with a status of 404 () @ https://api.staging.obodux.boris-software.com/api/design/8fccee47-b8ae-4e4f-97f8-86d223b8d121/4:0
[   26795ms] [ERROR] Failed to load resource: the server responded with a status of 404 () @ https://api.staging.obodux.boris-software.com/api/design/8fccee47-b8ae-4e4f-97f8-86d223b8d121/3:0
