[    9076ms] [ERROR] Failed to load resource: the server responded with a status of 404 () @ https://api.staging.obodux.boris-software.com/api/risk-management/032de183-61fd-496b-8d90-d7c93327b681/1:0
[    9174ms] [ERROR] Failed to load resource: the server responded with a status of 404 () @ https://api.staging.obodux.boris-software.com/api/design/032de183-61fd-496b-8d90-d7c93327b681/2:0
[    9201ms] [ERROR] Failed to load resource: the server responded with a status of 404 () @ https://api.staging.obodux.boris-software.com/api/risk-management/032de183-61fd-496b-8d90-d7c93327b681/3:0
[    9312ms] [ERROR] Failed to load resource: the server responded with a status of 404 () @ https://api.staging.obodux.boris-software.com/api/labelling/032de183-61fd-496b-8d90-d7c93327b681/3:0
[    9882ms] [ERROR] Failed to load resource: the server responded with a status of 404 () @ https://api.staging.obodux.boris-software.com/api/design/032de183-61fd-496b-8d90-d7c93327b681/4:0
[    9989ms] [ERROR] Failed to load resource: the server responded with a status of 404 () @ https://api.staging.obodux.boris-software.com/api/checklist/032de183-61fd-496b-8d90-d7c93327b681/2:0
[    9997ms] [ERROR] Failed to load resource: the server responded with a status of 404 () @ https://api.staging.obodux.boris-software.com/api/clinical-evaluation/032de183-61fd-496b-8d90-d7c93327b681/2:0
[    9997ms] [ERROR] Failed to load resource: the server responded with a status of 404 () @ https://api.staging.obodux.boris-software.com/api/design/032de183-61fd-496b-8d90-d7c93327b681/1:0
[    9998ms] [ERROR] Failed to load resource: the server responded with a status of 404 () @ https://api.staging.obodux.boris-software.com/api/clinical-evaluation/032de183-61fd-496b-8d90-d7c93327b681/1:0
[   10085ms] [ERROR] Failed to load resource: the server responded with a status of 404 () @ https://api.staging.obodux.boris-software.com/api/risk-management/032de183-61fd-496b-8d90-d7c93327b681/2:0
[   10091ms] [ERROR] Failed to load resource: the server responded with a status of 404 () @ https://api.staging.obodux.boris-software.com/api/design/032de183-61fd-496b-8d90-d7c93327b681/3:0
[   10107ms] [ERROR] Failed to load resource: the server responded with a status of 404 () @ https://api.staging.obodux.boris-software.com/api/design/032de183-61fd-496b-8d90-d7c93327b681/5:0
[   10191ms] [ERROR] Failed to load resource: the server responded with a status of 404 () @ https://api.staging.obodux.boris-software.com/api/manufacturer/032de183-61fd-496b-8d90-d7c93327b681/1:0
[   10195ms] [ERROR] Failed to load resource: the server responded with a status of 404 () @ https://api.staging.obodux.boris-software.com/api/post-market-surveillance/032de183-61fd-496b-8d90-d7c93327b681/2:0
[   10209ms] [ERROR] Failed to load resource: the server responded with a status of 404 () @ https://api.staging.obodux.boris-software.com/api/post-market-surveillance/032de183-61fd-496b-8d90-d7c93327b681/1:0
[   10210ms] [ERROR] Failed to load resource: the server responded with a status of 404 () @ https://api.staging.obodux.boris-software.com/api/labelling/032de183-61fd-496b-8d90-d7c93327b681/1:0
[   10211ms] [ERROR] Failed to load resource: the server responded with a status of 404 () @ https://api.staging.obodux.boris-software.com/api/risk-management/032de183-61fd-496b-8d90-d7c93327b681/4:0
[   11239ms] [ERROR] Failed to load resource: the server responded with a status of 404 () @ https://api.staging.obodux.boris-software.com/api/design/032de183-61fd-496b-8d90-d7c93327b681/2:0
[   11940ms] [ERROR] Failed to load resource: the server responded with a status of 404 () @ https://api.staging.obodux.boris-software.com/api/design/032de183-61fd-496b-8d90-d7c93327b681/4:0
[   12081ms] [ERROR] Failed to load resource: the server responded with a status of 404 () @ https://api.staging.obodux.boris-software.com/api/design/032de183-61fd-496b-8d90-d7c93327b681/1:0
[   12534ms] [ERROR] Failed to load resource: the server responded with a status of 404 () @ https://api.staging.obodux.boris-software.com/api/design/032de183-61fd-496b-8d90-d7c93327b681/3:0
[   12665ms] [ERROR] Failed to load resource: the server responded with a status of 404 () @ https://api.staging.obodux.boris-software.com/api/design/032de183-61fd-496b-8d90-d7c93327b681/5:0
[   12671ms] [ERROR] Failed to load resource: the server responded with a status of 404 () @ https://api.staging.obodux.boris-software.com/api/manufacturer/032de183-61fd-496b-8d90-d7c93327b681/1:0
[   14126ms] [ERROR] Failed to load resource: the server responded with a status of 404 () @ https://api.staging.obodux.boris-software.com/api/design/032de183-61fd-496b-8d90-d7c93327b681/2:0
[   14847ms] [ERROR] Failed to load resource: the server responded with a status of 404 () @ https://api.staging.obodux.boris-software.com/api/design/032de183-61fd-496b-8d90-d7c93327b681/4:0
[   14932ms] [ERROR] Failed to load resource: the server responded with a status of 404 () @ https://api.staging.obodux.boris-software.com/api/design/032de183-61fd-496b-8d90-d7c93327b681/1:0
[   15409ms] [ERROR] Failed to load resource: the server responded with a status of 404 () @ https://api.staging.obodux.boris-software.com/api/design/032de183-61fd-496b-8d90-d7c93327b681/3:0
[   15562ms] [ERROR] Failed to load resource: the server responded with a status of 404 () @ https://api.staging.obodux.boris-software.com/api/design/032de183-61fd-496b-8d90-d7c93327b681/5:0
[   15585ms] [ERROR] Failed to load resource: the server responded with a status of 404 () @ https://api.staging.obodux.boris-software.com/api/manufacturer/032de183-61fd-496b-8d90-d7c93327b681/1:0
[   19230ms] [ERROR] Failed to load resource: the server responded with a status of 404 () @ https://api.staging.obodux.boris-software.com/api/design/032de183-61fd-496b-8d90-d7c93327b681/2:0
[   19932ms] [ERROR] Failed to load resource: the server responded with a status of 404 () @ https://api.staging.obodux.boris-software.com/api/design/032de183-61fd-496b-8d90-d7c93327b681/4:0
[   20067ms] [ERROR] Failed to load resource: the server responded with a status of 404 () @ https://api.staging.obodux.boris-software.com/api/design/032de183-61fd-496b-8d90-d7c93327b681/1:0
[   20439ms] [ERROR] Failed to load resource: the server responded with a status of 404 () @ https://api.staging.obodux.boris-software.com/api/design/032de183-61fd-496b-8d90-d7c93327b681/3:0
[   20693ms] [ERROR] Failed to load resource: the server responded with a status of 404 () @ https://api.staging.obodux.boris-software.com/api/design/032de183-61fd-496b-8d90-d7c93327b681/5:0
[   20726ms] [ERROR] Failed to load resource: the server responded with a status of 404 () @ https://api.staging.obodux.boris-software.com/api/manufacturer/032de183-61fd-496b-8d90-d7c93327b681/1:0
[  136611ms] [WARNING] Warning: Missing `Description` or `aria-describedby={undefined}` for {DialogContent}. @ https://eu-assets.i.posthog.com/static/posthog-recorder.js?v=1.345.4:0
