[     301ms] [WARNING] The resource https://web.staging.obodux.boris-software.com/_next/static/css/86ae32e4b370adea.css was preloaded using link preload but not used within a few seconds from the window's load event. Please make sure it has an appropriate `as` value and it is preloaded intentionally. @ https://web.staging.obodux.boris-software.com/editor:0
[    4533ms] [WARNING] The resource https://web.staging.obodux.boris-software.com/_next/static/css/86ae32e4b370adea.css was preloaded using link preload but not used within a few seconds from the window's load event. Please make sure it has an appropriate `as` value and it is preloaded intentionally. @ https://web.staging.obodux.boris-software.com/editor/device-documentation/0e2e4685-b800-4145-90dc-c81b050598d3/post-market-surveillance/plan:0
[   12312ms] [ERROR] Failed to load resource: the server responded with a status of 404 () @ https://api.staging.obodux.boris-software.com/api/design/0e2e4685-b800-4145-90dc-c81b050598d3/4:0
[   13963ms] [ERROR] Failed to load resource: the server responded with a status of 404 () @ https://api.staging.obodux.boris-software.com/api/post-market-surveillance/0e2e4685-b800-4145-90dc-c81b050598d3/2:0
[   13993ms] [ERROR] Failed to load resource: the server responded with a status of 404 () @ https://api.staging.obodux.boris-software.com/api/design/0e2e4685-b800-4145-90dc-c81b050598d3/2:0
[   14035ms] [ERROR] Failed to load resource: the server responded with a status of 404 () @ https://api.staging.obodux.boris-software.com/api/declaration-of-conformity/0e2e4685-b800-4145-90dc-c81b050598d3/1:0
[   14036ms] [ERROR] Failed to load resource: the server responded with a status of 404 () @ https://api.staging.obodux.boris-software.com/api/design/0e2e4685-b800-4145-90dc-c81b050598d3/3:0
[   14038ms] [ERROR] Failed to load resource: the server responded with a status of 404 () @ https://api.staging.obodux.boris-software.com/api/design/0e2e4685-b800-4145-90dc-c81b050598d3/5:0
[   14310ms] [ERROR] Failed to load resource: the server responded with a status of 404 () @ https://api.staging.obodux.boris-software.com/api/design/0e2e4685-b800-4145-90dc-c81b050598d3/4:0
[   16348ms] [ERROR] Failed to load resource: the server responded with a status of 404 () @ https://api.staging.obodux.boris-software.com/api/design/0e2e4685-b800-4145-90dc-c81b050598d3/2:0
[   16402ms] [ERROR] Failed to load resource: the server responded with a status of 404 () @ https://api.staging.obodux.boris-software.com/api/design/0e2e4685-b800-4145-90dc-c81b050598d3/5:0
[   16452ms] [ERROR] Failed to load resource: the server responded with a status of 404 () @ https://api.staging.obodux.boris-software.com/api/design/0e2e4685-b800-4145-90dc-c81b050598d3/3:0
[   17846ms] [ERROR] Failed to load resource: the server responded with a status of 404 () @ https://api.staging.obodux.boris-software.com/api/design/0e2e4685-b800-4145-90dc-c81b050598d3/4:0
[   19895ms] [ERROR] Failed to load resource: the server responded with a status of 404 () @ https://api.staging.obodux.boris-software.com/api/design/0e2e4685-b800-4145-90dc-c81b050598d3/3:0
[   19897ms] [ERROR] Failed to load resource: the server responded with a status of 404 () @ https://api.staging.obodux.boris-software.com/api/design/0e2e4685-b800-4145-90dc-c81b050598d3/2:0
[   19898ms] [ERROR] Failed to load resource: the server responded with a status of 404 () @ https://api.staging.obodux.boris-software.com/api/design/0e2e4685-b800-4145-90dc-c81b050598d3/5:0
[   28194ms] [ERROR] Failed to load resource: the server responded with a status of 404 () @ https://api.staging.obodux.boris-software.com/api/design/0e2e4685-b800-4145-90dc-c81b050598d3/4:0
[   28459ms] [ERROR] Failed to load resource: the server responded with a status of 404 () @ https://api.staging.obodux.boris-software.com/api/design/0e2e4685-b800-4145-90dc-c81b050598d3/2:0
[   28459ms] [ERROR] Failed to load resource: the server responded with a status of 404 () @ https://api.staging.obodux.boris-software.com/api/design/0e2e4685-b800-4145-90dc-c81b050598d3/3:0
[   29109ms] [ERROR] Failed to load resource: the server responded with a status of 404 () @ https://api.staging.obodux.boris-software.com/api/design/0e2e4685-b800-4145-90dc-c81b050598d3/5:0
