[   16813ms] [ERROR] Failed to load resource: the server responded with a status of 404 () @ https://api.staging.obodux.boris-software.com/api/labelling/877dbca8-b246-4c71-9a3f-7c34a38ec9aa/3:0
[   16847ms] [ERROR] Failed to load resource: the server responded with a status of 404 () @ https://api.staging.obodux.boris-software.com/api/post-market-surveillance/877dbca8-b246-4c71-9a3f-7c34a38ec9aa/1:0
[   17590ms] [ERROR] Failed to load resource: the server responded with a status of 404 () @ https://api.staging.obodux.boris-software.com/api/manufacturer/877dbca8-b246-4c71-9a3f-7c34a38ec9aa/1:0
[   17591ms] [ERROR] Failed to load resource: the server responded with a status of 404 () @ https://api.staging.obodux.boris-software.com/api/risk-management/877dbca8-b246-4c71-9a3f-7c34a38ec9aa/3:0
[   17633ms] [ERROR] Failed to load resource: the server responded with a status of 404 () @ https://api.staging.obodux.boris-software.com/api/clinical-evaluation/877dbca8-b246-4c71-9a3f-7c34a38ec9aa/2:0
[   17652ms] [ERROR] Failed to load resource: the server responded with a status of 404 () @ https://api.staging.obodux.boris-software.com/api/post-market-surveillance/877dbca8-b246-4c71-9a3f-7c34a38ec9aa/2:0
[   17693ms] [ERROR] Failed to load resource: the server responded with a status of 404 () @ https://api.staging.obodux.boris-software.com/api/risk-management/877dbca8-b246-4c71-9a3f-7c34a38ec9aa/4:0
[   17695ms] [ERROR] Failed to load resource: the server responded with a status of 404 () @ https://api.staging.obodux.boris-software.com/api/design/877dbca8-b246-4c71-9a3f-7c34a38ec9aa/3:0
[   17697ms] [ERROR] Failed to load resource: the server responded with a status of 404 () @ https://api.staging.obodux.boris-software.com/api/clinical-evaluation/877dbca8-b246-4c71-9a3f-7c34a38ec9aa/1:0
[   17698ms] [ERROR] Failed to load resource: the server responded with a status of 404 () @ https://api.staging.obodux.boris-software.com/api/design/877dbca8-b246-4c71-9a3f-7c34a38ec9aa/2:0
[   17732ms] [ERROR] Failed to load resource: the server responded with a status of 404 () @ https://api.staging.obodux.boris-software.com/api/labelling/877dbca8-b246-4c71-9a3f-7c34a38ec9aa/1:0
[   17796ms] [ERROR] Failed to load resource: the server responded with a status of 404 () @ https://api.staging.obodux.boris-software.com/api/checklist/877dbca8-b246-4c71-9a3f-7c34a38ec9aa/2:0
[   17797ms] [ERROR] Failed to load resource: the server responded with a status of 404 () @ https://api.staging.obodux.boris-software.com/api/verification-and-validation/877dbca8-b246-4c71-9a3f-7c34a38ec9aa/1:0
[   17798ms] [ERROR] Failed to load resource: the server responded with a status of 404 () @ https://api.staging.obodux.boris-software.com/api/design/877dbca8-b246-4c71-9a3f-7c34a38ec9aa/5:0
[   17799ms] [ERROR] Failed to load resource: the server responded with a status of 404 () @ https://api.staging.obodux.boris-software.com/api/risk-management/877dbca8-b246-4c71-9a3f-7c34a38ec9aa/2:0
[   17801ms] [ERROR] Failed to load resource: the server responded with a status of 404 () @ https://api.staging.obodux.boris-software.com/api/risk-management/877dbca8-b246-4c71-9a3f-7c34a38ec9aa/1:0
[   17893ms] [ERROR] Failed to load resource: the server responded with a status of 404 () @ https://api.staging.obodux.boris-software.com/api/design/877dbca8-b246-4c71-9a3f-7c34a38ec9aa/4:0
[   17923ms] [ERROR] Failed to load resource: the server responded with a status of 404 () @ https://api.staging.obodux.boris-software.com/api/design/877dbca8-b246-4c71-9a3f-7c34a38ec9aa/1:0
[   19749ms] [ERROR] Failed to load resource: the server responded with a status of 404 () @ https://api.staging.obodux.boris-software.com/api/manufacturer/877dbca8-b246-4c71-9a3f-7c34a38ec9aa/1:0
[   20262ms] [ERROR] Failed to load resource: the server responded with a status of 404 () @ https://api.staging.obodux.boris-software.com/api/design/877dbca8-b246-4c71-9a3f-7c34a38ec9aa/3:0
[   20502ms] [ERROR] Failed to load resource: the server responded with a status of 404 () @ https://api.staging.obodux.boris-software.com/api/design/877dbca8-b246-4c71-9a3f-7c34a38ec9aa/2:0
[   20503ms] [ERROR] Failed to load resource: the server responded with a status of 404 () @ https://api.staging.obodux.boris-software.com/api/verification-and-validation/877dbca8-b246-4c71-9a3f-7c34a38ec9aa/1:0
[   20509ms] [ERROR] Failed to load resource: the server responded with a status of 404 () @ https://api.staging.obodux.boris-software.com/api/design/877dbca8-b246-4c71-9a3f-7c34a38ec9aa/1:0
[   20547ms] [ERROR] Failed to load resource: the server responded with a status of 404 () @ https://api.staging.obodux.boris-software.com/api/design/877dbca8-b246-4c71-9a3f-7c34a38ec9aa/4:0
[   20551ms] [ERROR] Failed to load resource: the server responded with a status of 404 () @ https://api.staging.obodux.boris-software.com/api/design/877dbca8-b246-4c71-9a3f-7c34a38ec9aa/5:0
[   22597ms] [ERROR] Failed to load resource: the server responded with a status of 404 () @ https://api.staging.obodux.boris-software.com/api/manufacturer/877dbca8-b246-4c71-9a3f-7c34a38ec9aa/1:0
[   23149ms] [ERROR] Failed to load resource: the server responded with a status of 404 () @ https://api.staging.obodux.boris-software.com/api/design/877dbca8-b246-4c71-9a3f-7c34a38ec9aa/3:0
[   23843ms] [ERROR] Failed to load resource: the server responded with a status of 404 () @ https://api.staging.obodux.boris-software.com/api/verification-and-validation/877dbca8-b246-4c71-9a3f-7c34a38ec9aa/1:0
[   23859ms] [ERROR] Failed to load resource: the server responded with a status of 404 () @ https://api.staging.obodux.boris-software.com/api/design/877dbca8-b246-4c71-9a3f-7c34a38ec9aa/2:0
[   23860ms] [ERROR] Failed to load resource: the server responded with a status of 404 () @ https://api.staging.obodux.boris-software.com/api/design/877dbca8-b246-4c71-9a3f-7c34a38ec9aa/4:0
[   23868ms] [ERROR] Failed to load resource: the server responded with a status of 404 () @ https://api.staging.obodux.boris-software.com/api/design/877dbca8-b246-4c71-9a3f-7c34a38ec9aa/5:0
[   23898ms] [ERROR] Failed to load resource: the server responded with a status of 404 () @ https://api.staging.obodux.boris-software.com/api/design/877dbca8-b246-4c71-9a3f-7c34a38ec9aa/1:0
[   28786ms] [ERROR] Failed to load resource: the server responded with a status of 404 () @ https://api.staging.obodux.boris-software.com/api/manufacturer/877dbca8-b246-4c71-9a3f-7c34a38ec9aa/1:0
[   28814ms] [ERROR] Failed to load resource: the server responded with a status of 404 () @ https://api.staging.obodux.boris-software.com/api/design/877dbca8-b246-4c71-9a3f-7c34a38ec9aa/3:0
[   29343ms] [ERROR] Failed to load resource: the server responded with a status of 404 () @ https://api.staging.obodux.boris-software.com/api/design/877dbca8-b246-4c71-9a3f-7c34a38ec9aa/2:0
[   29536ms] [ERROR] Failed to load resource: the server responded with a status of 404 () @ https://api.staging.obodux.boris-software.com/api/design/877dbca8-b246-4c71-9a3f-7c34a38ec9aa/4:0
[   29558ms] [ERROR] Failed to load resource: the server responded with a status of 404 () @ https://api.staging.obodux.boris-software.com/api/verification-and-validation/877dbca8-b246-4c71-9a3f-7c34a38ec9aa/1:0
[   29560ms] [ERROR] Failed to load resource: the server responded with a status of 404 () @ https://api.staging.obodux.boris-software.com/api/design/877dbca8-b246-4c71-9a3f-7c34a38ec9aa/5:0
[   29562ms] [ERROR] Failed to load resource: the server responded with a status of 404 () @ https://api.staging.obodux.boris-software.com/api/design/877dbca8-b246-4c71-9a3f-7c34a38ec9aa/1:0
