[   16385ms] [ERROR] Failed to load resource: the server responded with a status of 404 () @ https://api.staging.obodux.boris-software.com/api/declaration-of-conformity/6ed51a70-ce77-4287-883d-c695d6ce7828/1:0
[   16403ms] [ERROR] Failed to load resource: the server responded with a status of 404 () @ https://api.staging.obodux.boris-software.com/api/design/6ed51a70-ce77-4287-883d-c695d6ce7828/5:0
[   16578ms] [ERROR] Failed to load resource: the server responded with a status of 404 () @ https://api.staging.obodux.boris-software.com/api/design/6ed51a70-ce77-4287-883d-c695d6ce7828/3:0
[   16872ms] [ERROR] Failed to load resource: the server responded with a status of 404 () @ https://api.staging.obodux.boris-software.com/api/design/6ed51a70-ce77-4287-883d-c695d6ce7828/1:0
[   16872ms] [ERROR] Failed to load resource: the server responded with a status of 404 () @ https://api.staging.obodux.boris-software.com/api/manufacturer/6ed51a70-ce77-4287-883d-c695d6ce7828/1:0
[   16880ms] [ERROR] Failed to load resource: the server responded with a status of 404 () @ https://api.staging.obodux.boris-software.com/api/design/6ed51a70-ce77-4287-883d-c695d6ce7828/4:0
[   16890ms] [ERROR] Failed to load resource: the server responded with a status of 404 () @ https://api.staging.obodux.boris-software.com/api/design/6ed51a70-ce77-4287-883d-c695d6ce7828/2:0
[   21994ms] [ERROR] Failed to load resource: the server responded with a status of 404 () @ https://api.staging.obodux.boris-software.com/api/design/6ed51a70-ce77-4287-883d-c695d6ce7828/2:0
[   22032ms] [ERROR] Failed to load resource: the server responded with a status of 404 () @ https://api.staging.obodux.boris-software.com/api/design/6ed51a70-ce77-4287-883d-c695d6ce7828/5:0
[   22033ms] [ERROR] Failed to load resource: the server responded with a status of 404 () @ https://api.staging.obodux.boris-software.com/api/design/6ed51a70-ce77-4287-883d-c695d6ce7828/4:0
[   22060ms] [ERROR] Failed to load resource: the server responded with a status of 404 () @ https://api.staging.obodux.boris-software.com/api/design/6ed51a70-ce77-4287-883d-c695d6ce7828/1:0
[   22077ms] [ERROR] Failed to load resource: the server responded with a status of 404 () @ https://api.staging.obodux.boris-software.com/api/manufacturer/6ed51a70-ce77-4287-883d-c695d6ce7828/1:0
[   22081ms] [ERROR] Failed to load resource: the server responded with a status of 404 () @ https://api.staging.obodux.boris-software.com/api/design/6ed51a70-ce77-4287-883d-c695d6ce7828/3:0
[   25829ms] [ERROR] Failed to load resource: the server responded with a status of 404 () @ https://api.staging.obodux.boris-software.com/api/design/6ed51a70-ce77-4287-883d-c695d6ce7828/2:0
[   26178ms] [ERROR] Failed to load resource: the server responded with a status of 404 () @ https://api.staging.obodux.boris-software.com/api/design/6ed51a70-ce77-4287-883d-c695d6ce7828/4:0
[   26178ms] [ERROR] Failed to load resource: the server responded with a status of 404 () @ https://api.staging.obodux.boris-software.com/api/design/6ed51a70-ce77-4287-883d-c695d6ce7828/1:0
[   26217ms] [ERROR] Failed to load resource: the server responded with a status of 404 () @ https://api.staging.obodux.boris-software.com/api/design/6ed51a70-ce77-4287-883d-c695d6ce7828/3:0
[   26239ms] [ERROR] Failed to load resource: the server responded with a status of 404 () @ https://api.staging.obodux.boris-software.com/api/manufacturer/6ed51a70-ce77-4287-883d-c695d6ce7828/1:0
[   26255ms] [ERROR] Failed to load resource: the server responded with a status of 404 () @ https://api.staging.obodux.boris-software.com/api/design/6ed51a70-ce77-4287-883d-c695d6ce7828/5:0
[   31076ms] [ERROR] Failed to load resource: the server responded with a status of 404 () @ https://api.staging.obodux.boris-software.com/api/design/6ed51a70-ce77-4287-883d-c695d6ce7828/2:0
[   32024ms] [ERROR] Failed to load resource: the server responded with a status of 404 () @ https://api.staging.obodux.boris-software.com/api/design/6ed51a70-ce77-4287-883d-c695d6ce7828/5:0
[   32030ms] [ERROR] Failed to load resource: the server responded with a status of 404 () @ https://api.staging.obodux.boris-software.com/api/design/6ed51a70-ce77-4287-883d-c695d6ce7828/3:0
[   32042ms] [ERROR] Failed to load resource: the server responded with a status of 404 () @ https://api.staging.obodux.boris-software.com/api/design/6ed51a70-ce77-4287-883d-c695d6ce7828/4:0
[   32059ms] [ERROR] Failed to load resource: the server responded with a status of 404 () @ https://api.staging.obodux.boris-software.com/api/design/6ed51a70-ce77-4287-883d-c695d6ce7828/1:0
[   32084ms] [ERROR] Failed to load resource: the server responded with a status of 404 () @ https://api.staging.obodux.boris-software.com/api/manufacturer/6ed51a70-ce77-4287-883d-c695d6ce7828/1:0
[ 6417130ms] [ERROR] Failed to load resource: net::ERR_INTERNET_DISCONNECTED @ https://api.dev.novu.boris-software.com/v1/inbox/notifications/count?filters=%5B%7B%22read%22%3Afalse%7D%5D:0
[ 6435431ms] [ERROR] Failed to load resource: net::ERR_INTERNET_DISCONNECTED @ https://api.dev.novu.boris-software.com/v1/inbox/notifications/count?filters=%5B%7B%22read%22%3Afalse%7D%5D:0
[ 6437972ms] [ERROR] Failed to load resource: net::ERR_INTERNET_DISCONNECTED @ https://web.staging.obodux.boris-software.com/auth/token:0
[ 6453686ms] [ERROR] Failed to load resource: net::ERR_INTERNET_DISCONNECTED @ https://api.dev.novu.boris-software.com/v1/inbox/notifications/count?filters=%5B%7B%22read%22%3Afalse%7D%5D:0
[ 6471986ms] [ERROR] Failed to load resource: net::ERR_INTERNET_DISCONNECTED @ https://api.dev.novu.boris-software.com/v1/inbox/notifications/count?filters=%5B%7B%22read%22%3Afalse%7D%5D:0
[ 6471991ms] [ERROR] Failed to load resource: net::ERR_INTERNET_DISCONNECTED @ https://api.dev.novu.boris-software.com/v1/inbox/notifications/count?filters=%5B%7B%22read%22%3Afalse%7D%5D:0
[ 6490271ms] [ERROR] Failed to load resource: net::ERR_INTERNET_DISCONNECTED @ https://api.dev.novu.boris-software.com/v1/inbox/notifications/count?filters=%5B%7B%22read%22%3Afalse%7D%5D:0
[ 6490272ms] [ERROR] Failed to load resource: net::ERR_INTERNET_DISCONNECTED @ https://api.dev.novu.boris-software.com/v1/inbox/notifications/count?filters=%5B%7B%22read%22%3Afalse%7D%5D:0
[ 6508572ms] [ERROR] Failed to load resource: net::ERR_INTERNET_DISCONNECTED @ https://api.dev.novu.boris-software.com/v1/inbox/notifications/count?filters=%5B%7B%22read%22%3Afalse%7D%5D:0
[ 6508573ms] [ERROR] Failed to load resource: net::ERR_INTERNET_DISCONNECTED @ https://api.dev.novu.boris-software.com/v1/inbox/notifications/count?filters=%5B%7B%22read%22%3Afalse%7D%5D:0
[ 6526874ms] [ERROR] Failed to load resource: net::ERR_INTERNET_DISCONNECTED @ https://api.dev.novu.boris-software.com/v1/inbox/notifications/count?filters=%5B%7B%22read%22%3Afalse%7D%5D:0
[ 6545193ms] [ERROR] Failed to load resource: net::ERR_INTERNET_DISCONNECTED @ https://api.dev.novu.boris-software.com/v1/inbox/notifications/count?filters=%5B%7B%22read%22%3Afalse%7D%5D:0
[ 6545197ms] [ERROR] Failed to load resource: net::ERR_INTERNET_DISCONNECTED @ https://api.dev.novu.boris-software.com/v1/inbox/notifications/count?filters=%5B%7B%22read%22%3Afalse%7D%5D:0
[ 6563494ms] [ERROR] Failed to load resource: net::ERR_INTERNET_DISCONNECTED @ https://api.dev.novu.boris-software.com/v1/inbox/notifications/count?filters=%5B%7B%22read%22%3Afalse%7D%5D:0
[ 6563500ms] [ERROR] Failed to load resource: net::ERR_INTERNET_DISCONNECTED @ https://api.dev.novu.boris-software.com/v1/inbox/notifications/count?filters=%5B%7B%22read%22%3Afalse%7D%5D:0
[ 6581814ms] [ERROR] Failed to load resource: net::ERR_INTERNET_DISCONNECTED @ https://api.dev.novu.boris-software.com/v1/inbox/notifications/count?filters=%5B%7B%22read%22%3Afalse%7D%5D:0
[ 6581819ms] [ERROR] Failed to load resource: net::ERR_INTERNET_DISCONNECTED @ https://api.dev.novu.boris-software.com/v1/inbox/notifications/count?filters=%5B%7B%22read%22%3Afalse%7D%5D:0
[ 6600130ms] [ERROR] Failed to load resource: net::ERR_INTERNET_DISCONNECTED @ https://api.dev.novu.boris-software.com/v1/inbox/notifications/count?filters=%5B%7B%22read%22%3Afalse%7D%5D:0
[ 6600134ms] [ERROR] Failed to load resource: net::ERR_INTERNET_DISCONNECTED @ https://api.dev.novu.boris-software.com/v1/inbox/notifications/count?filters=%5B%7B%22read%22%3Afalse%7D%5D:0
[ 6618449ms] [ERROR] Failed to load resource: net::ERR_INTERNET_DISCONNECTED @ https://api.dev.novu.boris-software.com/v1/inbox/notifications/count?filters=%5B%7B%22read%22%3Afalse%7D%5D:0
[ 6618450ms] [ERROR] Failed to load resource: net::ERR_INTERNET_DISCONNECTED @ https://api.dev.novu.boris-software.com/v1/inbox/notifications/count?filters=%5B%7B%22read%22%3Afalse%7D%5D:0
[ 6636760ms] [ERROR] Failed to load resource: net::ERR_INTERNET_DISCONNECTED @ https://api.dev.novu.boris-software.com/v1/inbox/notifications/count?filters=%5B%7B%22read%22%3Afalse%7D%5D:0
[ 6655075ms] [ERROR] Failed to load resource: net::ERR_INTERNET_DISCONNECTED @ https://api.dev.novu.boris-software.com/v1/inbox/notifications/count?filters=%5B%7B%22read%22%3Afalse%7D%5D:0
[ 6655081ms] [ERROR] Failed to load resource: net::ERR_INTERNET_DISCONNECTED @ https://api.dev.novu.boris-software.com/v1/inbox/notifications/count?filters=%5B%7B%22read%22%3Afalse%7D%5D:0
[ 6673373ms] [ERROR] Failed to load resource: net::ERR_INTERNET_DISCONNECTED @ https://api.dev.novu.boris-software.com/v1/inbox/notifications/count?filters=%5B%7B%22read%22%3Afalse%7D%5D:0
[ 6673374ms] [ERROR] Failed to load resource: net::ERR_INTERNET_DISCONNECTED @ https://api.dev.novu.boris-software.com/v1/inbox/notifications/count?filters=%5B%7B%22read%22%3Afalse%7D%5D:0
[ 6691678ms] [ERROR] Failed to load resource: net::ERR_INTERNET_DISCONNECTED @ https://api.dev.novu.boris-software.com/v1/inbox/notifications/count?filters=%5B%7B%22read%22%3Afalse%7D%5D:0
[ 6691683ms] [ERROR] Failed to load resource: net::ERR_INTERNET_DISCONNECTED @ https://api.dev.novu.boris-software.com/v1/inbox/notifications/count?filters=%5B%7B%22read%22%3Afalse%7D%5D:0
[ 6701874ms] [ERROR] Failed to load resource: net::ERR_INTERNET_DISCONNECTED @ https://api.dev.novu.boris-software.com/v1/inbox/notifications/count?filters=%5B%7B%22read%22%3Afalse%7D%5D:0
[ 6712080ms] [ERROR] Failed to load resource: net::ERR_INTERNET_DISCONNECTED @ https://api.dev.novu.boris-software.com/v1/inbox/notifications/count?filters=%5B%7B%22read%22%3Afalse%7D%5D:0
[ 6722273ms] [ERROR] Failed to load resource: net::ERR_INTERNET_DISCONNECTED @ https://api.dev.novu.boris-software.com/v1/inbox/notifications/count?filters=%5B%7B%22read%22%3Afalse%7D%5D:0
[ 6732471ms] [ERROR] Failed to load resource: net::ERR_INTERNET_DISCONNECTED @ https://api.dev.novu.boris-software.com/v1/inbox/notifications/count?filters=%5B%7B%22read%22%3Afalse%7D%5D:0
[ 6742635ms] [ERROR] Failed to load resource: net::ERR_INTERNET_DISCONNECTED @ https://api.dev.novu.boris-software.com/v1/inbox/notifications/count?filters=%5B%7B%22read%22%3Afalse%7D%5D:0
[ 6752861ms] [ERROR] Failed to load resource: net::ERR_INTERNET_DISCONNECTED @ https://api.dev.novu.boris-software.com/v1/inbox/notifications/count?filters=%5B%7B%22read%22%3Afalse%7D%5D:0
[ 6763043ms] [ERROR] Failed to load resource: net::ERR_INTERNET_DISCONNECTED @ https://api.dev.novu.boris-software.com/v1/inbox/notifications/count?filters=%5B%7B%22read%22%3Afalse%7D%5D:0
[ 6773234ms] [ERROR] Failed to load resource: net::ERR_INTERNET_DISCONNECTED @ https://api.dev.novu.boris-software.com/v1/inbox/notifications/count?filters=%5B%7B%22read%22%3Afalse%7D%5D:0
[ 6783425ms] [ERROR] Failed to load resource: net::ERR_INTERNET_DISCONNECTED @ https://api.dev.novu.boris-software.com/v1/inbox/notifications/count?filters=%5B%7B%22read%22%3Afalse%7D%5D:0
[ 6793593ms] [ERROR] Failed to load resource: net::ERR_INTERNET_DISCONNECTED @ https://api.dev.novu.boris-software.com/v1/inbox/notifications/count?filters=%5B%7B%22read%22%3Afalse%7D%5D:0
[ 6803801ms] [ERROR] Failed to load resource: net::ERR_INTERNET_DISCONNECTED @ https://api.dev.novu.boris-software.com/v1/inbox/notifications/count?filters=%5B%7B%22read%22%3Afalse%7D%5D:0
[ 6813970ms] [ERROR] Failed to load resource: net::ERR_INTERNET_DISCONNECTED @ https://api.dev.novu.boris-software.com/v1/inbox/notifications/count?filters=%5B%7B%22read%22%3Afalse%7D%5D:0
[ 6824152ms] [ERROR] Failed to load resource: net::ERR_INTERNET_DISCONNECTED @ https://api.dev.novu.boris-software.com/v1/inbox/notifications/count?filters=%5B%7B%22read%22%3Afalse%7D%5D:0
[ 6834353ms] [ERROR] Failed to load resource: net::ERR_INTERNET_DISCONNECTED @ https://api.dev.novu.boris-software.com/v1/inbox/notifications/count?filters=%5B%7B%22read%22%3Afalse%7D%5D:0
[ 6844535ms] [ERROR] Failed to load resource: net::ERR_INTERNET_DISCONNECTED @ https://api.dev.novu.boris-software.com/v1/inbox/notifications/count?filters=%5B%7B%22read%22%3Afalse%7D%5D:0
[ 6854753ms] [ERROR] Failed to load resource: net::ERR_INTERNET_DISCONNECTED @ https://api.dev.novu.boris-software.com/v1/inbox/notifications/count?filters=%5B%7B%22read%22%3Afalse%7D%5D:0
[ 6864924ms] [ERROR] Failed to load resource: net::ERR_INTERNET_DISCONNECTED @ https://api.dev.novu.boris-software.com/v1/inbox/notifications/count?filters=%5B%7B%22read%22%3Afalse%7D%5D:0
[ 6875109ms] [ERROR] Failed to load resource: net::ERR_INTERNET_DISCONNECTED @ https://api.dev.novu.boris-software.com/v1/inbox/notifications/count?filters=%5B%7B%22read%22%3Afalse%7D%5D:0
[ 6885313ms] [ERROR] Failed to load resource: net::ERR_INTERNET_DISCONNECTED @ https://api.dev.novu.boris-software.com/v1/inbox/notifications/count?filters=%5B%7B%22read%22%3Afalse%7D%5D:0
[ 6895507ms] [ERROR] Failed to load resource: net::ERR_INTERNET_DISCONNECTED @ https://api.dev.novu.boris-software.com/v1/inbox/notifications/count?filters=%5B%7B%22read%22%3Afalse%7D%5D:0
[ 6905710ms] [ERROR] Failed to load resource: net::ERR_INTERNET_DISCONNECTED @ https://api.dev.novu.boris-software.com/v1/inbox/notifications/count?filters=%5B%7B%22read%22%3Afalse%7D%5D:0
[ 6915914ms] [ERROR] Failed to load resource: net::ERR_INTERNET_DISCONNECTED @ https://api.dev.novu.boris-software.com/v1/inbox/notifications/count?filters=%5B%7B%22read%22%3Afalse%7D%5D:0
[ 6926101ms] [ERROR] Failed to load resource: net::ERR_INTERNET_DISCONNECTED @ https://api.dev.novu.boris-software.com/v1/inbox/notifications/count?filters=%5B%7B%22read%22%3Afalse%7D%5D:0
[ 6936269ms] [ERROR] Failed to load resource: net::ERR_INTERNET_DISCONNECTED @ https://api.dev.novu.boris-software.com/v1/inbox/notifications/count?filters=%5B%7B%22read%22%3Afalse%7D%5D:0
[ 6946440ms] [ERROR] Failed to load resource: net::ERR_INTERNET_DISCONNECTED @ https://api.dev.novu.boris-software.com/v1/inbox/notifications/count?filters=%5B%7B%22read%22%3Afalse%7D%5D:0
[ 6956616ms] [ERROR] Failed to load resource: net::ERR_INTERNET_DISCONNECTED @ https://api.dev.novu.boris-software.com/v1/inbox/notifications/count?filters=%5B%7B%22read%22%3Afalse%7D%5D:0
[ 6966774ms] [ERROR] Failed to load resource: net::ERR_INTERNET_DISCONNECTED @ https://api.dev.novu.boris-software.com/v1/inbox/notifications/count?filters=%5B%7B%22read%22%3Afalse%7D%5D:0
[ 6976979ms] [ERROR] Failed to load resource: net::ERR_INTERNET_DISCONNECTED @ https://api.dev.novu.boris-software.com/v1/inbox/notifications/count?filters=%5B%7B%22read%22%3Afalse%7D%5D:0
[ 6976980ms] [ERROR] Failed to load resource: net::ERR_INTERNET_DISCONNECTED @ https://api.dev.novu.boris-software.com/v1/inbox/notifications/count?filters=%5B%7B%22read%22%3Afalse%7D%5D:0
[ 6987170ms] [ERROR] Failed to load resource: net::ERR_INTERNET_DISCONNECTED @ https://api.dev.novu.boris-software.com/v1/inbox/notifications/count?filters=%5B%7B%22read%22%3Afalse%7D%5D:0
[ 6997359ms] [ERROR] Failed to load resource: net::ERR_INTERNET_DISCONNECTED @ https://api.dev.novu.boris-software.com/v1/inbox/notifications/count?filters=%5B%7B%22read%22%3Afalse%7D%5D:0
[ 7007550ms] [ERROR] Failed to load resource: net::ERR_INTERNET_DISCONNECTED @ https://api.dev.novu.boris-software.com/v1/inbox/notifications/count?filters=%5B%7B%22read%22%3Afalse%7D%5D:0
[ 7017753ms] [ERROR] Failed to load resource: net::ERR_INTERNET_DISCONNECTED @ https://api.dev.novu.boris-software.com/v1/inbox/notifications/count?filters=%5B%7B%22read%22%3Afalse%7D%5D:0
[ 7027955ms] [ERROR] Failed to load resource: net::ERR_INTERNET_DISCONNECTED @ https://api.dev.novu.boris-software.com/v1/inbox/notifications/count?filters=%5B%7B%22read%22%3Afalse%7D%5D:0
[ 7038162ms] [ERROR] Failed to load resource: net::ERR_INTERNET_DISCONNECTED @ https://api.dev.novu.boris-software.com/v1/inbox/notifications/count?filters=%5B%7B%22read%22%3Afalse%7D%5D:0
[ 7048371ms] [ERROR] Failed to load resource: net::ERR_INTERNET_DISCONNECTED @ https://api.dev.novu.boris-software.com/v1/inbox/notifications/count?filters=%5B%7B%22read%22%3Afalse%7D%5D:0
[ 7058591ms] [ERROR] Failed to load resource: net::ERR_INTERNET_DISCONNECTED @ https://api.dev.novu.boris-software.com/v1/inbox/notifications/count?filters=%5B%7B%22read%22%3Afalse%7D%5D:0
[ 7068801ms] [ERROR] Failed to load resource: net::ERR_INTERNET_DISCONNECTED @ https://api.dev.novu.boris-software.com/v1/inbox/notifications/count?filters=%5B%7B%22read%22%3Afalse%7D%5D:0
[ 7079007ms] [ERROR] Failed to load resource: net::ERR_INTERNET_DISCONNECTED @ https://api.dev.novu.boris-software.com/v1/inbox/notifications/count?filters=%5B%7B%22read%22%3Afalse%7D%5D:0
[ 7089198ms] [ERROR] Failed to load resource: net::ERR_INTERNET_DISCONNECTED @ https://api.dev.novu.boris-software.com/v1/inbox/notifications/count?filters=%5B%7B%22read%22%3Afalse%7D%5D:0
[ 7099372ms] [ERROR] Failed to load resource: net::ERR_INTERNET_DISCONNECTED @ https://api.dev.novu.boris-software.com/v1/inbox/notifications/count?filters=%5B%7B%22read%22%3Afalse%7D%5D:0
[ 7109583ms] [ERROR] Failed to load resource: net::ERR_INTERNET_DISCONNECTED @ https://api.dev.novu.boris-software.com/v1/inbox/notifications/count?filters=%5B%7B%22read%22%3Afalse%7D%5D:0
[ 7119784ms] [ERROR] Failed to load resource: net::ERR_INTERNET_DISCONNECTED @ https://api.dev.novu.boris-software.com/v1/inbox/notifications/count?filters=%5B%7B%22read%22%3Afalse%7D%5D:0
[ 7129969ms] [ERROR] Failed to load resource: net::ERR_INTERNET_DISCONNECTED @ https://api.dev.novu.boris-software.com/v1/inbox/notifications/count?filters=%5B%7B%22read%22%3Afalse%7D%5D:0
[ 7140170ms] [ERROR] Failed to load resource: net::ERR_INTERNET_DISCONNECTED @ https://api.dev.novu.boris-software.com/v1/inbox/notifications/count?filters=%5B%7B%22read%22%3Afalse%7D%5D:0
[ 7140171ms] [ERROR] Failed to load resource: net::ERR_INTERNET_DISCONNECTED @ https://api.dev.novu.boris-software.com/v1/inbox/notifications/count?filters=%5B%7B%22read%22%3Afalse%7D%5D:0
[ 7150365ms] [ERROR] Failed to load resource: net::ERR_INTERNET_DISCONNECTED @ https://api.dev.novu.boris-software.com/v1/inbox/notifications/count?filters=%5B%7B%22read%22%3Afalse%7D%5D:0
[ 7150366ms] [ERROR] Failed to load resource: net::ERR_INTERNET_DISCONNECTED @ https://api.dev.novu.boris-software.com/v1/inbox/notifications/count?filters=%5B%7B%22read%22%3Afalse%7D%5D:0
[ 7167222ms] [ERROR] Failed to load resource: net::ERR_INTERNET_DISCONNECTED @ https://api.dev.novu.boris-software.com/v1/inbox/notifications/count?filters=%5B%7B%22read%22%3Afalse%7D%5D:0
[ 7167223ms] [ERROR] Failed to load resource: net::ERR_INTERNET_DISCONNECTED @ https://api.dev.novu.boris-software.com/v1/inbox/notifications/count?filters=%5B%7B%22read%22%3Afalse%7D%5D:0
[ 7187100ms] [ERROR] Failed to load resource: net::ERR_INTERNET_DISCONNECTED @ https://api.dev.novu.boris-software.com/v1/inbox/notifications/count?filters=%5B%7B%22read%22%3Afalse%7D%5D:0
[ 7187101ms] [ERROR] Failed to load resource: net::ERR_INTERNET_DISCONNECTED @ https://api.dev.novu.boris-software.com/v1/inbox/notifications/count?filters=%5B%7B%22read%22%3Afalse%7D%5D:0
[ 7207098ms] [ERROR] Failed to load resource: net::ERR_INTERNET_DISCONNECTED @ https://api.dev.novu.boris-software.com/v1/inbox/notifications/count?filters=%5B%7B%22read%22%3Afalse%7D%5D:0
[ 7207099ms] [ERROR] Failed to load resource: net::ERR_INTERNET_DISCONNECTED @ https://api.dev.novu.boris-software.com/v1/inbox/notifications/count?filters=%5B%7B%22read%22%3Afalse%7D%5D:0
[ 7227099ms] [ERROR] Failed to load resource: net::ERR_INTERNET_DISCONNECTED @ https://api.dev.novu.boris-software.com/v1/inbox/notifications/count?filters=%5B%7B%22read%22%3Afalse%7D%5D:0
[ 7227100ms] [ERROR] Failed to load resource: net::ERR_INTERNET_DISCONNECTED @ https://api.dev.novu.boris-software.com/v1/inbox/notifications/count?filters=%5B%7B%22read%22%3Afalse%7D%5D:0
[ 7247111ms] [ERROR] Failed to load resource: net::ERR_INTERNET_DISCONNECTED @ https://api.dev.novu.boris-software.com/v1/inbox/notifications/count?filters=%5B%7B%22read%22%3Afalse%7D%5D:0
[ 7247112ms] [ERROR] Failed to load resource: net::ERR_INTERNET_DISCONNECTED @ https://api.dev.novu.boris-software.com/v1/inbox/notifications/count?filters=%5B%7B%22read%22%3Afalse%7D%5D:0
[ 7267103ms] [ERROR] Failed to load resource: net::ERR_INTERNET_DISCONNECTED @ https://api.dev.novu.boris-software.com/v1/inbox/notifications/count?filters=%5B%7B%22read%22%3Afalse%7D%5D:0
[ 7267106ms] [ERROR] Failed to load resource: net::ERR_INTERNET_DISCONNECTED @ https://api.dev.novu.boris-software.com/v1/inbox/notifications/count?filters=%5B%7B%22read%22%3Afalse%7D%5D:0
[ 7287135ms] [ERROR] Failed to load resource: net::ERR_INTERNET_DISCONNECTED @ https://api.dev.novu.boris-software.com/v1/inbox/notifications/count?filters=%5B%7B%22read%22%3Afalse%7D%5D:0
[ 7287136ms] [ERROR] Failed to load resource: net::ERR_INTERNET_DISCONNECTED @ https://api.dev.novu.boris-software.com/v1/inbox/notifications/count?filters=%5B%7B%22read%22%3Afalse%7D%5D:0
[ 7307115ms] [ERROR] Failed to load resource: net::ERR_INTERNET_DISCONNECTED @ https://api.dev.novu.boris-software.com/v1/inbox/notifications/count?filters=%5B%7B%22read%22%3Afalse%7D%5D:0
[ 7307116ms] [ERROR] Failed to load resource: net::ERR_INTERNET_DISCONNECTED @ https://api.dev.novu.boris-software.com/v1/inbox/notifications/count?filters=%5B%7B%22read%22%3Afalse%7D%5D:0
[ 7327093ms] [ERROR] Failed to load resource: net::ERR_INTERNET_DISCONNECTED @ https://api.dev.novu.boris-software.com/v1/inbox/notifications/count?filters=%5B%7B%22read%22%3Afalse%7D%5D:0
[ 7327094ms] [ERROR] Failed to load resource: net::ERR_INTERNET_DISCONNECTED @ https://api.dev.novu.boris-software.com/v1/inbox/notifications/count?filters=%5B%7B%22read%22%3Afalse%7D%5D:0
[ 7347125ms] [ERROR] Failed to load resource: net::ERR_INTERNET_DISCONNECTED @ https://api.dev.novu.boris-software.com/v1/inbox/notifications/count?filters=%5B%7B%22read%22%3Afalse%7D%5D:0
[ 7347126ms] [ERROR] Failed to load resource: net::ERR_INTERNET_DISCONNECTED @ https://api.dev.novu.boris-software.com/v1/inbox/notifications/count?filters=%5B%7B%22read%22%3Afalse%7D%5D:0
[ 7367100ms] [ERROR] Failed to load resource: net::ERR_INTERNET_DISCONNECTED @ https://api.dev.novu.boris-software.com/v1/inbox/notifications/count?filters=%5B%7B%22read%22%3Afalse%7D%5D:0
[ 7367101ms] [ERROR] Failed to load resource: net::ERR_INTERNET_DISCONNECTED @ https://api.dev.novu.boris-software.com/v1/inbox/notifications/count?filters=%5B%7B%22read%22%3Afalse%7D%5D:0
[ 7387112ms] [ERROR] Failed to load resource: net::ERR_INTERNET_DISCONNECTED @ https://api.dev.novu.boris-software.com/v1/inbox/notifications/count?filters=%5B%7B%22read%22%3Afalse%7D%5D:0
[ 7387113ms] [ERROR] Failed to load resource: net::ERR_INTERNET_DISCONNECTED @ https://api.dev.novu.boris-software.com/v1/inbox/notifications/count?filters=%5B%7B%22read%22%3Afalse%7D%5D:0
[ 7396927ms] [ERROR] Failed to load resource: net::ERR_INTERNET_DISCONNECTED @ https://api.dev.novu.boris-software.com/v1/inbox/notifications/count?filters=%5B%7B%22read%22%3Afalse%7D%5D:0
[ 7406931ms] [ERROR] Failed to load resource: net::ERR_INTERNET_DISCONNECTED @ https://api.dev.novu.boris-software.com/v1/inbox/notifications/count?filters=%5B%7B%22read%22%3Afalse%7D%5D:0
[ 7416929ms] [ERROR] Failed to load resource: net::ERR_INTERNET_DISCONNECTED @ https://api.dev.novu.boris-software.com/v1/inbox/notifications/count?filters=%5B%7B%22read%22%3Afalse%7D%5D:0
[ 7426935ms] [ERROR] Failed to load resource: net::ERR_INTERNET_DISCONNECTED @ https://api.dev.novu.boris-software.com/v1/inbox/notifications/count?filters=%5B%7B%22read%22%3Afalse%7D%5D:0
[ 7436942ms] [ERROR] Failed to load resource: net::ERR_INTERNET_DISCONNECTED @ https://api.dev.novu.boris-software.com/v1/inbox/notifications/count?filters=%5B%7B%22read%22%3Afalse%7D%5D:0
[ 7446936ms] [ERROR] Failed to load resource: net::ERR_INTERNET_DISCONNECTED @ https://api.dev.novu.boris-software.com/v1/inbox/notifications/count?filters=%5B%7B%22read%22%3Afalse%7D%5D:0
[ 7456971ms] [ERROR] Failed to load resource: net::ERR_INTERNET_DISCONNECTED @ https://api.dev.novu.boris-software.com/v1/inbox/notifications/count?filters=%5B%7B%22read%22%3Afalse%7D%5D:0
[ 7466937ms] [ERROR] Failed to load resource: net::ERR_INTERNET_DISCONNECTED @ https://api.dev.novu.boris-software.com/v1/inbox/notifications/count?filters=%5B%7B%22read%22%3Afalse%7D%5D:0
[ 7476936ms] [ERROR] Failed to load resource: net::ERR_INTERNET_DISCONNECTED @ https://api.dev.novu.boris-software.com/v1/inbox/notifications/count?filters=%5B%7B%22read%22%3Afalse%7D%5D:0
[ 7486936ms] [ERROR] Failed to load resource: net::ERR_INTERNET_DISCONNECTED @ https://api.dev.novu.boris-software.com/v1/inbox/notifications/count?filters=%5B%7B%22read%22%3Afalse%7D%5D:0
[ 7496952ms] [ERROR] Failed to load resource: net::ERR_INTERNET_DISCONNECTED @ https://api.dev.novu.boris-software.com/v1/inbox/notifications/count?filters=%5B%7B%22read%22%3Afalse%7D%5D:0
[ 7506930ms] [ERROR] Failed to load resource: net::ERR_INTERNET_DISCONNECTED @ https://api.dev.novu.boris-software.com/v1/inbox/notifications/count?filters=%5B%7B%22read%22%3Afalse%7D%5D:0
[ 7516925ms] [ERROR] Failed to load resource: net::ERR_INTERNET_DISCONNECTED @ https://api.dev.novu.boris-software.com/v1/inbox/notifications/count?filters=%5B%7B%22read%22%3Afalse%7D%5D:0
[ 7526930ms] [ERROR] Failed to load resource: net::ERR_INTERNET_DISCONNECTED @ https://api.dev.novu.boris-software.com/v1/inbox/notifications/count?filters=%5B%7B%22read%22%3Afalse%7D%5D:0
[ 7536935ms] [ERROR] Failed to load resource: net::ERR_INTERNET_DISCONNECTED @ https://api.dev.novu.boris-software.com/v1/inbox/notifications/count?filters=%5B%7B%22read%22%3Afalse%7D%5D:0
[ 7546926ms] [ERROR] Failed to load resource: net::ERR_INTERNET_DISCONNECTED @ https://api.dev.novu.boris-software.com/v1/inbox/notifications/count?filters=%5B%7B%22read%22%3Afalse%7D%5D:0
[ 7556930ms] [ERROR] Failed to load resource: net::ERR_INTERNET_DISCONNECTED @ https://api.dev.novu.boris-software.com/v1/inbox/notifications/count?filters=%5B%7B%22read%22%3Afalse%7D%5D:0
[ 7566930ms] [ERROR] Failed to load resource: net::ERR_INTERNET_DISCONNECTED @ https://api.dev.novu.boris-software.com/v1/inbox/notifications/count?filters=%5B%7B%22read%22%3Afalse%7D%5D:0
[ 7576928ms] [ERROR] Failed to load resource: net::ERR_INTERNET_DISCONNECTED @ https://api.dev.novu.boris-software.com/v1/inbox/notifications/count?filters=%5B%7B%22read%22%3Afalse%7D%5D:0
[ 7586926ms] [ERROR] Failed to load resource: net::ERR_INTERNET_DISCONNECTED @ https://api.dev.novu.boris-software.com/v1/inbox/notifications/count?filters=%5B%7B%22read%22%3Afalse%7D%5D:0
[ 7596934ms] [ERROR] Failed to load resource: net::ERR_INTERNET_DISCONNECTED @ https://api.dev.novu.boris-software.com/v1/inbox/notifications/count?filters=%5B%7B%22read%22%3Afalse%7D%5D:0
[ 7606949ms] [ERROR] Failed to load resource: net::ERR_INTERNET_DISCONNECTED @ https://api.dev.novu.boris-software.com/v1/inbox/notifications/count?filters=%5B%7B%22read%22%3Afalse%7D%5D:0
[ 7616927ms] [ERROR] Failed to load resource: net::ERR_INTERNET_DISCONNECTED @ https://api.dev.novu.boris-software.com/v1/inbox/notifications/count?filters=%5B%7B%22read%22%3Afalse%7D%5D:0
[ 7626923ms] [ERROR] Failed to load resource: net::ERR_INTERNET_DISCONNECTED @ https://api.dev.novu.boris-software.com/v1/inbox/notifications/count?filters=%5B%7B%22read%22%3Afalse%7D%5D:0
[ 7636950ms] [ERROR] Failed to load resource: net::ERR_INTERNET_DISCONNECTED @ https://api.dev.novu.boris-software.com/v1/inbox/notifications/count?filters=%5B%7B%22read%22%3Afalse%7D%5D:0
[ 7646933ms] [ERROR] Failed to load resource: net::ERR_INTERNET_DISCONNECTED @ https://api.dev.novu.boris-software.com/v1/inbox/notifications/count?filters=%5B%7B%22read%22%3Afalse%7D%5D:0
[ 7656936ms] [ERROR] Failed to load resource: net::ERR_INTERNET_DISCONNECTED @ https://api.dev.novu.boris-software.com/v1/inbox/notifications/count?filters=%5B%7B%22read%22%3Afalse%7D%5D:0
[ 7666937ms] [ERROR] Failed to load resource: net::ERR_INTERNET_DISCONNECTED @ https://api.dev.novu.boris-software.com/v1/inbox/notifications/count?filters=%5B%7B%22read%22%3Afalse%7D%5D:0
[ 7676922ms] [ERROR] Failed to load resource: net::ERR_INTERNET_DISCONNECTED @ https://api.dev.novu.boris-software.com/v1/inbox/notifications/count?filters=%5B%7B%22read%22%3Afalse%7D%5D:0
[ 7686927ms] [ERROR] Failed to load resource: net::ERR_INTERNET_DISCONNECTED @ https://api.dev.novu.boris-software.com/v1/inbox/notifications/count?filters=%5B%7B%22read%22%3Afalse%7D%5D:0
[ 7696952ms] [ERROR] Failed to load resource: net::ERR_INTERNET_DISCONNECTED @ https://api.dev.novu.boris-software.com/v1/inbox/notifications/count?filters=%5B%7B%22read%22%3Afalse%7D%5D:0
[ 7706961ms] [ERROR] Failed to load resource: net::ERR_INTERNET_DISCONNECTED @ https://api.dev.novu.boris-software.com/v1/inbox/notifications/count?filters=%5B%7B%22read%22%3Afalse%7D%5D:0
[ 7716937ms] [ERROR] Failed to load resource: net::ERR_INTERNET_DISCONNECTED @ https://api.dev.novu.boris-software.com/v1/inbox/notifications/count?filters=%5B%7B%22read%22%3Afalse%7D%5D:0
[ 7726944ms] [ERROR] Failed to load resource: net::ERR_INTERNET_DISCONNECTED @ https://api.dev.novu.boris-software.com/v1/inbox/notifications/count?filters=%5B%7B%22read%22%3Afalse%7D%5D:0
[ 7736946ms] [ERROR] Failed to load resource: net::ERR_INTERNET_DISCONNECTED @ https://api.dev.novu.boris-software.com/v1/inbox/notifications/count?filters=%5B%7B%22read%22%3Afalse%7D%5D:0
[ 7746952ms] [ERROR] Failed to load resource: net::ERR_INTERNET_DISCONNECTED @ https://api.dev.novu.boris-software.com/v1/inbox/notifications/count?filters=%5B%7B%22read%22%3Afalse%7D%5D:0
[ 7756925ms] [ERROR] Failed to load resource: net::ERR_INTERNET_DISCONNECTED @ https://api.dev.novu.boris-software.com/v1/inbox/notifications/count?filters=%5B%7B%22read%22%3Afalse%7D%5D:0
[ 7766942ms] [ERROR] Failed to load resource: net::ERR_INTERNET_DISCONNECTED @ https://api.dev.novu.boris-software.com/v1/inbox/notifications/count?filters=%5B%7B%22read%22%3Afalse%7D%5D:0
[ 7776939ms] [ERROR] Failed to load resource: net::ERR_INTERNET_DISCONNECTED @ https://api.dev.novu.boris-software.com/v1/inbox/notifications/count?filters=%5B%7B%22read%22%3Afalse%7D%5D:0
[ 7786957ms] [ERROR] Failed to load resource: net::ERR_INTERNET_DISCONNECTED @ https://api.dev.novu.boris-software.com/v1/inbox/notifications/count?filters=%5B%7B%22read%22%3Afalse%7D%5D:0
[ 7796930ms] [ERROR] Failed to load resource: net::ERR_INTERNET_DISCONNECTED @ https://api.dev.novu.boris-software.com/v1/inbox/notifications/count?filters=%5B%7B%22read%22%3Afalse%7D%5D:0
[ 7806927ms] [ERROR] Failed to load resource: net::ERR_INTERNET_DISCONNECTED @ https://api.dev.novu.boris-software.com/v1/inbox/notifications/count?filters=%5B%7B%22read%22%3Afalse%7D%5D:0
[ 7816927ms] [ERROR] Failed to load resource: net::ERR_INTERNET_DISCONNECTED @ https://api.dev.novu.boris-software.com/v1/inbox/notifications/count?filters=%5B%7B%22read%22%3Afalse%7D%5D:0
[ 7826926ms] [ERROR] Failed to load resource: net::ERR_INTERNET_DISCONNECTED @ https://api.dev.novu.boris-software.com/v1/inbox/notifications/count?filters=%5B%7B%22read%22%3Afalse%7D%5D:0
[ 7836946ms] [ERROR] Failed to load resource: net::ERR_INTERNET_DISCONNECTED @ https://api.dev.novu.boris-software.com/v1/inbox/notifications/count?filters=%5B%7B%22read%22%3Afalse%7D%5D:0
[ 7846926ms] [ERROR] Failed to load resource: net::ERR_INTERNET_DISCONNECTED @ https://api.dev.novu.boris-software.com/v1/inbox/notifications/count?filters=%5B%7B%22read%22%3Afalse%7D%5D:0
[ 7856938ms] [ERROR] Failed to load resource: net::ERR_INTERNET_DISCONNECTED @ https://api.dev.novu.boris-software.com/v1/inbox/notifications/count?filters=%5B%7B%22read%22%3Afalse%7D%5D:0
[ 7866932ms] [ERROR] Failed to load resource: net::ERR_INTERNET_DISCONNECTED @ https://api.dev.novu.boris-software.com/v1/inbox/notifications/count?filters=%5B%7B%22read%22%3Afalse%7D%5D:0
[ 7876950ms] [ERROR] Failed to load resource: net::ERR_INTERNET_DISCONNECTED @ https://api.dev.novu.boris-software.com/v1/inbox/notifications/count?filters=%5B%7B%22read%22%3Afalse%7D%5D:0
[ 7886944ms] [ERROR] Failed to load resource: net::ERR_INTERNET_DISCONNECTED @ https://api.dev.novu.boris-software.com/v1/inbox/notifications/count?filters=%5B%7B%22read%22%3Afalse%7D%5D:0
[ 7896927ms] [ERROR] Failed to load resource: net::ERR_INTERNET_DISCONNECTED @ https://api.dev.novu.boris-software.com/v1/inbox/notifications/count?filters=%5B%7B%22read%22%3Afalse%7D%5D:0
[ 7906962ms] [ERROR] Failed to load resource: net::ERR_INTERNET_DISCONNECTED @ https://api.dev.novu.boris-software.com/v1/inbox/notifications/count?filters=%5B%7B%22read%22%3Afalse%7D%5D:0
[ 7916939ms] [ERROR] Failed to load resource: net::ERR_INTERNET_DISCONNECTED @ https://api.dev.novu.boris-software.com/v1/inbox/notifications/count?filters=%5B%7B%22read%22%3Afalse%7D%5D:0
[ 7926929ms] [ERROR] Failed to load resource: net::ERR_INTERNET_DISCONNECTED @ https://api.dev.novu.boris-software.com/v1/inbox/notifications/count?filters=%5B%7B%22read%22%3Afalse%7D%5D:0
[ 7936942ms] [ERROR] Failed to load resource: net::ERR_INTERNET_DISCONNECTED @ https://api.dev.novu.boris-software.com/v1/inbox/notifications/count?filters=%5B%7B%22read%22%3Afalse%7D%5D:0
[ 7946965ms] [ERROR] Failed to load resource: net::ERR_INTERNET_DISCONNECTED @ https://api.dev.novu.boris-software.com/v1/inbox/notifications/count?filters=%5B%7B%22read%22%3Afalse%7D%5D:0
[ 7956939ms] [ERROR] Failed to load resource: net::ERR_INTERNET_DISCONNECTED @ https://api.dev.novu.boris-software.com/v1/inbox/notifications/count?filters=%5B%7B%22read%22%3Afalse%7D%5D:0
[ 7966929ms] [ERROR] Failed to load resource: net::ERR_INTERNET_DISCONNECTED @ https://api.dev.novu.boris-software.com/v1/inbox/notifications/count?filters=%5B%7B%22read%22%3Afalse%7D%5D:0
[ 7976959ms] [ERROR] Failed to load resource: net::ERR_INTERNET_DISCONNECTED @ https://api.dev.novu.boris-software.com/v1/inbox/notifications/count?filters=%5B%7B%22read%22%3Afalse%7D%5D:0
[ 7986933ms] [ERROR] Failed to load resource: net::ERR_INTERNET_DISCONNECTED @ https://api.dev.novu.boris-software.com/v1/inbox/notifications/count?filters=%5B%7B%22read%22%3Afalse%7D%5D:0
[ 7996941ms] [ERROR] Failed to load resource: net::ERR_INTERNET_DISCONNECTED @ https://api.dev.novu.boris-software.com/v1/inbox/notifications/count?filters=%5B%7B%22read%22%3Afalse%7D%5D:0
[ 8007002ms] [ERROR] Failed to load resource: net::ERR_INTERNET_DISCONNECTED @ https://api.dev.novu.boris-software.com/v1/inbox/notifications/count?filters=%5B%7B%22read%22%3Afalse%7D%5D:0
[ 8016936ms] [ERROR] Failed to load resource: net::ERR_INTERNET_DISCONNECTED @ https://api.dev.novu.boris-software.com/v1/inbox/notifications/count?filters=%5B%7B%22read%22%3Afalse%7D%5D:0
[ 8026926ms] [ERROR] Failed to load resource: net::ERR_INTERNET_DISCONNECTED @ https://api.dev.novu.boris-software.com/v1/inbox/notifications/count?filters=%5B%7B%22read%22%3Afalse%7D%5D:0
[ 8036931ms] [ERROR] Failed to load resource: net::ERR_INTERNET_DISCONNECTED @ https://api.dev.novu.boris-software.com/v1/inbox/notifications/count?filters=%5B%7B%22read%22%3Afalse%7D%5D:0
[ 8046923ms] [ERROR] Failed to load resource: net::ERR_INTERNET_DISCONNECTED @ https://api.dev.novu.boris-software.com/v1/inbox/notifications/count?filters=%5B%7B%22read%22%3Afalse%7D%5D:0
[ 8056930ms] [ERROR] Failed to load resource: net::ERR_INTERNET_DISCONNECTED @ https://api.dev.novu.boris-software.com/v1/inbox/notifications/count?filters=%5B%7B%22read%22%3Afalse%7D%5D:0
[ 8066938ms] [ERROR] Failed to load resource: net::ERR_INTERNET_DISCONNECTED @ https://api.dev.novu.boris-software.com/v1/inbox/notifications/count?filters=%5B%7B%22read%22%3Afalse%7D%5D:0
[ 8076930ms] [ERROR] Failed to load resource: net::ERR_INTERNET_DISCONNECTED @ https://api.dev.novu.boris-software.com/v1/inbox/notifications/count?filters=%5B%7B%22read%22%3Afalse%7D%5D:0
[ 8086940ms] [ERROR] Failed to load resource: net::ERR_INTERNET_DISCONNECTED @ https://api.dev.novu.boris-software.com/v1/inbox/notifications/count?filters=%5B%7B%22read%22%3Afalse%7D%5D:0
[ 8096939ms] [ERROR] Failed to load resource: net::ERR_INTERNET_DISCONNECTED @ https://api.dev.novu.boris-software.com/v1/inbox/notifications/count?filters=%5B%7B%22read%22%3Afalse%7D%5D:0
[ 8106947ms] [ERROR] Failed to load resource: net::ERR_INTERNET_DISCONNECTED @ https://api.dev.novu.boris-software.com/v1/inbox/notifications/count?filters=%5B%7B%22read%22%3Afalse%7D%5D:0
[ 8116932ms] [ERROR] Failed to load resource: net::ERR_INTERNET_DISCONNECTED @ https://api.dev.novu.boris-software.com/v1/inbox/notifications/count?filters=%5B%7B%22read%22%3Afalse%7D%5D:0
[ 8126932ms] [ERROR] Failed to load resource: net::ERR_INTERNET_DISCONNECTED @ https://api.dev.novu.boris-software.com/v1/inbox/notifications/count?filters=%5B%7B%22read%22%3Afalse%7D%5D:0
[ 8136938ms] [ERROR] Failed to load resource: net::ERR_INTERNET_DISCONNECTED @ https://api.dev.novu.boris-software.com/v1/inbox/notifications/count?filters=%5B%7B%22read%22%3Afalse%7D%5D:0
[ 8146936ms] [ERROR] Failed to load resource: net::ERR_INTERNET_DISCONNECTED @ https://api.dev.novu.boris-software.com/v1/inbox/notifications/count?filters=%5B%7B%22read%22%3Afalse%7D%5D:0
[ 8156930ms] [ERROR] Failed to load resource: net::ERR_INTERNET_DISCONNECTED @ https://api.dev.novu.boris-software.com/v1/inbox/notifications/count?filters=%5B%7B%22read%22%3Afalse%7D%5D:0
[ 8166943ms] [ERROR] Failed to load resource: net::ERR_INTERNET_DISCONNECTED @ https://api.dev.novu.boris-software.com/v1/inbox/notifications/count?filters=%5B%7B%22read%22%3Afalse%7D%5D:0
[ 8176929ms] [ERROR] Failed to load resource: net::ERR_INTERNET_DISCONNECTED @ https://api.dev.novu.boris-software.com/v1/inbox/notifications/count?filters=%5B%7B%22read%22%3Afalse%7D%5D:0
[ 8186949ms] [ERROR] Failed to load resource: net::ERR_INTERNET_DISCONNECTED @ https://api.dev.novu.boris-software.com/v1/inbox/notifications/count?filters=%5B%7B%22read%22%3Afalse%7D%5D:0
[ 8196928ms] [ERROR] Failed to load resource: net::ERR_INTERNET_DISCONNECTED @ https://api.dev.novu.boris-software.com/v1/inbox/notifications/count?filters=%5B%7B%22read%22%3Afalse%7D%5D:0
[ 8206929ms] [ERROR] Failed to load resource: net::ERR_INTERNET_DISCONNECTED @ https://api.dev.novu.boris-software.com/v1/inbox/notifications/count?filters=%5B%7B%22read%22%3Afalse%7D%5D:0
[ 8216925ms] [ERROR] Failed to load resource: net::ERR_INTERNET_DISCONNECTED @ https://api.dev.novu.boris-software.com/v1/inbox/notifications/count?filters=%5B%7B%22read%22%3Afalse%7D%5D:0
[ 8226929ms] [ERROR] Failed to load resource: net::ERR_INTERNET_DISCONNECTED @ https://api.dev.novu.boris-software.com/v1/inbox/notifications/count?filters=%5B%7B%22read%22%3Afalse%7D%5D:0
[ 8236942ms] [ERROR] Failed to load resource: net::ERR_INTERNET_DISCONNECTED @ https://api.dev.novu.boris-software.com/v1/inbox/notifications/count?filters=%5B%7B%22read%22%3Afalse%7D%5D:0
[ 8246933ms] [ERROR] Failed to load resource: net::ERR_INTERNET_DISCONNECTED @ https://api.dev.novu.boris-software.com/v1/inbox/notifications/count?filters=%5B%7B%22read%22%3Afalse%7D%5D:0
[ 8256937ms] [ERROR] Failed to load resource: net::ERR_INTERNET_DISCONNECTED @ https://api.dev.novu.boris-software.com/v1/inbox/notifications/count?filters=%5B%7B%22read%22%3Afalse%7D%5D:0
[ 8266935ms] [ERROR] Failed to load resource: net::ERR_INTERNET_DISCONNECTED @ https://api.dev.novu.boris-software.com/v1/inbox/notifications/count?filters=%5B%7B%22read%22%3Afalse%7D%5D:0
[ 8276936ms] [ERROR] Failed to load resource: net::ERR_INTERNET_DISCONNECTED @ https://api.dev.novu.boris-software.com/v1/inbox/notifications/count?filters=%5B%7B%22read%22%3Afalse%7D%5D:0
[ 8286938ms] [ERROR] Failed to load resource: net::ERR_INTERNET_DISCONNECTED @ https://api.dev.novu.boris-software.com/v1/inbox/notifications/count?filters=%5B%7B%22read%22%3Afalse%7D%5D:0
[ 8296940ms] [ERROR] Failed to load resource: net::ERR_INTERNET_DISCONNECTED @ https://api.dev.novu.boris-software.com/v1/inbox/notifications/count?filters=%5B%7B%22read%22%3Afalse%7D%5D:0
[ 8306934ms] [ERROR] Failed to load resource: net::ERR_INTERNET_DISCONNECTED @ https://api.dev.novu.boris-software.com/v1/inbox/notifications/count?filters=%5B%7B%22read%22%3Afalse%7D%5D:0
[ 8316939ms] [ERROR] Failed to load resource: net::ERR_INTERNET_DISCONNECTED @ https://api.dev.novu.boris-software.com/v1/inbox/notifications/count?filters=%5B%7B%22read%22%3Afalse%7D%5D:0
[ 8326961ms] [ERROR] Failed to load resource: net::ERR_INTERNET_DISCONNECTED @ https://api.dev.novu.boris-software.com/v1/inbox/notifications/count?filters=%5B%7B%22read%22%3Afalse%7D%5D:0
[ 8336936ms] [ERROR] Failed to load resource: net::ERR_INTERNET_DISCONNECTED @ https://api.dev.novu.boris-software.com/v1/inbox/notifications/count?filters=%5B%7B%22read%22%3Afalse%7D%5D:0
[ 8346937ms] [ERROR] Failed to load resource: net::ERR_INTERNET_DISCONNECTED @ https://api.dev.novu.boris-software.com/v1/inbox/notifications/count?filters=%5B%7B%22read%22%3Afalse%7D%5D:0
[ 8356925ms] [ERROR] Failed to load resource: net::ERR_INTERNET_DISCONNECTED @ https://api.dev.novu.boris-software.com/v1/inbox/notifications/count?filters=%5B%7B%22read%22%3Afalse%7D%5D:0
[ 8366929ms] [ERROR] Failed to load resource: net::ERR_INTERNET_DISCONNECTED @ https://api.dev.novu.boris-software.com/v1/inbox/notifications/count?filters=%5B%7B%22read%22%3Afalse%7D%5D:0
[ 8376934ms] [ERROR] Failed to load resource: net::ERR_INTERNET_DISCONNECTED @ https://api.dev.novu.boris-software.com/v1/inbox/notifications/count?filters=%5B%7B%22read%22%3Afalse%7D%5D:0
[ 8386933ms] [ERROR] Failed to load resource: net::ERR_INTERNET_DISCONNECTED @ https://api.dev.novu.boris-software.com/v1/inbox/notifications/count?filters=%5B%7B%22read%22%3Afalse%7D%5D:0
[ 8396925ms] [ERROR] Failed to load resource: net::ERR_INTERNET_DISCONNECTED @ https://api.dev.novu.boris-software.com/v1/inbox/notifications/count?filters=%5B%7B%22read%22%3Afalse%7D%5D:0
[ 8406939ms] [ERROR] Failed to load resource: net::ERR_INTERNET_DISCONNECTED @ https://api.dev.novu.boris-software.com/v1/inbox/notifications/count?filters=%5B%7B%22read%22%3Afalse%7D%5D:0
[ 8416942ms] [ERROR] Failed to load resource: net::ERR_INTERNET_DISCONNECTED @ https://api.dev.novu.boris-software.com/v1/inbox/notifications/count?filters=%5B%7B%22read%22%3Afalse%7D%5D:0
[ 8426929ms] [ERROR] Failed to load resource: net::ERR_INTERNET_DISCONNECTED @ https://api.dev.novu.boris-software.com/v1/inbox/notifications/count?filters=%5B%7B%22read%22%3Afalse%7D%5D:0
[ 8436940ms] [ERROR] Failed to load resource: net::ERR_INTERNET_DISCONNECTED @ https://api.dev.novu.boris-software.com/v1/inbox/notifications/count?filters=%5B%7B%22read%22%3Afalse%7D%5D:0
[ 8446925ms] [ERROR] Failed to load resource: net::ERR_INTERNET_DISCONNECTED @ https://api.dev.novu.boris-software.com/v1/inbox/notifications/count?filters=%5B%7B%22read%22%3Afalse%7D%5D:0
[ 8456931ms] [ERROR] Failed to load resource: net::ERR_INTERNET_DISCONNECTED @ https://api.dev.novu.boris-software.com/v1/inbox/notifications/count?filters=%5B%7B%22read%22%3Afalse%7D%5D:0
[ 8466944ms] [ERROR] Failed to load resource: net::ERR_INTERNET_DISCONNECTED @ https://api.dev.novu.boris-software.com/v1/inbox/notifications/count?filters=%5B%7B%22read%22%3Afalse%7D%5D:0
[ 8476938ms] [ERROR] Failed to load resource: net::ERR_INTERNET_DISCONNECTED @ https://api.dev.novu.boris-software.com/v1/inbox/notifications/count?filters=%5B%7B%22read%22%3Afalse%7D%5D:0
[ 8486929ms] [ERROR] Failed to load resource: net::ERR_INTERNET_DISCONNECTED @ https://api.dev.novu.boris-software.com/v1/inbox/notifications/count?filters=%5B%7B%22read%22%3Afalse%7D%5D:0
[ 8496935ms] [ERROR] Failed to load resource: net::ERR_INTERNET_DISCONNECTED @ https://api.dev.novu.boris-software.com/v1/inbox/notifications/count?filters=%5B%7B%22read%22%3Afalse%7D%5D:0
[ 8506927ms] [ERROR] Failed to load resource: net::ERR_INTERNET_DISCONNECTED @ https://api.dev.novu.boris-software.com/v1/inbox/notifications/count?filters=%5B%7B%22read%22%3Afalse%7D%5D:0
[ 8516975ms] [ERROR] Failed to load resource: net::ERR_INTERNET_DISCONNECTED @ https://api.dev.novu.boris-software.com/v1/inbox/notifications/count?filters=%5B%7B%22read%22%3Afalse%7D%5D:0
[ 8527001ms] [ERROR] Failed to load resource: net::ERR_INTERNET_DISCONNECTED @ https://api.dev.novu.boris-software.com/v1/inbox/notifications/count?filters=%5B%7B%22read%22%3Afalse%7D%5D:0
[ 8536931ms] [ERROR] Failed to load resource: net::ERR_INTERNET_DISCONNECTED @ https://api.dev.novu.boris-software.com/v1/inbox/notifications/count?filters=%5B%7B%22read%22%3Afalse%7D%5D:0
[ 8546933ms] [ERROR] Failed to load resource: net::ERR_INTERNET_DISCONNECTED @ https://api.dev.novu.boris-software.com/v1/inbox/notifications/count?filters=%5B%7B%22read%22%3Afalse%7D%5D:0
[ 8556928ms] [ERROR] Failed to load resource: net::ERR_INTERNET_DISCONNECTED @ https://api.dev.novu.boris-software.com/v1/inbox/notifications/count?filters=%5B%7B%22read%22%3Afalse%7D%5D:0
[ 8566928ms] [ERROR] Failed to load resource: net::ERR_INTERNET_DISCONNECTED @ https://api.dev.novu.boris-software.com/v1/inbox/notifications/count?filters=%5B%7B%22read%22%3Afalse%7D%5D:0
[ 8576934ms] [ERROR] Failed to load resource: net::ERR_INTERNET_DISCONNECTED @ https://api.dev.novu.boris-software.com/v1/inbox/notifications/count?filters=%5B%7B%22read%22%3Afalse%7D%5D:0
[ 8586928ms] [ERROR] Failed to load resource: net::ERR_INTERNET_DISCONNECTED @ https://api.dev.novu.boris-software.com/v1/inbox/notifications/count?filters=%5B%7B%22read%22%3Afalse%7D%5D:0
[ 8596939ms] [ERROR] Failed to load resource: net::ERR_INTERNET_DISCONNECTED @ https://api.dev.novu.boris-software.com/v1/inbox/notifications/count?filters=%5B%7B%22read%22%3Afalse%7D%5D:0
[ 8606926ms] [ERROR] Failed to load resource: net::ERR_INTERNET_DISCONNECTED @ https://api.dev.novu.boris-software.com/v1/inbox/notifications/count?filters=%5B%7B%22read%22%3Afalse%7D%5D:0
[ 8616926ms] [ERROR] Failed to load resource: net::ERR_INTERNET_DISCONNECTED @ https://api.dev.novu.boris-software.com/v1/inbox/notifications/count?filters=%5B%7B%22read%22%3Afalse%7D%5D:0
[ 8626935ms] [ERROR] Failed to load resource: net::ERR_INTERNET_DISCONNECTED @ https://api.dev.novu.boris-software.com/v1/inbox/notifications/count?filters=%5B%7B%22read%22%3Afalse%7D%5D:0
[ 8636931ms] [ERROR] Failed to load resource: net::ERR_INTERNET_DISCONNECTED @ https://api.dev.novu.boris-software.com/v1/inbox/notifications/count?filters=%5B%7B%22read%22%3Afalse%7D%5D:0
[ 8646940ms] [ERROR] Failed to load resource: net::ERR_INTERNET_DISCONNECTED @ https://api.dev.novu.boris-software.com/v1/inbox/notifications/count?filters=%5B%7B%22read%22%3Afalse%7D%5D:0
[ 8656936ms] [ERROR] Failed to load resource: net::ERR_INTERNET_DISCONNECTED @ https://api.dev.novu.boris-software.com/v1/inbox/notifications/count?filters=%5B%7B%22read%22%3Afalse%7D%5D:0
[ 8666943ms] [ERROR] Failed to load resource: net::ERR_INTERNET_DISCONNECTED @ https://api.dev.novu.boris-software.com/v1/inbox/notifications/count?filters=%5B%7B%22read%22%3Afalse%7D%5D:0
[ 8676930ms] [ERROR] Failed to load resource: net::ERR_INTERNET_DISCONNECTED @ https://api.dev.novu.boris-software.com/v1/inbox/notifications/count?filters=%5B%7B%22read%22%3Afalse%7D%5D:0
[ 8686951ms] [ERROR] Failed to load resource: net::ERR_INTERNET_DISCONNECTED @ https://api.dev.novu.boris-software.com/v1/inbox/notifications/count?filters=%5B%7B%22read%22%3Afalse%7D%5D:0
[ 8696932ms] [ERROR] Failed to load resource: net::ERR_INTERNET_DISCONNECTED @ https://api.dev.novu.boris-software.com/v1/inbox/notifications/count?filters=%5B%7B%22read%22%3Afalse%7D%5D:0
[ 8706940ms] [ERROR] Failed to load resource: net::ERR_INTERNET_DISCONNECTED @ https://api.dev.novu.boris-software.com/v1/inbox/notifications/count?filters=%5B%7B%22read%22%3Afalse%7D%5D:0
[ 8716932ms] [ERROR] Failed to load resource: net::ERR_INTERNET_DISCONNECTED @ https://api.dev.novu.boris-software.com/v1/inbox/notifications/count?filters=%5B%7B%22read%22%3Afalse%7D%5D:0
[ 8726931ms] [ERROR] Failed to load resource: net::ERR_INTERNET_DISCONNECTED @ https://api.dev.novu.boris-software.com/v1/inbox/notifications/count?filters=%5B%7B%22read%22%3Afalse%7D%5D:0
[ 8736936ms] [ERROR] Failed to load resource: net::ERR_INTERNET_DISCONNECTED @ https://api.dev.novu.boris-software.com/v1/inbox/notifications/count?filters=%5B%7B%22read%22%3Afalse%7D%5D:0
[ 8746930ms] [ERROR] Failed to load resource: net::ERR_INTERNET_DISCONNECTED @ https://api.dev.novu.boris-software.com/v1/inbox/notifications/count?filters=%5B%7B%22read%22%3Afalse%7D%5D:0
[ 8756926ms] [ERROR] Failed to load resource: net::ERR_INTERNET_DISCONNECTED @ https://api.dev.novu.boris-software.com/v1/inbox/notifications/count?filters=%5B%7B%22read%22%3Afalse%7D%5D:0
[ 8766935ms] [ERROR] Failed to load resource: net::ERR_INTERNET_DISCONNECTED @ https://api.dev.novu.boris-software.com/v1/inbox/notifications/count?filters=%5B%7B%22read%22%3Afalse%7D%5D:0
[ 8776927ms] [ERROR] Failed to load resource: net::ERR_INTERNET_DISCONNECTED @ https://api.dev.novu.boris-software.com/v1/inbox/notifications/count?filters=%5B%7B%22read%22%3Afalse%7D%5D:0
[ 8786929ms] [ERROR] Failed to load resource: net::ERR_INTERNET_DISCONNECTED @ https://api.dev.novu.boris-software.com/v1/inbox/notifications/count?filters=%5B%7B%22read%22%3Afalse%7D%5D:0
[ 8796938ms] [ERROR] Failed to load resource: net::ERR_INTERNET_DISCONNECTED @ https://api.dev.novu.boris-software.com/v1/inbox/notifications/count?filters=%5B%7B%22read%22%3Afalse%7D%5D:0
[ 8806934ms] [ERROR] Failed to load resource: net::ERR_INTERNET_DISCONNECTED @ https://api.dev.novu.boris-software.com/v1/inbox/notifications/count?filters=%5B%7B%22read%22%3Afalse%7D%5D:0
[ 8816932ms] [ERROR] Failed to load resource: net::ERR_INTERNET_DISCONNECTED @ https://api.dev.novu.boris-software.com/v1/inbox/notifications/count?filters=%5B%7B%22read%22%3Afalse%7D%5D:0
[ 8826926ms] [ERROR] Failed to load resource: net::ERR_INTERNET_DISCONNECTED @ https://api.dev.novu.boris-software.com/v1/inbox/notifications/count?filters=%5B%7B%22read%22%3Afalse%7D%5D:0
[ 8836937ms] [ERROR] Failed to load resource: net::ERR_INTERNET_DISCONNECTED @ https://api.dev.novu.boris-software.com/v1/inbox/notifications/count?filters=%5B%7B%22read%22%3Afalse%7D%5D:0
[ 8846932ms] [ERROR] Failed to load resource: net::ERR_INTERNET_DISCONNECTED @ https://api.dev.novu.boris-software.com/v1/inbox/notifications/count?filters=%5B%7B%22read%22%3Afalse%7D%5D:0
[ 8856931ms] [ERROR] Failed to load resource: net::ERR_INTERNET_DISCONNECTED @ https://api.dev.novu.boris-software.com/v1/inbox/notifications/count?filters=%5B%7B%22read%22%3Afalse%7D%5D:0
[ 8866927ms] [ERROR] Failed to load resource: net::ERR_INTERNET_DISCONNECTED @ https://api.dev.novu.boris-software.com/v1/inbox/notifications/count?filters=%5B%7B%22read%22%3Afalse%7D%5D:0
[ 8876940ms] [ERROR] Failed to load resource: net::ERR_INTERNET_DISCONNECTED @ https://api.dev.novu.boris-software.com/v1/inbox/notifications/count?filters=%5B%7B%22read%22%3Afalse%7D%5D:0
[ 8886932ms] [ERROR] Failed to load resource: net::ERR_INTERNET_DISCONNECTED @ https://api.dev.novu.boris-software.com/v1/inbox/notifications/count?filters=%5B%7B%22read%22%3Afalse%7D%5D:0
[ 8896951ms] [ERROR] Failed to load resource: net::ERR_INTERNET_DISCONNECTED @ https://api.dev.novu.boris-software.com/v1/inbox/notifications/count?filters=%5B%7B%22read%22%3Afalse%7D%5D:0
[ 8906939ms] [ERROR] Failed to load resource: net::ERR_INTERNET_DISCONNECTED @ https://api.dev.novu.boris-software.com/v1/inbox/notifications/count?filters=%5B%7B%22read%22%3Afalse%7D%5D:0
[ 8916928ms] [ERROR] Failed to load resource: net::ERR_INTERNET_DISCONNECTED @ https://api.dev.novu.boris-software.com/v1/inbox/notifications/count?filters=%5B%7B%22read%22%3Afalse%7D%5D:0
[ 8926937ms] [ERROR] Failed to load resource: net::ERR_INTERNET_DISCONNECTED @ https://api.dev.novu.boris-software.com/v1/inbox/notifications/count?filters=%5B%7B%22read%22%3Afalse%7D%5D:0
[ 8936928ms] [ERROR] Failed to load resource: net::ERR_INTERNET_DISCONNECTED @ https://api.dev.novu.boris-software.com/v1/inbox/notifications/count?filters=%5B%7B%22read%22%3Afalse%7D%5D:0
[ 8946961ms] [ERROR] Failed to load resource: net::ERR_INTERNET_DISCONNECTED @ https://api.dev.novu.boris-software.com/v1/inbox/notifications/count?filters=%5B%7B%22read%22%3Afalse%7D%5D:0
[ 8956927ms] [ERROR] Failed to load resource: net::ERR_INTERNET_DISCONNECTED @ https://api.dev.novu.boris-software.com/v1/inbox/notifications/count?filters=%5B%7B%22read%22%3Afalse%7D%5D:0
[ 8966932ms] [ERROR] Failed to load resource: net::ERR_INTERNET_DISCONNECTED @ https://api.dev.novu.boris-software.com/v1/inbox/notifications/count?filters=%5B%7B%22read%22%3Afalse%7D%5D:0
[ 8976934ms] [ERROR] Failed to load resource: net::ERR_INTERNET_DISCONNECTED @ https://api.dev.novu.boris-software.com/v1/inbox/notifications/count?filters=%5B%7B%22read%22%3Afalse%7D%5D:0
[ 8986931ms] [ERROR] Failed to load resource: net::ERR_INTERNET_DISCONNECTED @ https://api.dev.novu.boris-software.com/v1/inbox/notifications/count?filters=%5B%7B%22read%22%3Afalse%7D%5D:0
[ 8996936ms] [ERROR] Failed to load resource: net::ERR_INTERNET_DISCONNECTED @ https://api.dev.novu.boris-software.com/v1/inbox/notifications/count?filters=%5B%7B%22read%22%3Afalse%7D%5D:0
[ 9006927ms] [ERROR] Failed to load resource: net::ERR_INTERNET_DISCONNECTED @ https://api.dev.novu.boris-software.com/v1/inbox/notifications/count?filters=%5B%7B%22read%22%3Afalse%7D%5D:0
[ 9016930ms] [ERROR] Failed to load resource: net::ERR_INTERNET_DISCONNECTED @ https://api.dev.novu.boris-software.com/v1/inbox/notifications/count?filters=%5B%7B%22read%22%3Afalse%7D%5D:0
[ 9026939ms] [ERROR] Failed to load resource: net::ERR_INTERNET_DISCONNECTED @ https://api.dev.novu.boris-software.com/v1/inbox/notifications/count?filters=%5B%7B%22read%22%3Afalse%7D%5D:0
[ 9036932ms] [ERROR] Failed to load resource: net::ERR_INTERNET_DISCONNECTED @ https://api.dev.novu.boris-software.com/v1/inbox/notifications/count?filters=%5B%7B%22read%22%3Afalse%7D%5D:0
[ 9046942ms] [ERROR] Failed to load resource: net::ERR_INTERNET_DISCONNECTED @ https://api.dev.novu.boris-software.com/v1/inbox/notifications/count?filters=%5B%7B%22read%22%3Afalse%7D%5D:0
