[    8527ms] [ERROR] Failed to load resource: the server responded with a status of 404 () @ https://api.staging.obodux.boris-software.com/api/risk-management/8fccee47-b8ae-4e4f-97f8-86d223b8d121/4:0
[    8756ms] [ERROR] Failed to load resource: the server responded with a status of 404 () @ https://api.staging.obodux.boris-software.com/api/design/8fccee47-b8ae-4e4f-97f8-86d223b8d121/1:0
[    8763ms] [ERROR] Failed to load resource: the server responded with a status of 404 () @ https://api.staging.obodux.boris-software.com/api/checklist/8fccee47-b8ae-4e4f-97f8-86d223b8d121/2:0
[    8916ms] [ERROR] Failed to load resource: the server responded with a status of 404 () @ https://api.staging.obodux.boris-software.com/api/clinical-evaluation/8fccee47-b8ae-4e4f-97f8-86d223b8d121/1:0
[    8992ms] [ERROR] Failed to load resource: the server responded with a status of 404 () @ https://api.staging.obodux.boris-software.com/api/manufacturer/8fccee47-b8ae-4e4f-97f8-86d223b8d121/1:0
[    9001ms] [ERROR] Failed to load resource: the server responded with a status of 404 () @ https://api.staging.obodux.boris-software.com/api/verification-and-validation/8fccee47-b8ae-4e4f-97f8-86d223b8d121/1:0
[    9052ms] [ERROR] Failed to load resource: the server responded with a status of 404 () @ https://api.staging.obodux.boris-software.com/api/risk-management/8fccee47-b8ae-4e4f-97f8-86d223b8d121/3:0
[    9062ms] [ERROR] Failed to load resource: the server responded with a status of 404 () @ https://api.staging.obodux.boris-software.com/api/labelling/8fccee47-b8ae-4e4f-97f8-86d223b8d121/1:0
[    9069ms] [ERROR] Failed to load resource: the server responded with a status of 404 () @ https://api.staging.obodux.boris-software.com/api/design/8fccee47-b8ae-4e4f-97f8-86d223b8d121/4:0
[    9145ms] [ERROR] Failed to load resource: the server responded with a status of 404 () @ https://api.staging.obodux.boris-software.com/api/labelling/8fccee47-b8ae-4e4f-97f8-86d223b8d121/3:0
[    9147ms] [ERROR] Failed to load resource: the server responded with a status of 404 () @ https://api.staging.obodux.boris-software.com/api/design/8fccee47-b8ae-4e4f-97f8-86d223b8d121/3:0
[    9149ms] [ERROR] Failed to load resource: the server responded with a status of 404 () @ https://api.staging.obodux.boris-software.com/api/risk-management/8fccee47-b8ae-4e4f-97f8-86d223b8d121/1:0
[    9166ms] [ERROR] Failed to load resource: the server responded with a status of 404 () @ https://api.staging.obodux.boris-software.com/api/post-market-surveillance/8fccee47-b8ae-4e4f-97f8-86d223b8d121/2:0
[    9168ms] [ERROR] Failed to load resource: the server responded with a status of 404 () @ https://api.staging.obodux.boris-software.com/api/post-market-surveillance/8fccee47-b8ae-4e4f-97f8-86d223b8d121/1:0
[    9220ms] [ERROR] Failed to load resource: the server responded with a status of 404 () @ https://api.staging.obodux.boris-software.com/api/risk-management/8fccee47-b8ae-4e4f-97f8-86d223b8d121/2:0
[    9222ms] [ERROR] Failed to load resource: the server responded with a status of 404 () @ https://api.staging.obodux.boris-software.com/api/clinical-evaluation/8fccee47-b8ae-4e4f-97f8-86d223b8d121/2:0
[    9223ms] [ERROR] Failed to load resource: the server responded with a status of 404 () @ https://api.staging.obodux.boris-software.com/api/design/8fccee47-b8ae-4e4f-97f8-86d223b8d121/2:0
[    9225ms] [ERROR] Failed to load resource: the server responded with a status of 404 () @ https://api.staging.obodux.boris-software.com/api/design/8fccee47-b8ae-4e4f-97f8-86d223b8d121/5:0
[   10878ms] [ERROR] Failed to load resource: the server responded with a status of 404 () @ https://api.staging.obodux.boris-software.com/api/design/8fccee47-b8ae-4e4f-97f8-86d223b8d121/1:0
[   11440ms] [ERROR] Failed to load resource: the server responded with a status of 404 () @ https://api.staging.obodux.boris-software.com/api/verification-and-validation/8fccee47-b8ae-4e4f-97f8-86d223b8d121/1:0
[   11506ms] [ERROR] Failed to load resource: the server responded with a status of 404 () @ https://api.staging.obodux.boris-software.com/api/design/8fccee47-b8ae-4e4f-97f8-86d223b8d121/4:0
[   11536ms] [ERROR] Failed to load resource: the server responded with a status of 404 () @ https://api.staging.obodux.boris-software.com/api/manufacturer/8fccee47-b8ae-4e4f-97f8-86d223b8d121/1:0
[   11637ms] [ERROR] Failed to load resource: the server responded with a status of 404 () @ https://api.staging.obodux.boris-software.com/api/design/8fccee47-b8ae-4e4f-97f8-86d223b8d121/3:0
[   11645ms] [ERROR] Failed to load resource: the server responded with a status of 404 () @ https://api.staging.obodux.boris-software.com/api/design/8fccee47-b8ae-4e4f-97f8-86d223b8d121/5:0
[   11681ms] [ERROR] Failed to load resource: the server responded with a status of 404 () @ https://api.staging.obodux.boris-software.com/api/design/8fccee47-b8ae-4e4f-97f8-86d223b8d121/2:0
[   13781ms] [ERROR] Failed to load resource: the server responded with a status of 404 () @ https://api.staging.obodux.boris-software.com/api/design/8fccee47-b8ae-4e4f-97f8-86d223b8d121/1:0
[   14546ms] [ERROR] Failed to load resource: the server responded with a status of 404 () @ https://api.staging.obodux.boris-software.com/api/verification-and-validation/8fccee47-b8ae-4e4f-97f8-86d223b8d121/1:0
[   14583ms] [ERROR] Failed to load resource: the server responded with a status of 404 () @ https://api.staging.obodux.boris-software.com/api/design/8fccee47-b8ae-4e4f-97f8-86d223b8d121/4:0
[   14604ms] [ERROR] Failed to load resource: the server responded with a status of 404 () @ https://api.staging.obodux.boris-software.com/api/manufacturer/8fccee47-b8ae-4e4f-97f8-86d223b8d121/1:0
[   14894ms] [ERROR] Failed to load resource: the server responded with a status of 404 () @ https://api.staging.obodux.boris-software.com/api/design/8fccee47-b8ae-4e4f-97f8-86d223b8d121/3:0
[   15034ms] [ERROR] Failed to load resource: the server responded with a status of 404 () @ https://api.staging.obodux.boris-software.com/api/design/8fccee47-b8ae-4e4f-97f8-86d223b8d121/2:0
[   15038ms] [ERROR] Failed to load resource: the server responded with a status of 404 () @ https://api.staging.obodux.boris-software.com/api/design/8fccee47-b8ae-4e4f-97f8-86d223b8d121/5:0
[   18932ms] [ERROR] Failed to load resource: the server responded with a status of 404 () @ https://api.staging.obodux.boris-software.com/api/design/8fccee47-b8ae-4e4f-97f8-86d223b8d121/1:0
[   19739ms] [ERROR] Failed to load resource: the server responded with a status of 404 () @ https://api.staging.obodux.boris-software.com/api/verification-and-validation/8fccee47-b8ae-4e4f-97f8-86d223b8d121/1:0
[   19874ms] [ERROR] Failed to load resource: the server responded with a status of 404 () @ https://api.staging.obodux.boris-software.com/api/manufacturer/8fccee47-b8ae-4e4f-97f8-86d223b8d121/1:0
[   19899ms] [ERROR] Failed to load resource: the server responded with a status of 404 () @ https://api.staging.obodux.boris-software.com/api/design/8fccee47-b8ae-4e4f-97f8-86d223b8d121/4:0
[   20225ms] [ERROR] Failed to load resource: the server responded with a status of 404 () @ https://api.staging.obodux.boris-software.com/api/design/8fccee47-b8ae-4e4f-97f8-86d223b8d121/3:0
[   20235ms] [ERROR] Failed to load resource: the server responded with a status of 404 () @ https://api.staging.obodux.boris-software.com/api/design/8fccee47-b8ae-4e4f-97f8-86d223b8d121/2:0
[   20249ms] [ERROR] Failed to load resource: the server responded with a status of 404 () @ https://api.staging.obodux.boris-software.com/api/design/8fccee47-b8ae-4e4f-97f8-86d223b8d121/5:0
