[   12190ms] [WARNING] The resource https://web.staging.obodux.boris-software.com/_next/static/css/86ae32e4b370adea.css was preloaded using link preload but not used within a few seconds from the window's load event. Please make sure it has an appropriate `as` value and it is preloaded intentionally. @ https://web.staging.obodux.boris-software.com/editor:0
[   43477ms] [ERROR] Failed to load resource: the server responded with a status of 404 () @ https://api.staging.obodux.boris-software.com/api/risk-management/9825d89d-c507-4cf6-94b8-507b6756aa01/1:0
[   43758ms] [ERROR] Failed to load resource: the server responded with a status of 404 () @ https://api.staging.obodux.boris-software.com/api/design/9825d89d-c507-4cf6-94b8-507b6756aa01/1:0
[   43759ms] [ERROR] Failed to load resource: the server responded with a status of 404 () @ https://api.staging.obodux.boris-software.com/api/risk-management/9825d89d-c507-4cf6-94b8-507b6756aa01/2:0
[   44113ms] [ERROR] Failed to load resource: the server responded with a status of 404 () @ https://api.staging.obodux.boris-software.com/api/design/9825d89d-c507-4cf6-94b8-507b6756aa01/3:0
[   44124ms] [ERROR] Failed to load resource: the server responded with a status of 404 () @ https://api.staging.obodux.boris-software.com/api/clinical-evaluation/9825d89d-c507-4cf6-94b8-507b6756aa01/2:0
[   44346ms] [ERROR] Failed to load resource: the server responded with a status of 404 () @ https://api.staging.obodux.boris-software.com/api/risk-management/9825d89d-c507-4cf6-94b8-507b6756aa01/4:0
[   45350ms] [ERROR] Failed to load resource: the server responded with a status of 404 () @ https://api.staging.obodux.boris-software.com/api/labelling/9825d89d-c507-4cf6-94b8-507b6756aa01/1:0
[   45351ms] [ERROR] Failed to load resource: the server responded with a status of 404 () @ https://api.staging.obodux.boris-software.com/api/post-market-surveillance/9825d89d-c507-4cf6-94b8-507b6756aa01/2:0
[   45351ms] [ERROR] Failed to load resource: the server responded with a status of 404 () @ https://api.staging.obodux.boris-software.com/api/design/9825d89d-c507-4cf6-94b8-507b6756aa01/4:0
[   45352ms] [ERROR] Failed to load resource: the server responded with a status of 404 () @ https://api.staging.obodux.boris-software.com/api/clinical-evaluation/9825d89d-c507-4cf6-94b8-507b6756aa01/1:0
[   45353ms] [ERROR] Failed to load resource: the server responded with a status of 404 () @ https://api.staging.obodux.boris-software.com/api/verification-and-validation/9825d89d-c507-4cf6-94b8-507b6756aa01/1:0
[   45354ms] [ERROR] Failed to load resource: the server responded with a status of 404 () @ https://api.staging.obodux.boris-software.com/api/risk-management/9825d89d-c507-4cf6-94b8-507b6756aa01/3:0
[   45354ms] [ERROR] Failed to load resource: the server responded with a status of 404 () @ https://api.staging.obodux.boris-software.com/api/labelling/9825d89d-c507-4cf6-94b8-507b6756aa01/3:0
[   45355ms] [ERROR] Failed to load resource: the server responded with a status of 404 () @ https://api.staging.obodux.boris-software.com/api/manufacturer/9825d89d-c507-4cf6-94b8-507b6756aa01/1:0
[   45356ms] [ERROR] Failed to load resource: the server responded with a status of 404 () @ https://api.staging.obodux.boris-software.com/api/post-market-surveillance/9825d89d-c507-4cf6-94b8-507b6756aa01/1:0
[   45357ms] [ERROR] Failed to load resource: the server responded with a status of 404 () @ https://api.staging.obodux.boris-software.com/api/design/9825d89d-c507-4cf6-94b8-507b6756aa01/5:0
[   45357ms] [ERROR] Failed to load resource: the server responded with a status of 404 () @ https://api.staging.obodux.boris-software.com/api/design/9825d89d-c507-4cf6-94b8-507b6756aa01/2:0
[   50568ms] [ERROR] Failed to load resource: the server responded with a status of 404 () @ https://api.staging.obodux.boris-software.com/api/manufacturer/9825d89d-c507-4cf6-94b8-507b6756aa01/1:0
[   50568ms] [ERROR] Failed to load resource: the server responded with a status of 404 () @ https://api.staging.obodux.boris-software.com/api/design/9825d89d-c507-4cf6-94b8-507b6756aa01/3:0
[   50598ms] [ERROR] Failed to load resource: the server responded with a status of 404 () @ https://api.staging.obodux.boris-software.com/api/design/9825d89d-c507-4cf6-94b8-507b6756aa01/1:0
[   50626ms] [ERROR] Failed to load resource: the server responded with a status of 404 () @ https://api.staging.obodux.boris-software.com/api/design/9825d89d-c507-4cf6-94b8-507b6756aa01/2:0
[   50627ms] [ERROR] Failed to load resource: the server responded with a status of 404 () @ https://api.staging.obodux.boris-software.com/api/design/9825d89d-c507-4cf6-94b8-507b6756aa01/5:0
[   50679ms] [ERROR] Failed to load resource: the server responded with a status of 404 () @ https://api.staging.obodux.boris-software.com/api/design/9825d89d-c507-4cf6-94b8-507b6756aa01/4:0
[   50681ms] [ERROR] Failed to load resource: the server responded with a status of 404 () @ https://api.staging.obodux.boris-software.com/api/verification-and-validation/9825d89d-c507-4cf6-94b8-507b6756aa01/1:0
[   54384ms] [ERROR] Failed to load resource: the server responded with a status of 404 () @ https://api.staging.obodux.boris-software.com/api/design/9825d89d-c507-4cf6-94b8-507b6756aa01/3:0
[   54395ms] [ERROR] Failed to load resource: the server responded with a status of 404 () @ https://api.staging.obodux.boris-software.com/api/design/9825d89d-c507-4cf6-94b8-507b6756aa01/1:0
[   54396ms] [ERROR] Failed to load resource: the server responded with a status of 404 () @ https://api.staging.obodux.boris-software.com/api/verification-and-validation/9825d89d-c507-4cf6-94b8-507b6756aa01/1:0
[   54429ms] [ERROR] Failed to load resource: the server responded with a status of 404 () @ https://api.staging.obodux.boris-software.com/api/design/9825d89d-c507-4cf6-94b8-507b6756aa01/4:0
[   54445ms] [ERROR] Failed to load resource: the server responded with a status of 404 () @ https://api.staging.obodux.boris-software.com/api/manufacturer/9825d89d-c507-4cf6-94b8-507b6756aa01/1:0
[   54461ms] [ERROR] Failed to load resource: the server responded with a status of 404 () @ https://api.staging.obodux.boris-software.com/api/design/9825d89d-c507-4cf6-94b8-507b6756aa01/2:0
[   54462ms] [ERROR] Failed to load resource: the server responded with a status of 404 () @ https://api.staging.obodux.boris-software.com/api/design/9825d89d-c507-4cf6-94b8-507b6756aa01/5:0
