[   42314ms] [WARNING] The resource https://web.staging.obodux.boris-software.com/_next/static/css/86ae32e4b370adea.css was preloaded using link preload but not used within a few seconds from the window's load event. Please make sure it has an appropriate `as` value and it is preloaded intentionally. @ https://web.staging.obodux.boris-software.com/editor:0
[   72123ms] [ERROR] Failed to load resource: the server responded with a status of 404 () @ https://api.staging.obodux.boris-software.com/api/risk-management/8fccee47-b8ae-4e4f-97f8-86d223b8d121/1:0
[   72671ms] [ERROR] Failed to load resource: the server responded with a status of 404 () @ https://api.staging.obodux.boris-software.com/api/manufacturer/8fccee47-b8ae-4e4f-97f8-86d223b8d121/1:0
[   73501ms] [ERROR] Failed to load resource: the server responded with a status of 404 () @ https://api.staging.obodux.boris-software.com/api/labelling/8fccee47-b8ae-4e4f-97f8-86d223b8d121/1:0
[   73502ms] [ERROR] Failed to load resource: the server responded with a status of 404 () @ https://api.staging.obodux.boris-software.com/api/design/8fccee47-b8ae-4e4f-97f8-86d223b8d121/2:0
[   73502ms] [ERROR] Failed to load resource: the server responded with a status of 404 () @ https://api.staging.obodux.boris-software.com/api/design/8fccee47-b8ae-4e4f-97f8-86d223b8d121/3:0
[   73503ms] [ERROR] Failed to load resource: the server responded with a status of 404 () @ https://api.staging.obodux.boris-software.com/api/design/8fccee47-b8ae-4e4f-97f8-86d223b8d121/4:0
[   73503ms] [ERROR] Failed to load resource: the server responded with a status of 404 () @ https://api.staging.obodux.boris-software.com/api/clinical-evaluation/8fccee47-b8ae-4e4f-97f8-86d223b8d121/2:0
[   73504ms] [ERROR] Failed to load resource: the server responded with a status of 404 () @ https://api.staging.obodux.boris-software.com/api/design/8fccee47-b8ae-4e4f-97f8-86d223b8d121/5:0
[   73504ms] [ERROR] Failed to load resource: the server responded with a status of 404 () @ https://api.staging.obodux.boris-software.com/api/verification-and-validation/8fccee47-b8ae-4e4f-97f8-86d223b8d121/1:0
[   73505ms] [ERROR] Failed to load resource: the server responded with a status of 404 () @ https://api.staging.obodux.boris-software.com/api/clinical-evaluation/8fccee47-b8ae-4e4f-97f8-86d223b8d121/1:0
[   73505ms] [ERROR] Failed to load resource: the server responded with a status of 404 () @ https://api.staging.obodux.boris-software.com/api/post-market-surveillance/8fccee47-b8ae-4e4f-97f8-86d223b8d121/1:0
[   73506ms] [ERROR] Failed to load resource: the server responded with a status of 404 () @ https://api.staging.obodux.boris-software.com/api/risk-management/8fccee47-b8ae-4e4f-97f8-86d223b8d121/2:0
[   73506ms] [ERROR] Failed to load resource: the server responded with a status of 404 () @ https://api.staging.obodux.boris-software.com/api/post-market-surveillance/8fccee47-b8ae-4e4f-97f8-86d223b8d121/2:0
[   73506ms] [ERROR] Failed to load resource: the server responded with a status of 404 () @ https://api.staging.obodux.boris-software.com/api/labelling/8fccee47-b8ae-4e4f-97f8-86d223b8d121/3:0
[   73508ms] [ERROR] Failed to load resource: the server responded with a status of 404 () @ https://api.staging.obodux.boris-software.com/api/checklist/8fccee47-b8ae-4e4f-97f8-86d223b8d121/2:0
[   73509ms] [ERROR] Failed to load resource: the server responded with a status of 404 () @ https://api.staging.obodux.boris-software.com/api/design/8fccee47-b8ae-4e4f-97f8-86d223b8d121/1:0
[   73510ms] [ERROR] Failed to load resource: the server responded with a status of 404 () @ https://api.staging.obodux.boris-software.com/api/risk-management/8fccee47-b8ae-4e4f-97f8-86d223b8d121/4:0
[   73511ms] [ERROR] Failed to load resource: the server responded with a status of 404 () @ https://api.staging.obodux.boris-software.com/api/risk-management/8fccee47-b8ae-4e4f-97f8-86d223b8d121/3:0
[   75120ms] [ERROR] Failed to load resource: the server responded with a status of 404 () @ https://api.staging.obodux.boris-software.com/api/manufacturer/8fccee47-b8ae-4e4f-97f8-86d223b8d121/1:0
[   78649ms] [ERROR] Failed to load resource: the server responded with a status of 404 () @ https://api.staging.obodux.boris-software.com/api/design/8fccee47-b8ae-4e4f-97f8-86d223b8d121/3:0
[   78661ms] [ERROR] Failed to load resource: the server responded with a status of 404 () @ https://api.staging.obodux.boris-software.com/api/design/8fccee47-b8ae-4e4f-97f8-86d223b8d121/4:0
[   78759ms] [ERROR] Failed to load resource: the server responded with a status of 404 () @ https://api.staging.obodux.boris-software.com/api/design/8fccee47-b8ae-4e4f-97f8-86d223b8d121/2:0
[   78760ms] [ERROR] Failed to load resource: the server responded with a status of 404 () @ https://api.staging.obodux.boris-software.com/api/verification-and-validation/8fccee47-b8ae-4e4f-97f8-86d223b8d121/1:0
[   78762ms] [ERROR] Failed to load resource: the server responded with a status of 404 () @ https://api.staging.obodux.boris-software.com/api/design/8fccee47-b8ae-4e4f-97f8-86d223b8d121/1:0
[   78763ms] [ERROR] Failed to load resource: the server responded with a status of 404 () @ https://api.staging.obodux.boris-software.com/api/design/8fccee47-b8ae-4e4f-97f8-86d223b8d121/5:0
[   81564ms] [ERROR] Failed to load resource: the server responded with a status of 404 () @ https://api.staging.obodux.boris-software.com/api/manufacturer/8fccee47-b8ae-4e4f-97f8-86d223b8d121/1:0
[   85597ms] [ERROR] Failed to load resource: the server responded with a status of 404 () @ https://api.staging.obodux.boris-software.com/api/design/8fccee47-b8ae-4e4f-97f8-86d223b8d121/3:0
[   85766ms] [ERROR] Failed to load resource: the server responded with a status of 404 () @ https://api.staging.obodux.boris-software.com/api/design/8fccee47-b8ae-4e4f-97f8-86d223b8d121/4:0
[   85830ms] [ERROR] Failed to load resource: the server responded with a status of 404 () @ https://api.staging.obodux.boris-software.com/api/verification-and-validation/8fccee47-b8ae-4e4f-97f8-86d223b8d121/1:0
[   85833ms] [ERROR] Failed to load resource: the server responded with a status of 404 () @ https://api.staging.obodux.boris-software.com/api/design/8fccee47-b8ae-4e4f-97f8-86d223b8d121/2:0
[   85834ms] [ERROR] Failed to load resource: the server responded with a status of 404 () @ https://api.staging.obodux.boris-software.com/api/design/8fccee47-b8ae-4e4f-97f8-86d223b8d121/5:0
[   85835ms] [ERROR] Failed to load resource: the server responded with a status of 404 () @ https://api.staging.obodux.boris-software.com/api/design/8fccee47-b8ae-4e4f-97f8-86d223b8d121/1:0
[   89831ms] [ERROR] Failed to load resource: the server responded with a status of 404 () @ https://api.staging.obodux.boris-software.com/api/manufacturer/8fccee47-b8ae-4e4f-97f8-86d223b8d121/1:0
[   91442ms] [ERROR] Failed to load resource: the server responded with a status of 404 () @ https://api.staging.obodux.boris-software.com/api/design/8fccee47-b8ae-4e4f-97f8-86d223b8d121/3:0
[   92483ms] [ERROR] Failed to load resource: the server responded with a status of 404 () @ https://api.staging.obodux.boris-software.com/api/design/8fccee47-b8ae-4e4f-97f8-86d223b8d121/1:0
[   92485ms] [ERROR] Failed to load resource: the server responded with a status of 404 () @ https://api.staging.obodux.boris-software.com/api/design/8fccee47-b8ae-4e4f-97f8-86d223b8d121/5:0
[   92486ms] [ERROR] Failed to load resource: the server responded with a status of 404 () @ https://api.staging.obodux.boris-software.com/api/design/8fccee47-b8ae-4e4f-97f8-86d223b8d121/4:0
[   92486ms] [ERROR] Failed to load resource: the server responded with a status of 404 () @ https://api.staging.obodux.boris-software.com/api/manufacturer/8fccee47-b8ae-4e4f-97f8-86d223b8d121/1:0
[   92684ms] [ERROR] Failed to load resource: the server responded with a status of 404 () @ https://api.staging.obodux.boris-software.com/api/verification-and-validation/8fccee47-b8ae-4e4f-97f8-86d223b8d121/1:0
[   92741ms] [ERROR] Failed to load resource: the server responded with a status of 404 () @ https://api.staging.obodux.boris-software.com/api/design/8fccee47-b8ae-4e4f-97f8-86d223b8d121/2:0
[   94319ms] [ERROR] Failed to load resource: the server responded with a status of 404 () @ https://api.staging.obodux.boris-software.com/api/manufacturer/8fccee47-b8ae-4e4f-97f8-86d223b8d121/1:0
[   97498ms] [ERROR] Failed to load resource: the server responded with a status of 404 () @ https://api.staging.obodux.boris-software.com/api/manufacturer/8fccee47-b8ae-4e4f-97f8-86d223b8d121/1:0
[  102411ms] [ERROR] Failed to load resource: the server responded with a status of 404 () @ https://api.staging.obodux.boris-software.com/api/manufacturer/8fccee47-b8ae-4e4f-97f8-86d223b8d121/1:0
[  238916ms] [ERROR] Failed to load resource: the server responded with a status of 404 () @ https://api.staging.obodux.boris-software.com/api/design/8fccee47-b8ae-4e4f-97f8-86d223b8d121/1:0
[  238917ms] [ERROR] Failed to load resource: the server responded with a status of 404 () @ https://api.staging.obodux.boris-software.com/api/manufacturer/8fccee47-b8ae-4e4f-97f8-86d223b8d121/1:0
[  238917ms] [ERROR] Failed to load resource: the server responded with a status of 404 () @ https://api.staging.obodux.boris-software.com/api/verification-and-validation/8fccee47-b8ae-4e4f-97f8-86d223b8d121/1:0
[  239845ms] [ERROR] Failed to load resource: the server responded with a status of 404 () @ https://api.staging.obodux.boris-software.com/api/design/8fccee47-b8ae-4e4f-97f8-86d223b8d121/4:0
[  239846ms] [ERROR] Failed to load resource: the server responded with a status of 404 () @ https://api.staging.obodux.boris-software.com/api/design/8fccee47-b8ae-4e4f-97f8-86d223b8d121/2:0
[  239853ms] [ERROR] Failed to load resource: the server responded with a status of 404 () @ https://api.staging.obodux.boris-software.com/api/design/8fccee47-b8ae-4e4f-97f8-86d223b8d121/3:0
[  239902ms] [ERROR] Failed to load resource: the server responded with a status of 404 () @ https://api.staging.obodux.boris-software.com/api/design/8fccee47-b8ae-4e4f-97f8-86d223b8d121/5:0
[  240935ms] [ERROR] Failed to load resource: the server responded with a status of 404 () @ https://api.staging.obodux.boris-software.com/api/design/8fccee47-b8ae-4e4f-97f8-86d223b8d121/1:0
[  240937ms] [ERROR] Failed to load resource: the server responded with a status of 404 () @ https://api.staging.obodux.boris-software.com/api/manufacturer/8fccee47-b8ae-4e4f-97f8-86d223b8d121/1:0
[  240949ms] [ERROR] Failed to load resource: the server responded with a status of 404 () @ https://api.staging.obodux.boris-software.com/api/verification-and-validation/8fccee47-b8ae-4e4f-97f8-86d223b8d121/1:0
[  242091ms] [ERROR] Failed to load resource: the server responded with a status of 404 () @ https://api.staging.obodux.boris-software.com/api/design/8fccee47-b8ae-4e4f-97f8-86d223b8d121/3:0
[  242092ms] [ERROR] Failed to load resource: the server responded with a status of 404 () @ https://api.staging.obodux.boris-software.com/api/design/8fccee47-b8ae-4e4f-97f8-86d223b8d121/5:0
[  242093ms] [ERROR] Failed to load resource: the server responded with a status of 404 () @ https://api.staging.obodux.boris-software.com/api/design/8fccee47-b8ae-4e4f-97f8-86d223b8d121/2:0
[  242094ms] [ERROR] Failed to load resource: the server responded with a status of 404 () @ https://api.staging.obodux.boris-software.com/api/design/8fccee47-b8ae-4e4f-97f8-86d223b8d121/4:0
[  248442ms] [ERROR] Failed to load resource: the server responded with a status of 404 () @ https://api.staging.obodux.boris-software.com/api/verification-and-validation/8fccee47-b8ae-4e4f-97f8-86d223b8d121/1:0
[  248443ms] [ERROR] Failed to load resource: the server responded with a status of 404 () @ https://api.staging.obodux.boris-software.com/api/manufacturer/8fccee47-b8ae-4e4f-97f8-86d223b8d121/1:0
[  248444ms] [ERROR] Failed to load resource: the server responded with a status of 404 () @ https://api.staging.obodux.boris-software.com/api/design/8fccee47-b8ae-4e4f-97f8-86d223b8d121/1:0
[  249563ms] [ERROR] Failed to load resource: the server responded with a status of 404 () @ https://api.staging.obodux.boris-software.com/api/design/8fccee47-b8ae-4e4f-97f8-86d223b8d121/3:0
[  249569ms] [ERROR] Failed to load resource: the server responded with a status of 404 () @ https://api.staging.obodux.boris-software.com/api/design/8fccee47-b8ae-4e4f-97f8-86d223b8d121/5:0
[  249618ms] [ERROR] Failed to load resource: the server responded with a status of 404 () @ https://api.staging.obodux.boris-software.com/api/design/8fccee47-b8ae-4e4f-97f8-86d223b8d121/4:0
[  249619ms] [ERROR] Failed to load resource: the server responded with a status of 404 () @ https://api.staging.obodux.boris-software.com/api/design/8fccee47-b8ae-4e4f-97f8-86d223b8d121/2:0
[  253975ms] [ERROR] Failed to load resource: the server responded with a status of 404 () @ https://api.staging.obodux.boris-software.com/api/manufacturer/8fccee47-b8ae-4e4f-97f8-86d223b8d121/1:0
[  253977ms] [ERROR] Failed to load resource: the server responded with a status of 404 () @ https://api.staging.obodux.boris-software.com/api/design/8fccee47-b8ae-4e4f-97f8-86d223b8d121/1:0
[  253979ms] [ERROR] Failed to load resource: the server responded with a status of 404 () @ https://api.staging.obodux.boris-software.com/api/verification-and-validation/8fccee47-b8ae-4e4f-97f8-86d223b8d121/1:0
[  254926ms] [ERROR] Failed to load resource: the server responded with a status of 404 () @ https://api.staging.obodux.boris-software.com/api/design/8fccee47-b8ae-4e4f-97f8-86d223b8d121/4:0
[  254938ms] [ERROR] Failed to load resource: the server responded with a status of 404 () @ https://api.staging.obodux.boris-software.com/api/design/8fccee47-b8ae-4e4f-97f8-86d223b8d121/5:0
[  254945ms] [ERROR] Failed to load resource: the server responded with a status of 404 () @ https://api.staging.obodux.boris-software.com/api/design/8fccee47-b8ae-4e4f-97f8-86d223b8d121/3:0
[  254994ms] [ERROR] Failed to load resource: the server responded with a status of 404 () @ https://api.staging.obodux.boris-software.com/api/design/8fccee47-b8ae-4e4f-97f8-86d223b8d121/2:0
[  524924ms] [WARNING] Warning: Missing `Description` or `aria-describedby={undefined}` for {DialogContent}. @ https://eu-assets.i.posthog.com/static/posthog-recorder.js?v=1.345.4:0
[  584283ms] [WARNING] Warning: Missing `Description` or `aria-describedby={undefined}` for {DialogContent}. @ https://eu-assets.i.posthog.com/static/posthog-recorder.js?v=1.345.4:0
