[   29109ms] [ERROR] Failed to load resource: the server responded with a status of 404 () @ https://api.staging.obodux.boris-software.com/api/design/8fccee47-b8ae-4e4f-97f8-86d223b8d121/5:0
[   29235ms] [ERROR] Failed to load resource: the server responded with a status of 404 () @ https://api.staging.obodux.boris-software.com/api/design/8fccee47-b8ae-4e4f-97f8-86d223b8d121/3:0
[   29235ms] [ERROR] Failed to load resource: the server responded with a status of 404 () @ https://api.staging.obodux.boris-software.com/api/design/8fccee47-b8ae-4e4f-97f8-86d223b8d121/4:0
[   29280ms] [ERROR] Failed to load resource: the server responded with a status of 404 () @ https://api.staging.obodux.boris-software.com/api/clinical-evaluation/8fccee47-b8ae-4e4f-97f8-86d223b8d121/2:0
[   29281ms] [ERROR] Failed to load resource: the server responded with a status of 404 () @ https://api.staging.obodux.boris-software.com/api/checklist/8fccee47-b8ae-4e4f-97f8-86d223b8d121/2:0
[   29282ms] [ERROR] Failed to load resource: the server responded with a status of 404 () @ https://api.staging.obodux.boris-software.com/api/verification-and-validation/8fccee47-b8ae-4e4f-97f8-86d223b8d121/1:0
[   29384ms] [ERROR] Failed to load resource: the server responded with a status of 404 () @ https://api.staging.obodux.boris-software.com/api/manufacturer/8fccee47-b8ae-4e4f-97f8-86d223b8d121/1:0
[   29385ms] [ERROR] Failed to load resource: the server responded with a status of 404 () @ https://api.staging.obodux.boris-software.com/api/risk-management/8fccee47-b8ae-4e4f-97f8-86d223b8d121/2:0
[   29386ms] [ERROR] Failed to load resource: the server responded with a status of 404 () @ https://api.staging.obodux.boris-software.com/api/design/8fccee47-b8ae-4e4f-97f8-86d223b8d121/1:0
[   29386ms] [ERROR] Failed to load resource: the server responded with a status of 404 () @ https://api.staging.obodux.boris-software.com/api/risk-management/8fccee47-b8ae-4e4f-97f8-86d223b8d121/1:0
[   29386ms] [ERROR] Failed to load resource: the server responded with a status of 404 () @ https://api.staging.obodux.boris-software.com/api/design/8fccee47-b8ae-4e4f-97f8-86d223b8d121/2:0
[   29387ms] [ERROR] Failed to load resource: the server responded with a status of 404 () @ https://api.staging.obodux.boris-software.com/api/labelling/8fccee47-b8ae-4e4f-97f8-86d223b8d121/1:0
[   29462ms] [ERROR] Failed to load resource: the server responded with a status of 404 () @ https://api.staging.obodux.boris-software.com/api/risk-management/8fccee47-b8ae-4e4f-97f8-86d223b8d121/3:0
[   29463ms] [ERROR] Failed to load resource: the server responded with a status of 404 () @ https://api.staging.obodux.boris-software.com/api/post-market-surveillance/8fccee47-b8ae-4e4f-97f8-86d223b8d121/1:0
[   29567ms] [ERROR] Failed to load resource: the server responded with a status of 404 () @ https://api.staging.obodux.boris-software.com/api/post-market-surveillance/8fccee47-b8ae-4e4f-97f8-86d223b8d121/2:0
[   29569ms] [ERROR] Failed to load resource: the server responded with a status of 404 () @ https://api.staging.obodux.boris-software.com/api/risk-management/8fccee47-b8ae-4e4f-97f8-86d223b8d121/4:0
[   29569ms] [ERROR] Failed to load resource: the server responded with a status of 404 () @ https://api.staging.obodux.boris-software.com/api/clinical-evaluation/8fccee47-b8ae-4e4f-97f8-86d223b8d121/1:0
[   29570ms] [ERROR] Failed to load resource: the server responded with a status of 404 () @ https://api.staging.obodux.boris-software.com/api/labelling/8fccee47-b8ae-4e4f-97f8-86d223b8d121/3:0
[   33771ms] [ERROR] Failed to load resource: the server responded with a status of 404 () @ https://api.staging.obodux.boris-software.com/api/design/8fccee47-b8ae-4e4f-97f8-86d223b8d121/5:0
[   33778ms] [ERROR] Failed to load resource: the server responded with a status of 404 () @ https://api.staging.obodux.boris-software.com/api/design/8fccee47-b8ae-4e4f-97f8-86d223b8d121/4:0
[   33794ms] [ERROR] Failed to load resource: the server responded with a status of 404 () @ https://api.staging.obodux.boris-software.com/api/design/8fccee47-b8ae-4e4f-97f8-86d223b8d121/3:0
[   35109ms] [ERROR] Failed to load resource: the server responded with a status of 404 () @ https://api.staging.obodux.boris-software.com/api/manufacturer/8fccee47-b8ae-4e4f-97f8-86d223b8d121/1:0
[   35119ms] [ERROR] Failed to load resource: the server responded with a status of 404 () @ https://api.staging.obodux.boris-software.com/api/design/8fccee47-b8ae-4e4f-97f8-86d223b8d121/2:0
[   35130ms] [ERROR] Failed to load resource: the server responded with a status of 404 () @ https://api.staging.obodux.boris-software.com/api/verification-and-validation/8fccee47-b8ae-4e4f-97f8-86d223b8d121/1:0
[   35143ms] [ERROR] Failed to load resource: the server responded with a status of 404 () @ https://api.staging.obodux.boris-software.com/api/design/8fccee47-b8ae-4e4f-97f8-86d223b8d121/1:0
[   46603ms] [ERROR] Failed to load resource: the server responded with a status of 404 () @ https://api.staging.obodux.boris-software.com/api/design/8fccee47-b8ae-4e4f-97f8-86d223b8d121/3:0
[   46642ms] [ERROR] Failed to load resource: the server responded with a status of 404 () @ https://api.staging.obodux.boris-software.com/api/design/8fccee47-b8ae-4e4f-97f8-86d223b8d121/5:0
[   46646ms] [ERROR] Failed to load resource: the server responded with a status of 404 () @ https://api.staging.obodux.boris-software.com/api/design/8fccee47-b8ae-4e4f-97f8-86d223b8d121/4:0
[   54373ms] [ERROR] Failed to load resource: the server responded with a status of 404 () @ https://api.staging.obodux.boris-software.com/api/manufacturer/8fccee47-b8ae-4e4f-97f8-86d223b8d121/1:0
[   54375ms] [ERROR] Failed to load resource: the server responded with a status of 404 () @ https://api.staging.obodux.boris-software.com/api/design/8fccee47-b8ae-4e4f-97f8-86d223b8d121/1:0
[   54381ms] [ERROR] Failed to load resource: the server responded with a status of 404 () @ https://api.staging.obodux.boris-software.com/api/verification-and-validation/8fccee47-b8ae-4e4f-97f8-86d223b8d121/1:0
[   54405ms] [ERROR] Failed to load resource: the server responded with a status of 404 () @ https://api.staging.obodux.boris-software.com/api/design/8fccee47-b8ae-4e4f-97f8-86d223b8d121/2:0
[   64171ms] [ERROR] Failed to load resource: the server responded with a status of 404 () @ https://api.staging.obodux.boris-software.com/api/design/8fccee47-b8ae-4e4f-97f8-86d223b8d121/3:0
[   64177ms] [ERROR] Failed to load resource: the server responded with a status of 404 () @ https://api.staging.obodux.boris-software.com/api/design/8fccee47-b8ae-4e4f-97f8-86d223b8d121/5:0
[   64197ms] [ERROR] Failed to load resource: the server responded with a status of 404 () @ https://api.staging.obodux.boris-software.com/api/design/8fccee47-b8ae-4e4f-97f8-86d223b8d121/4:0
[   65802ms] [ERROR] Failed to load resource: the server responded with a status of 404 () @ https://api.staging.obodux.boris-software.com/api/design/8fccee47-b8ae-4e4f-97f8-86d223b8d121/1:0
[   65832ms] [ERROR] Failed to load resource: the server responded with a status of 404 () @ https://api.staging.obodux.boris-software.com/api/manufacturer/8fccee47-b8ae-4e4f-97f8-86d223b8d121/1:0
[   65843ms] [ERROR] Failed to load resource: the server responded with a status of 404 () @ https://api.staging.obodux.boris-software.com/api/verification-and-validation/8fccee47-b8ae-4e4f-97f8-86d223b8d121/1:0
[   65884ms] [ERROR] Failed to load resource: the server responded with a status of 404 () @ https://api.staging.obodux.boris-software.com/api/design/8fccee47-b8ae-4e4f-97f8-86d223b8d121/2:0
[   67369ms] [ERROR] Failed to load resource: the server responded with a status of 404 () @ https://api.staging.obodux.boris-software.com/api/design/8fccee47-b8ae-4e4f-97f8-86d223b8d121/4:0
[   67375ms] [ERROR] Failed to load resource: the server responded with a status of 404 () @ https://api.staging.obodux.boris-software.com/api/design/8fccee47-b8ae-4e4f-97f8-86d223b8d121/3:0
[   67832ms] [ERROR] Failed to load resource: the server responded with a status of 404 () @ https://api.staging.obodux.boris-software.com/api/design/8fccee47-b8ae-4e4f-97f8-86d223b8d121/5:0
[   69727ms] [ERROR] Failed to load resource: the server responded with a status of 404 () @ https://api.staging.obodux.boris-software.com/api/design/8fccee47-b8ae-4e4f-97f8-86d223b8d121/4:0
[   69729ms] [ERROR] Failed to load resource: the server responded with a status of 404 () @ https://api.staging.obodux.boris-software.com/api/design/8fccee47-b8ae-4e4f-97f8-86d223b8d121/3:0
[   69919ms] [ERROR] Failed to load resource: the server responded with a status of 404 () @ https://api.staging.obodux.boris-software.com/api/design/8fccee47-b8ae-4e4f-97f8-86d223b8d121/5:0
