[   22167ms] [ERROR] Failed to load resource: the server responded with a status of 404 () @ https://api.staging.obodux.boris-software.com/api/risk-management/408b41aa-0a0f-4528-bf79-476614ad1103/2:0
[   23084ms] [ERROR] Failed to load resource: the server responded with a status of 404 () @ https://api.staging.obodux.boris-software.com/api/post-market-surveillance/408b41aa-0a0f-4528-bf79-476614ad1103/1:0
[   23085ms] [ERROR] Failed to load resource: the server responded with a status of 404 () @ https://api.staging.obodux.boris-software.com/api/design/408b41aa-0a0f-4528-bf79-476614ad1103/1:0
[   23086ms] [ERROR] Failed to load resource: the server responded with a status of 404 () @ https://api.staging.obodux.boris-software.com/api/labelling/408b41aa-0a0f-4528-bf79-476614ad1103/3:0
[   23332ms] [ERROR] Failed to load resource: the server responded with a status of 404 () @ https://api.staging.obodux.boris-software.com/api/manufacturer/408b41aa-0a0f-4528-bf79-476614ad1103/1:0
[   23457ms] [ERROR] Failed to load resource: the server responded with a status of 404 () @ https://api.staging.obodux.boris-software.com/api/design/408b41aa-0a0f-4528-bf79-476614ad1103/2:0
[   23558ms] [ERROR] Failed to load resource: the server responded with a status of 404 () @ https://api.staging.obodux.boris-software.com/api/design/408b41aa-0a0f-4528-bf79-476614ad1103/3:0
[   23559ms] [ERROR] Failed to load resource: the server responded with a status of 404 () @ https://api.staging.obodux.boris-software.com/api/clinical-evaluation/408b41aa-0a0f-4528-bf79-476614ad1103/1:0
[   23579ms] [ERROR] Failed to load resource: the server responded with a status of 404 () @ https://api.staging.obodux.boris-software.com/api/design/408b41aa-0a0f-4528-bf79-476614ad1103/4:0
[   23598ms] [ERROR] Failed to load resource: the server responded with a status of 404 () @ https://api.staging.obodux.boris-software.com/api/risk-management/408b41aa-0a0f-4528-bf79-476614ad1103/3:0
[   23604ms] [ERROR] Failed to load resource: the server responded with a status of 404 () @ https://api.staging.obodux.boris-software.com/api/post-market-surveillance/408b41aa-0a0f-4528-bf79-476614ad1103/2:0
[   23643ms] [ERROR] Failed to load resource: the server responded with a status of 404 () @ https://api.staging.obodux.boris-software.com/api/risk-management/408b41aa-0a0f-4528-bf79-476614ad1103/1:0
[   23739ms] [ERROR] Failed to load resource: the server responded with a status of 404 () @ https://api.staging.obodux.boris-software.com/api/clinical-evaluation/408b41aa-0a0f-4528-bf79-476614ad1103/2:0
[   23771ms] [ERROR] Failed to load resource: the server responded with a status of 404 () @ https://api.staging.obodux.boris-software.com/api/labelling/408b41aa-0a0f-4528-bf79-476614ad1103/1:0
[   23956ms] [ERROR] Failed to load resource: the server responded with a status of 404 () @ https://api.staging.obodux.boris-software.com/api/design/408b41aa-0a0f-4528-bf79-476614ad1103/5:0
[   23957ms] [ERROR] Failed to load resource: the server responded with a status of 404 () @ https://api.staging.obodux.boris-software.com/api/checklist/408b41aa-0a0f-4528-bf79-476614ad1103/2:0
[   23959ms] [ERROR] Failed to load resource: the server responded with a status of 404 () @ https://api.staging.obodux.boris-software.com/api/risk-management/408b41aa-0a0f-4528-bf79-476614ad1103/4:0
[   25633ms] [ERROR] Failed to load resource: the server responded with a status of 404 () @ https://api.staging.obodux.boris-software.com/api/design/408b41aa-0a0f-4528-bf79-476614ad1103/1:0
[   25655ms] [ERROR] Failed to load resource: the server responded with a status of 404 () @ https://api.staging.obodux.boris-software.com/api/manufacturer/408b41aa-0a0f-4528-bf79-476614ad1103/1:0
[   27140ms] [ERROR] Failed to load resource: the server responded with a status of 404 () @ https://api.staging.obodux.boris-software.com/api/design/408b41aa-0a0f-4528-bf79-476614ad1103/4:0
[   27162ms] [ERROR] Failed to load resource: the server responded with a status of 404 () @ https://api.staging.obodux.boris-software.com/api/design/408b41aa-0a0f-4528-bf79-476614ad1103/2:0
[   27207ms] [ERROR] Failed to load resource: the server responded with a status of 404 () @ https://api.staging.obodux.boris-software.com/api/design/408b41aa-0a0f-4528-bf79-476614ad1103/3:0
[   27255ms] [ERROR] Failed to load resource: the server responded with a status of 404 () @ https://api.staging.obodux.boris-software.com/api/design/408b41aa-0a0f-4528-bf79-476614ad1103/5:0
[   29797ms] [ERROR] Failed to load resource: the server responded with a status of 404 () @ https://api.staging.obodux.boris-software.com/api/design/408b41aa-0a0f-4528-bf79-476614ad1103/1:0
[   32018ms] [ERROR] Failed to load resource: the server responded with a status of 404 () @ https://api.staging.obodux.boris-software.com/api/manufacturer/408b41aa-0a0f-4528-bf79-476614ad1103/1:0
[   33960ms] [ERROR] Failed to load resource: the server responded with a status of 404 () @ https://api.staging.obodux.boris-software.com/api/design/408b41aa-0a0f-4528-bf79-476614ad1103/2:0
[   33964ms] [ERROR] Failed to load resource: the server responded with a status of 404 () @ https://api.staging.obodux.boris-software.com/api/design/408b41aa-0a0f-4528-bf79-476614ad1103/3:0
[   33979ms] [ERROR] Failed to load resource: the server responded with a status of 404 () @ https://api.staging.obodux.boris-software.com/api/design/408b41aa-0a0f-4528-bf79-476614ad1103/4:0
[   34172ms] [ERROR] Failed to load resource: the server responded with a status of 404 () @ https://api.staging.obodux.boris-software.com/api/design/408b41aa-0a0f-4528-bf79-476614ad1103/5:0
[   34924ms] [ERROR] Failed to load resource: the server responded with a status of 404 () @ https://api.staging.obodux.boris-software.com/api/design/408b41aa-0a0f-4528-bf79-476614ad1103/1:0
[   37074ms] [ERROR] Failed to load resource: the server responded with a status of 404 () @ https://api.staging.obodux.boris-software.com/api/manufacturer/408b41aa-0a0f-4528-bf79-476614ad1103/1:0
[   39845ms] [ERROR] Failed to load resource: the server responded with a status of 404 () @ https://api.staging.obodux.boris-software.com/api/design/408b41aa-0a0f-4528-bf79-476614ad1103/3:0
[   39850ms] [ERROR] Failed to load resource: the server responded with a status of 404 () @ https://api.staging.obodux.boris-software.com/api/design/408b41aa-0a0f-4528-bf79-476614ad1103/4:0
[   39862ms] [ERROR] Failed to load resource: the server responded with a status of 404 () @ https://api.staging.obodux.boris-software.com/api/design/408b41aa-0a0f-4528-bf79-476614ad1103/5:0
[   39866ms] [ERROR] Failed to load resource: the server responded with a status of 404 () @ https://api.staging.obodux.boris-software.com/api/design/408b41aa-0a0f-4528-bf79-476614ad1103/2:0
[   66143ms] [ERROR] Failed to load resource: the server responded with a status of 404 () @ https://api.staging.obodux.boris-software.com/api/manufacturer/408b41aa-0a0f-4528-bf79-476614ad1103/1:0
[   66167ms] [ERROR] Failed to load resource: the server responded with a status of 404 () @ https://api.staging.obodux.boris-software.com/api/design/408b41aa-0a0f-4528-bf79-476614ad1103/2:0
[   66284ms] [ERROR] Failed to load resource: the server responded with a status of 404 () @ https://api.staging.obodux.boris-software.com/api/design/408b41aa-0a0f-4528-bf79-476614ad1103/5:0
[   66291ms] [ERROR] Failed to load resource: the server responded with a status of 404 () @ https://api.staging.obodux.boris-software.com/api/design/408b41aa-0a0f-4528-bf79-476614ad1103/4:0
[   66295ms] [ERROR] Failed to load resource: the server responded with a status of 404 () @ https://api.staging.obodux.boris-software.com/api/design/408b41aa-0a0f-4528-bf79-476614ad1103/3:0
[   66386ms] [ERROR] Failed to load resource: the server responded with a status of 404 () @ https://api.staging.obodux.boris-software.com/api/design/408b41aa-0a0f-4528-bf79-476614ad1103/1:0
[   68432ms] [ERROR] Failed to load resource: the server responded with a status of 404 () @ https://api.staging.obodux.boris-software.com/api/design/408b41aa-0a0f-4528-bf79-476614ad1103/2:0
[   68487ms] [ERROR] Failed to load resource: the server responded with a status of 404 () @ https://api.staging.obodux.boris-software.com/api/manufacturer/408b41aa-0a0f-4528-bf79-476614ad1103/1:0
[   68612ms] [ERROR] Failed to load resource: the server responded with a status of 404 () @ https://api.staging.obodux.boris-software.com/api/design/408b41aa-0a0f-4528-bf79-476614ad1103/4:0
[   68644ms] [ERROR] Failed to load resource: the server responded with a status of 404 () @ https://api.staging.obodux.boris-software.com/api/design/408b41aa-0a0f-4528-bf79-476614ad1103/5:0
[   68645ms] [ERROR] Failed to load resource: the server responded with a status of 404 () @ https://api.staging.obodux.boris-software.com/api/design/408b41aa-0a0f-4528-bf79-476614ad1103/3:0
[   68677ms] [ERROR] Failed to load resource: the server responded with a status of 404 () @ https://api.staging.obodux.boris-software.com/api/design/408b41aa-0a0f-4528-bf79-476614ad1103/1:0
[   71582ms] [ERROR] Failed to load resource: the server responded with a status of 404 () @ https://api.staging.obodux.boris-software.com/api/design/408b41aa-0a0f-4528-bf79-476614ad1103/2:0
[   71794ms] [ERROR] Failed to load resource: the server responded with a status of 404 () @ https://api.staging.obodux.boris-software.com/api/manufacturer/408b41aa-0a0f-4528-bf79-476614ad1103/1:0
[   71968ms] [ERROR] Failed to load resource: the server responded with a status of 404 () @ https://api.staging.obodux.boris-software.com/api/design/408b41aa-0a0f-4528-bf79-476614ad1103/4:0
[   72008ms] [ERROR] Failed to load resource: the server responded with a status of 404 () @ https://api.staging.obodux.boris-software.com/api/design/408b41aa-0a0f-4528-bf79-476614ad1103/1:0
[   72038ms] [ERROR] Failed to load resource: the server responded with a status of 404 () @ https://api.staging.obodux.boris-software.com/api/design/408b41aa-0a0f-4528-bf79-476614ad1103/3:0
[   72057ms] [ERROR] Failed to load resource: the server responded with a status of 404 () @ https://api.staging.obodux.boris-software.com/api/design/408b41aa-0a0f-4528-bf79-476614ad1103/5:0
[   76522ms] [ERROR] Failed to load resource: the server responded with a status of 404 () @ https://api.staging.obodux.boris-software.com/api/design/408b41aa-0a0f-4528-bf79-476614ad1103/2:0
[   76910ms] [ERROR] Failed to load resource: the server responded with a status of 404 () @ https://api.staging.obodux.boris-software.com/api/manufacturer/408b41aa-0a0f-4528-bf79-476614ad1103/1:0
[   77197ms] [ERROR] Failed to load resource: the server responded with a status of 404 () @ https://api.staging.obodux.boris-software.com/api/design/408b41aa-0a0f-4528-bf79-476614ad1103/4:0
[   77627ms] [ERROR] Failed to load resource: the server responded with a status of 404 () @ https://api.staging.obodux.boris-software.com/api/design/408b41aa-0a0f-4528-bf79-476614ad1103/3:0
[   77759ms] [ERROR] Failed to load resource: the server responded with a status of 404 () @ https://api.staging.obodux.boris-software.com/api/design/408b41aa-0a0f-4528-bf79-476614ad1103/1:0
[   77777ms] [ERROR] Failed to load resource: the server responded with a status of 404 () @ https://api.staging.obodux.boris-software.com/api/design/408b41aa-0a0f-4528-bf79-476614ad1103/5:0
