[    8391ms] [WARNING] The resource https://web.staging.obodux.boris-software.com/_next/static/css/86ae32e4b370adea.css was preloaded using link preload but not used within a few seconds from the window's load event. Please make sure it has an appropriate `as` value and it is preloaded intentionally. @ https://web.staging.obodux.boris-software.com/editor/device-documentation/032de183-61fd-496b-8d90-d7c93327b681/verification-and-validation/usability-evaluation-plan:0
[   16040ms] [ERROR] Failed to load resource: the server responded with a status of 404 () @ https://api.staging.obodux.boris-software.com/api/risk-management/032de183-61fd-496b-8d90-d7c93327b681/3:0
[   17947ms] [ERROR] Failed to load resource: the server responded with a status of 404 () @ https://api.staging.obodux.boris-software.com/api/clinical-evaluation/032de183-61fd-496b-8d90-d7c93327b681/2:0
[   17950ms] [ERROR] Failed to load resource: the server responded with a status of 404 () @ https://api.staging.obodux.boris-software.com/api/labelling/032de183-61fd-496b-8d90-d7c93327b681/1:0
[   17953ms] [ERROR] Failed to load resource: the server responded with a status of 404 () @ https://api.staging.obodux.boris-software.com/api/risk-management/032de183-61fd-496b-8d90-d7c93327b681/4:0
[   17954ms] [ERROR] Failed to load resource: the server responded with a status of 404 () @ https://api.staging.obodux.boris-software.com/api/checklist/032de183-61fd-496b-8d90-d7c93327b681/2:0
[   17955ms] [ERROR] Failed to load resource: the server responded with a status of 404 () @ https://api.staging.obodux.boris-software.com/api/clinical-evaluation/032de183-61fd-496b-8d90-d7c93327b681/1:0
[   17955ms] [ERROR] Failed to load resource: the server responded with a status of 404 () @ https://api.staging.obodux.boris-software.com/api/post-market-surveillance/032de183-61fd-496b-8d90-d7c93327b681/1:0
[   17956ms] [ERROR] Failed to load resource: the server responded with a status of 404 () @ https://api.staging.obodux.boris-software.com/api/risk-management/032de183-61fd-496b-8d90-d7c93327b681/2:0
[   17970ms] [ERROR] Failed to load resource: the server responded with a status of 404 () @ https://api.staging.obodux.boris-software.com/api/manufacturer/032de183-61fd-496b-8d90-d7c93327b681/1:0
[   17971ms] [ERROR] Failed to load resource: the server responded with a status of 404 () @ https://api.staging.obodux.boris-software.com/api/risk-management/032de183-61fd-496b-8d90-d7c93327b681/1:0
[   17973ms] [ERROR] Failed to load resource: the server responded with a status of 404 () @ https://api.staging.obodux.boris-software.com/api/design/032de183-61fd-496b-8d90-d7c93327b681/4:0
[   17975ms] [ERROR] Failed to load resource: the server responded with a status of 404 () @ https://api.staging.obodux.boris-software.com/api/design/032de183-61fd-496b-8d90-d7c93327b681/3:0
[   17975ms] [ERROR] Failed to load resource: the server responded with a status of 404 () @ https://api.staging.obodux.boris-software.com/api/post-market-surveillance/032de183-61fd-496b-8d90-d7c93327b681/2:0
[   17976ms] [ERROR] Failed to load resource: the server responded with a status of 404 () @ https://api.staging.obodux.boris-software.com/api/design/032de183-61fd-496b-8d90-d7c93327b681/1:0
[   17976ms] [ERROR] Failed to load resource: the server responded with a status of 404 () @ https://api.staging.obodux.boris-software.com/api/design/032de183-61fd-496b-8d90-d7c93327b681/2:0
[   17977ms] [ERROR] Failed to load resource: the server responded with a status of 404 () @ https://api.staging.obodux.boris-software.com/api/design/032de183-61fd-496b-8d90-d7c93327b681/5:0
[   17978ms] [ERROR] Failed to load resource: the server responded with a status of 404 () @ https://api.staging.obodux.boris-software.com/api/labelling/032de183-61fd-496b-8d90-d7c93327b681/3:0
[   20594ms] [ERROR] Failed to load resource: the server responded with a status of 404 () @ https://api.staging.obodux.boris-software.com/api/design/032de183-61fd-496b-8d90-d7c93327b681/3:0
[   20601ms] [ERROR] Failed to load resource: the server responded with a status of 404 () @ https://api.staging.obodux.boris-software.com/api/design/032de183-61fd-496b-8d90-d7c93327b681/2:0
[   20628ms] [ERROR] Failed to load resource: the server responded with a status of 404 () @ https://api.staging.obodux.boris-software.com/api/design/032de183-61fd-496b-8d90-d7c93327b681/1:0
[   20629ms] [ERROR] Failed to load resource: the server responded with a status of 404 () @ https://api.staging.obodux.boris-software.com/api/design/032de183-61fd-496b-8d90-d7c93327b681/4:0
[   20631ms] [ERROR] Failed to load resource: the server responded with a status of 404 () @ https://api.staging.obodux.boris-software.com/api/design/032de183-61fd-496b-8d90-d7c93327b681/5:0
[   20635ms] [ERROR] Failed to load resource: the server responded with a status of 404 () @ https://api.staging.obodux.boris-software.com/api/manufacturer/032de183-61fd-496b-8d90-d7c93327b681/1:0
[   24721ms] [ERROR] Failed to load resource: the server responded with a status of 404 () @ https://api.staging.obodux.boris-software.com/api/design/032de183-61fd-496b-8d90-d7c93327b681/1:0
[   24729ms] [ERROR] Failed to load resource: the server responded with a status of 404 () @ https://api.staging.obodux.boris-software.com/api/manufacturer/032de183-61fd-496b-8d90-d7c93327b681/1:0
[   24751ms] [ERROR] Failed to load resource: the server responded with a status of 404 () @ https://api.staging.obodux.boris-software.com/api/design/032de183-61fd-496b-8d90-d7c93327b681/2:0
[   24752ms] [ERROR] Failed to load resource: the server responded with a status of 404 () @ https://api.staging.obodux.boris-software.com/api/design/032de183-61fd-496b-8d90-d7c93327b681/3:0
[   24773ms] [ERROR] Failed to load resource: the server responded with a status of 404 () @ https://api.staging.obodux.boris-software.com/api/design/032de183-61fd-496b-8d90-d7c93327b681/4:0
[   24781ms] [ERROR] Failed to load resource: the server responded with a status of 404 () @ https://api.staging.obodux.boris-software.com/api/design/032de183-61fd-496b-8d90-d7c93327b681/5:0
[   30403ms] [ERROR] Failed to load resource: the server responded with a status of 404 () @ https://api.staging.obodux.boris-software.com/api/manufacturer/032de183-61fd-496b-8d90-d7c93327b681/1:0
[   30433ms] [ERROR] Failed to load resource: the server responded with a status of 404 () @ https://api.staging.obodux.boris-software.com/api/design/032de183-61fd-496b-8d90-d7c93327b681/4:0
[   30482ms] [ERROR] Failed to load resource: the server responded with a status of 404 () @ https://api.staging.obodux.boris-software.com/api/design/032de183-61fd-496b-8d90-d7c93327b681/1:0
[   30517ms] [ERROR] Failed to load resource: the server responded with a status of 404 () @ https://api.staging.obodux.boris-software.com/api/design/032de183-61fd-496b-8d90-d7c93327b681/2:0
[   30547ms] [ERROR] Failed to load resource: the server responded with a status of 404 () @ https://api.staging.obodux.boris-software.com/api/design/032de183-61fd-496b-8d90-d7c93327b681/5:0
[   30564ms] [ERROR] Failed to load resource: the server responded with a status of 404 () @ https://api.staging.obodux.boris-software.com/api/design/032de183-61fd-496b-8d90-d7c93327b681/3:0
