[   12718ms] [WARNING] The resource https://web.staging.obodux.boris-software.com/_next/static/css/86ae32e4b370adea.css was preloaded using link preload but not used within a few seconds from the window's load event. Please make sure it has an appropriate `as` value and it is preloaded intentionally. @ https://web.staging.obodux.boris-software.com/editor:0
[   97966ms] [ERROR] Failed to load resource: the server responded with a status of 404 () @ https://api.staging.obodux.boris-software.com/api/labelling/877dbca8-b246-4c71-9a3f-7c34a38ec9aa/3:0
[   98474ms] [ERROR] Failed to load resource: the server responded with a status of 404 () @ https://api.staging.obodux.boris-software.com/api/design/877dbca8-b246-4c71-9a3f-7c34a38ec9aa/5:0
[   98489ms] [ERROR] Failed to load resource: the server responded with a status of 404 () @ https://api.staging.obodux.boris-software.com/api/design/877dbca8-b246-4c71-9a3f-7c34a38ec9aa/3:0
[   98638ms] [ERROR] Failed to load resource: the server responded with a status of 404 () @ https://api.staging.obodux.boris-software.com/api/checklist/877dbca8-b246-4c71-9a3f-7c34a38ec9aa/2:0
[   98713ms] [ERROR] Failed to load resource: the server responded with a status of 404 () @ https://api.staging.obodux.boris-software.com/api/design/877dbca8-b246-4c71-9a3f-7c34a38ec9aa/2:0
[   98714ms] [ERROR] Failed to load resource: the server responded with a status of 404 () @ https://api.staging.obodux.boris-software.com/api/risk-management/877dbca8-b246-4c71-9a3f-7c34a38ec9aa/1:0
[   98714ms] [ERROR] Failed to load resource: the server responded with a status of 404 () @ https://api.staging.obodux.boris-software.com/api/clinical-evaluation/877dbca8-b246-4c71-9a3f-7c34a38ec9aa/1:0
[   98717ms] [ERROR] Failed to load resource: the server responded with a status of 404 () @ https://api.staging.obodux.boris-software.com/api/post-market-surveillance/877dbca8-b246-4c71-9a3f-7c34a38ec9aa/2:0
[   98717ms] [ERROR] Failed to load resource: the server responded with a status of 404 () @ https://api.staging.obodux.boris-software.com/api/design/877dbca8-b246-4c71-9a3f-7c34a38ec9aa/1:0
[   98721ms] [ERROR] Failed to load resource: the server responded with a status of 404 () @ https://api.staging.obodux.boris-software.com/api/risk-management/877dbca8-b246-4c71-9a3f-7c34a38ec9aa/2:0
[   98728ms] [ERROR] Failed to load resource: the server responded with a status of 404 () @ https://api.staging.obodux.boris-software.com/api/design/877dbca8-b246-4c71-9a3f-7c34a38ec9aa/4:0
[   98741ms] [ERROR] Failed to load resource: the server responded with a status of 404 () @ https://api.staging.obodux.boris-software.com/api/clinical-evaluation/877dbca8-b246-4c71-9a3f-7c34a38ec9aa/2:0
[   98996ms] [ERROR] Failed to load resource: the server responded with a status of 404 () @ https://api.staging.obodux.boris-software.com/api/post-market-surveillance/877dbca8-b246-4c71-9a3f-7c34a38ec9aa/1:0
[   98997ms] [ERROR] Failed to load resource: the server responded with a status of 404 () @ https://api.staging.obodux.boris-software.com/api/risk-management/877dbca8-b246-4c71-9a3f-7c34a38ec9aa/3:0
[   98999ms] [ERROR] Failed to load resource: the server responded with a status of 404 () @ https://api.staging.obodux.boris-software.com/api/manufacturer/877dbca8-b246-4c71-9a3f-7c34a38ec9aa/1:0
[   98999ms] [ERROR] Failed to load resource: the server responded with a status of 404 () @ https://api.staging.obodux.boris-software.com/api/verification-and-validation/877dbca8-b246-4c71-9a3f-7c34a38ec9aa/1:0
[   98999ms] [ERROR] Failed to load resource: the server responded with a status of 404 () @ https://api.staging.obodux.boris-software.com/api/labelling/877dbca8-b246-4c71-9a3f-7c34a38ec9aa/1:0
[   99000ms] [ERROR] Failed to load resource: the server responded with a status of 404 () @ https://api.staging.obodux.boris-software.com/api/risk-management/877dbca8-b246-4c71-9a3f-7c34a38ec9aa/4:0
[  101907ms] [ERROR] Failed to load resource: the server responded with a status of 404 () @ https://api.staging.obodux.boris-software.com/api/design/877dbca8-b246-4c71-9a3f-7c34a38ec9aa/3:0
[  102383ms] [ERROR] Failed to load resource: the server responded with a status of 404 () @ https://api.staging.obodux.boris-software.com/api/verification-and-validation/877dbca8-b246-4c71-9a3f-7c34a38ec9aa/1:0
[  102383ms] [ERROR] Failed to load resource: the server responded with a status of 404 () @ https://api.staging.obodux.boris-software.com/api/design/877dbca8-b246-4c71-9a3f-7c34a38ec9aa/5:0
[  102384ms] [ERROR] Failed to load resource: the server responded with a status of 404 () @ https://api.staging.obodux.boris-software.com/api/design/877dbca8-b246-4c71-9a3f-7c34a38ec9aa/1:0
[  102384ms] [ERROR] Failed to load resource: the server responded with a status of 404 () @ https://api.staging.obodux.boris-software.com/api/manufacturer/877dbca8-b246-4c71-9a3f-7c34a38ec9aa/1:0
[  102384ms] [ERROR] Failed to load resource: the server responded with a status of 404 () @ https://api.staging.obodux.boris-software.com/api/design/877dbca8-b246-4c71-9a3f-7c34a38ec9aa/4:0
[  102384ms] [ERROR] Failed to load resource: the server responded with a status of 404 () @ https://api.staging.obodux.boris-software.com/api/design/877dbca8-b246-4c71-9a3f-7c34a38ec9aa/2:0
[  111462ms] [ERROR] Failed to load resource: the server responded with a status of 404 () @ https://api.staging.obodux.boris-software.com/api/verification-and-validation/877dbca8-b246-4c71-9a3f-7c34a38ec9aa/1:0
[  111538ms] [ERROR] Failed to load resource: the server responded with a status of 404 () @ https://api.staging.obodux.boris-software.com/api/design/877dbca8-b246-4c71-9a3f-7c34a38ec9aa/3:0
[  111557ms] [ERROR] Failed to load resource: the server responded with a status of 404 () @ https://api.staging.obodux.boris-software.com/api/design/877dbca8-b246-4c71-9a3f-7c34a38ec9aa/1:0
[  111563ms] [ERROR] Failed to load resource: the server responded with a status of 404 () @ https://api.staging.obodux.boris-software.com/api/design/877dbca8-b246-4c71-9a3f-7c34a38ec9aa/2:0
[  111588ms] [ERROR] Failed to load resource: the server responded with a status of 404 () @ https://api.staging.obodux.boris-software.com/api/design/877dbca8-b246-4c71-9a3f-7c34a38ec9aa/5:0
[  111618ms] [ERROR] Failed to load resource: the server responded with a status of 404 () @ https://api.staging.obodux.boris-software.com/api/design/877dbca8-b246-4c71-9a3f-7c34a38ec9aa/4:0
[  111619ms] [ERROR] Failed to load resource: the server responded with a status of 404 () @ https://api.staging.obodux.boris-software.com/api/manufacturer/877dbca8-b246-4c71-9a3f-7c34a38ec9aa/1:0
