[   14693ms] [WARNING] The resource https://web.staging.obodux.boris-software.com/_next/static/css/86ae32e4b370adea.css was preloaded using link preload but not used within a few seconds from the window's load event. Please make sure it has an appropriate `as` value and it is preloaded intentionally. @ https://web.staging.obodux.boris-software.com/editor:0
[   18946ms] [WARNING] The resource https://web.staging.obodux.boris-software.com/_next/static/css/86ae32e4b370adea.css was preloaded using link preload but not used within a few seconds from the window's load event. Please make sure it has an appropriate `as` value and it is preloaded intentionally. @ https://web.staging.obodux.boris-software.com/editor:0
[   42452ms] [ERROR] Failed to load resource: the server responded with a status of 404 () @ https://api.staging.obodux.boris-software.com/api/labelling/27a5c9f6-295e-4f43-a0db-989b685d895f/1:0
[   43566ms] [ERROR] Failed to load resource: the server responded with a status of 404 () @ https://api.staging.obodux.boris-software.com/api/clinical-evaluation/27a5c9f6-295e-4f43-a0db-989b685d895f/2:0
[   43567ms] [ERROR] Failed to load resource: the server responded with a status of 404 () @ https://api.staging.obodux.boris-software.com/api/design/27a5c9f6-295e-4f43-a0db-989b685d895f/2:0
[   43795ms] [ERROR] Failed to load resource: the server responded with a status of 404 () @ https://api.staging.obodux.boris-software.com/api/risk-management/27a5c9f6-295e-4f43-a0db-989b685d895f/2:0
[   43836ms] [ERROR] Failed to load resource: the server responded with a status of 404 () @ https://api.staging.obodux.boris-software.com/api/risk-management/27a5c9f6-295e-4f43-a0db-989b685d895f/4:0
[   43861ms] [ERROR] Failed to load resource: the server responded with a status of 404 () @ https://api.staging.obodux.boris-software.com/api/labelling/27a5c9f6-295e-4f43-a0db-989b685d895f/3:0
[   43881ms] [ERROR] Failed to load resource: the server responded with a status of 404 () @ https://api.staging.obodux.boris-software.com/api/design/27a5c9f6-295e-4f43-a0db-989b685d895f/1:0
[   43883ms] [ERROR] Failed to load resource: the server responded with a status of 404 () @ https://api.staging.obodux.boris-software.com/api/design/27a5c9f6-295e-4f43-a0db-989b685d895f/4:0
[   43893ms] [ERROR] Failed to load resource: the server responded with a status of 404 () @ https://api.staging.obodux.boris-software.com/api/checklist/27a5c9f6-295e-4f43-a0db-989b685d895f/2:0
[   43927ms] [ERROR] Failed to load resource: the server responded with a status of 404 () @ https://api.staging.obodux.boris-software.com/api/verification-and-validation/27a5c9f6-295e-4f43-a0db-989b685d895f/1:0
[   43988ms] [ERROR] Failed to load resource: the server responded with a status of 404 () @ https://api.staging.obodux.boris-software.com/api/manufacturer/27a5c9f6-295e-4f43-a0db-989b685d895f/1:0
[   43989ms] [ERROR] Failed to load resource: the server responded with a status of 404 () @ https://api.staging.obodux.boris-software.com/api/design/27a5c9f6-295e-4f43-a0db-989b685d895f/5:0
[   43991ms] [ERROR] Failed to load resource: the server responded with a status of 404 () @ https://api.staging.obodux.boris-software.com/api/risk-management/27a5c9f6-295e-4f43-a0db-989b685d895f/3:0
[   43992ms] [ERROR] Failed to load resource: the server responded with a status of 404 () @ https://api.staging.obodux.boris-software.com/api/clinical-evaluation/27a5c9f6-295e-4f43-a0db-989b685d895f/1:0
[   43993ms] [ERROR] Failed to load resource: the server responded with a status of 404 () @ https://api.staging.obodux.boris-software.com/api/post-market-surveillance/27a5c9f6-295e-4f43-a0db-989b685d895f/2:0
[   43994ms] [ERROR] Failed to load resource: the server responded with a status of 404 () @ https://api.staging.obodux.boris-software.com/api/post-market-surveillance/27a5c9f6-295e-4f43-a0db-989b685d895f/1:0
[   43995ms] [ERROR] Failed to load resource: the server responded with a status of 404 () @ https://api.staging.obodux.boris-software.com/api/design/27a5c9f6-295e-4f43-a0db-989b685d895f/3:0
[   43995ms] [ERROR] Failed to load resource: the server responded with a status of 404 () @ https://api.staging.obodux.boris-software.com/api/risk-management/27a5c9f6-295e-4f43-a0db-989b685d895f/1:0
[   45716ms] [ERROR] Failed to load resource: the server responded with a status of 404 () @ https://api.staging.obodux.boris-software.com/api/design/27a5c9f6-295e-4f43-a0db-989b685d895f/2:0
[   46347ms] [ERROR] Failed to load resource: the server responded with a status of 404 () @ https://api.staging.obodux.boris-software.com/api/design/27a5c9f6-295e-4f43-a0db-989b685d895f/1:0
[   46477ms] [ERROR] Failed to load resource: the server responded with a status of 404 () @ https://api.staging.obodux.boris-software.com/api/verification-and-validation/27a5c9f6-295e-4f43-a0db-989b685d895f/1:0
[   46590ms] [ERROR] Failed to load resource: the server responded with a status of 404 () @ https://api.staging.obodux.boris-software.com/api/design/27a5c9f6-295e-4f43-a0db-989b685d895f/3:0
[   46591ms] [ERROR] Failed to load resource: the server responded with a status of 404 () @ https://api.staging.obodux.boris-software.com/api/design/27a5c9f6-295e-4f43-a0db-989b685d895f/4:0
[   46598ms] [ERROR] Failed to load resource: the server responded with a status of 404 () @ https://api.staging.obodux.boris-software.com/api/manufacturer/27a5c9f6-295e-4f43-a0db-989b685d895f/1:0
[   46625ms] [ERROR] Failed to load resource: the server responded with a status of 404 () @ https://api.staging.obodux.boris-software.com/api/design/27a5c9f6-295e-4f43-a0db-989b685d895f/5:0
[   49127ms] [ERROR] Failed to load resource: the server responded with a status of 404 () @ https://api.staging.obodux.boris-software.com/api/design/27a5c9f6-295e-4f43-a0db-989b685d895f/2:0
[   50208ms] [ERROR] Failed to load resource: the server responded with a status of 404 () @ https://api.staging.obodux.boris-software.com/api/design/27a5c9f6-295e-4f43-a0db-989b685d895f/1:0
[   50299ms] [ERROR] Failed to load resource: the server responded with a status of 404 () @ https://api.staging.obodux.boris-software.com/api/verification-and-validation/27a5c9f6-295e-4f43-a0db-989b685d895f/1:0
[   50792ms] [ERROR] Failed to load resource: the server responded with a status of 404 () @ https://api.staging.obodux.boris-software.com/api/design/27a5c9f6-295e-4f43-a0db-989b685d895f/3:0
[   50792ms] [ERROR] Failed to load resource: the server responded with a status of 404 () @ https://api.staging.obodux.boris-software.com/api/design/27a5c9f6-295e-4f43-a0db-989b685d895f/4:0
[   50824ms] [ERROR] Failed to load resource: the server responded with a status of 404 () @ https://api.staging.obodux.boris-software.com/api/manufacturer/27a5c9f6-295e-4f43-a0db-989b685d895f/1:0
[   50840ms] [ERROR] Failed to load resource: the server responded with a status of 404 () @ https://api.staging.obodux.boris-software.com/api/design/27a5c9f6-295e-4f43-a0db-989b685d895f/5:0
[   57707ms] [ERROR] Failed to load resource: the server responded with a status of 404 () @ https://api.staging.obodux.boris-software.com/api/design/27a5c9f6-295e-4f43-a0db-989b685d895f/2:0
[   58611ms] [ERROR] Failed to load resource: the server responded with a status of 404 () @ https://api.staging.obodux.boris-software.com/api/manufacturer/27a5c9f6-295e-4f43-a0db-989b685d895f/1:0
[   58618ms] [ERROR] Failed to load resource: the server responded with a status of 404 () @ https://api.staging.obodux.boris-software.com/api/design/27a5c9f6-295e-4f43-a0db-989b685d895f/1:0
[   58731ms] [ERROR] Failed to load resource: the server responded with a status of 404 () @ https://api.staging.obodux.boris-software.com/api/design/27a5c9f6-295e-4f43-a0db-989b685d895f/5:0
[   60374ms] [ERROR] Failed to load resource: the server responded with a status of 404 () @ https://api.staging.obodux.boris-software.com/api/design/27a5c9f6-295e-4f43-a0db-989b685d895f/3:0
[   60382ms] [ERROR] Failed to load resource: the server responded with a status of 404 () @ https://api.staging.obodux.boris-software.com/api/verification-and-validation/27a5c9f6-295e-4f43-a0db-989b685d895f/1:0
[   60393ms] [ERROR] Failed to load resource: the server responded with a status of 404 () @ https://api.staging.obodux.boris-software.com/api/design/27a5c9f6-295e-4f43-a0db-989b685d895f/4:0
[   67088ms] [ERROR] Failed to load resource: the server responded with a status of 404 () @ https://api.staging.obodux.boris-software.com/api/manufacturer/27a5c9f6-295e-4f43-a0db-989b685d895f/1:0
[   67177ms] [ERROR] Failed to load resource: the server responded with a status of 404 () @ https://api.staging.obodux.boris-software.com/api/design/27a5c9f6-295e-4f43-a0db-989b685d895f/2:0
[   67388ms] [ERROR] Failed to load resource: the server responded with a status of 404 () @ https://api.staging.obodux.boris-software.com/api/design/27a5c9f6-295e-4f43-a0db-989b685d895f/3:0
[   67392ms] [ERROR] Failed to load resource: the server responded with a status of 404 () @ https://api.staging.obodux.boris-software.com/api/design/27a5c9f6-295e-4f43-a0db-989b685d895f/5:0
[   67392ms] [ERROR] Failed to load resource: the server responded with a status of 404 () @ https://api.staging.obodux.boris-software.com/api/verification-and-validation/27a5c9f6-295e-4f43-a0db-989b685d895f/1:0
[   67395ms] [ERROR] Failed to load resource: the server responded with a status of 404 () @ https://api.staging.obodux.boris-software.com/api/design/27a5c9f6-295e-4f43-a0db-989b685d895f/1:0
[   67396ms] [ERROR] Failed to load resource: the server responded with a status of 404 () @ https://api.staging.obodux.boris-software.com/api/design/27a5c9f6-295e-4f43-a0db-989b685d895f/4:0
[   69087ms] [ERROR] Failed to load resource: the server responded with a status of 404 () @ https://api.staging.obodux.boris-software.com/api/design/27a5c9f6-295e-4f43-a0db-989b685d895f/2:0
[   69098ms] [ERROR] Failed to load resource: the server responded with a status of 404 () @ https://api.staging.obodux.boris-software.com/api/manufacturer/27a5c9f6-295e-4f43-a0db-989b685d895f/1:0
[   69752ms] [ERROR] Failed to load resource: the server responded with a status of 404 () @ https://api.staging.obodux.boris-software.com/api/design/27a5c9f6-295e-4f43-a0db-989b685d895f/3:0
[   69763ms] [ERROR] Failed to load resource: the server responded with a status of 404 () @ https://api.staging.obodux.boris-software.com/api/verification-and-validation/27a5c9f6-295e-4f43-a0db-989b685d895f/1:0
[   69771ms] [ERROR] Failed to load resource: the server responded with a status of 404 () @ https://api.staging.obodux.boris-software.com/api/design/27a5c9f6-295e-4f43-a0db-989b685d895f/1:0
[   69781ms] [ERROR] Failed to load resource: the server responded with a status of 404 () @ https://api.staging.obodux.boris-software.com/api/design/27a5c9f6-295e-4f43-a0db-989b685d895f/4:0
[   69794ms] [ERROR] Failed to load resource: the server responded with a status of 404 () @ https://api.staging.obodux.boris-software.com/api/design/27a5c9f6-295e-4f43-a0db-989b685d895f/5:0
[   73721ms] [ERROR] Failed to load resource: the server responded with a status of 404 () @ https://api.staging.obodux.boris-software.com/api/design/27a5c9f6-295e-4f43-a0db-989b685d895f/1:0
[   73748ms] [ERROR] Failed to load resource: the server responded with a status of 404 () @ https://api.staging.obodux.boris-software.com/api/design/27a5c9f6-295e-4f43-a0db-989b685d895f/3:0
[   73749ms] [ERROR] Failed to load resource: the server responded with a status of 404 () @ https://api.staging.obodux.boris-software.com/api/verification-and-validation/27a5c9f6-295e-4f43-a0db-989b685d895f/1:0
[   73794ms] [ERROR] Failed to load resource: the server responded with a status of 404 () @ https://api.staging.obodux.boris-software.com/api/design/27a5c9f6-295e-4f43-a0db-989b685d895f/5:0
[   73847ms] [ERROR] Failed to load resource: the server responded with a status of 404 () @ https://api.staging.obodux.boris-software.com/api/design/27a5c9f6-295e-4f43-a0db-989b685d895f/4:0
[   73877ms] [ERROR] Failed to load resource: the server responded with a status of 404 () @ https://api.staging.obodux.boris-software.com/api/design/27a5c9f6-295e-4f43-a0db-989b685d895f/2:0
[   73878ms] [ERROR] Failed to load resource: the server responded with a status of 404 () @ https://api.staging.obodux.boris-software.com/api/manufacturer/27a5c9f6-295e-4f43-a0db-989b685d895f/1:0
[   79648ms] [ERROR] Failed to load resource: the server responded with a status of 404 () @ https://api.staging.obodux.boris-software.com/api/design/27a5c9f6-295e-4f43-a0db-989b685d895f/2:0
[   79862ms] [ERROR] Failed to load resource: the server responded with a status of 404 () @ https://api.staging.obodux.boris-software.com/api/design/27a5c9f6-295e-4f43-a0db-989b685d895f/1:0
[   79901ms] [ERROR] Failed to load resource: the server responded with a status of 404 () @ https://api.staging.obodux.boris-software.com/api/manufacturer/27a5c9f6-295e-4f43-a0db-989b685d895f/1:0
[   79912ms] [ERROR] Failed to load resource: the server responded with a status of 404 () @ https://api.staging.obodux.boris-software.com/api/design/27a5c9f6-295e-4f43-a0db-989b685d895f/5:0
[   79912ms] [ERROR] Failed to load resource: the server responded with a status of 404 () @ https://api.staging.obodux.boris-software.com/api/design/27a5c9f6-295e-4f43-a0db-989b685d895f/4:0
[   79914ms] [ERROR] Failed to load resource: the server responded with a status of 404 () @ https://api.staging.obodux.boris-software.com/api/design/27a5c9f6-295e-4f43-a0db-989b685d895f/3:0
[   79974ms] [ERROR] Failed to load resource: the server responded with a status of 404 () @ https://api.staging.obodux.boris-software.com/api/verification-and-validation/27a5c9f6-295e-4f43-a0db-989b685d895f/1:0
[  104986ms] [ERROR] Failed to load resource: the server responded with a status of 404 () @ https://api.staging.obodux.boris-software.com/api/design/27a5c9f6-295e-4f43-a0db-989b685d895f/1:0
[  106297ms] [ERROR] Failed to load resource: the server responded with a status of 404 () @ https://api.staging.obodux.boris-software.com/api/design/27a5c9f6-295e-4f43-a0db-989b685d895f/2:0
[  106379ms] [ERROR] Failed to load resource: the server responded with a status of 404 () @ https://api.staging.obodux.boris-software.com/api/design/27a5c9f6-295e-4f43-a0db-989b685d895f/5:0
[  106380ms] [ERROR] Failed to load resource: the server responded with a status of 404 () @ https://api.staging.obodux.boris-software.com/api/verification-and-validation/27a5c9f6-295e-4f43-a0db-989b685d895f/1:0
[  106381ms] [ERROR] Failed to load resource: the server responded with a status of 404 () @ https://api.staging.obodux.boris-software.com/api/design/27a5c9f6-295e-4f43-a0db-989b685d895f/4:0
[  106407ms] [ERROR] Failed to load resource: the server responded with a status of 404 () @ https://api.staging.obodux.boris-software.com/api/design/27a5c9f6-295e-4f43-a0db-989b685d895f/3:0
[  106421ms] [ERROR] Failed to load resource: the server responded with a status of 404 () @ https://api.staging.obodux.boris-software.com/api/manufacturer/27a5c9f6-295e-4f43-a0db-989b685d895f/1:0
[  106832ms] [ERROR] Failed to load resource: the server responded with a status of 404 () @ https://api.staging.obodux.boris-software.com/api/design/27a5c9f6-295e-4f43-a0db-989b685d895f/1:0
[  108420ms] [ERROR] Failed to load resource: the server responded with a status of 404 () @ https://api.staging.obodux.boris-software.com/api/design/27a5c9f6-295e-4f43-a0db-989b685d895f/2:0
[  109242ms] [ERROR] Failed to load resource: the server responded with a status of 404 () @ https://api.staging.obodux.boris-software.com/api/design/27a5c9f6-295e-4f43-a0db-989b685d895f/5:0
[  109264ms] [ERROR] Failed to load resource: the server responded with a status of 404 () @ https://api.staging.obodux.boris-software.com/api/manufacturer/27a5c9f6-295e-4f43-a0db-989b685d895f/1:0
[  109297ms] [ERROR] Failed to load resource: the server responded with a status of 404 () @ https://api.staging.obodux.boris-software.com/api/verification-and-validation/27a5c9f6-295e-4f43-a0db-989b685d895f/1:0
[  109347ms] [ERROR] Failed to load resource: the server responded with a status of 404 () @ https://api.staging.obodux.boris-software.com/api/design/27a5c9f6-295e-4f43-a0db-989b685d895f/3:0
[  109348ms] [ERROR] Failed to load resource: the server responded with a status of 404 () @ https://api.staging.obodux.boris-software.com/api/design/27a5c9f6-295e-4f43-a0db-989b685d895f/4:0
[  109641ms] [ERROR] Failed to load resource: the server responded with a status of 404 () @ https://api.staging.obodux.boris-software.com/api/design/27a5c9f6-295e-4f43-a0db-989b685d895f/1:0
[  111394ms] [ERROR] Failed to load resource: the server responded with a status of 404 () @ https://api.staging.obodux.boris-software.com/api/design/27a5c9f6-295e-4f43-a0db-989b685d895f/2:0
[  112765ms] [ERROR] Failed to load resource: the server responded with a status of 404 () @ https://api.staging.obodux.boris-software.com/api/design/27a5c9f6-295e-4f43-a0db-989b685d895f/5:0
[  112765ms] [ERROR] Failed to load resource: the server responded with a status of 404 () @ https://api.staging.obodux.boris-software.com/api/manufacturer/27a5c9f6-295e-4f43-a0db-989b685d895f/1:0
[  112768ms] [ERROR] Failed to load resource: the server responded with a status of 404 () @ https://api.staging.obodux.boris-software.com/api/design/27a5c9f6-295e-4f43-a0db-989b685d895f/3:0
[  112907ms] [ERROR] Failed to load resource: the server responded with a status of 404 () @ https://api.staging.obodux.boris-software.com/api/verification-and-validation/27a5c9f6-295e-4f43-a0db-989b685d895f/1:0
[  112908ms] [ERROR] Failed to load resource: the server responded with a status of 404 () @ https://api.staging.obodux.boris-software.com/api/design/27a5c9f6-295e-4f43-a0db-989b685d895f/4:0
[  114653ms] [ERROR] Failed to load resource: the server responded with a status of 404 () @ https://api.staging.obodux.boris-software.com/api/design/27a5c9f6-295e-4f43-a0db-989b685d895f/1:0
[  116252ms] [ERROR] Failed to load resource: the server responded with a status of 404 () @ https://api.staging.obodux.boris-software.com/api/design/27a5c9f6-295e-4f43-a0db-989b685d895f/2:0
[  118501ms] [ERROR] Failed to load resource: the server responded with a status of 404 () @ https://api.staging.obodux.boris-software.com/api/design/27a5c9f6-295e-4f43-a0db-989b685d895f/4:0
[  118567ms] [ERROR] Failed to load resource: the server responded with a status of 404 () @ https://api.staging.obodux.boris-software.com/api/manufacturer/27a5c9f6-295e-4f43-a0db-989b685d895f/1:0
[  118568ms] [ERROR] Failed to load resource: the server responded with a status of 404 () @ https://api.staging.obodux.boris-software.com/api/design/27a5c9f6-295e-4f43-a0db-989b685d895f/5:0
[  118569ms] [ERROR] Failed to load resource: the server responded with a status of 404 () @ https://api.staging.obodux.boris-software.com/api/design/27a5c9f6-295e-4f43-a0db-989b685d895f/3:0
[  118593ms] [ERROR] Failed to load resource: the server responded with a status of 404 () @ https://api.staging.obodux.boris-software.com/api/verification-and-validation/27a5c9f6-295e-4f43-a0db-989b685d895f/1:0
[ 7663557ms] [ERROR] Failed to load resource: the server responded with a status of 500 () @ https://api.staging.obodux.boris-software.com/api/v2/chat/threads?deviceId=27a5c9f6-295e-4f43-a0db-989b685d895f:0
[ 7666036ms] [ERROR] Failed to load resource: the server responded with a status of 500 () @ https://api.staging.obodux.boris-software.com/api/v2/chat/threads?deviceId=27a5c9f6-295e-4f43-a0db-989b685d895f:0
[ 7677430ms] [ERROR] Failed to load resource: the server responded with a status of 500 () @ https://api.staging.obodux.boris-software.com/api/v2/chat/threads?deviceId=27a5c9f6-295e-4f43-a0db-989b685d895f:0
