[   54150ms] [ERROR] Failed to load resource: the server responded with a status of 404 () @ https://api.staging.obodux.boris-software.com/api/risk-management/8fccee47-b8ae-4e4f-97f8-86d223b8d121/2:0
[   55098ms] [ERROR] Failed to load resource: the server responded with a status of 404 () @ https://api.staging.obodux.boris-software.com/api/design/8fccee47-b8ae-4e4f-97f8-86d223b8d121/2:0
[   55099ms] [ERROR] Failed to load resource: the server responded with a status of 404 () @ https://api.staging.obodux.boris-software.com/api/design/8fccee47-b8ae-4e4f-97f8-86d223b8d121/4:0
[   55100ms] [ERROR] Failed to load resource: the server responded with a status of 404 () @ https://api.staging.obodux.boris-software.com/api/risk-management/8fccee47-b8ae-4e4f-97f8-86d223b8d121/3:0
[   55101ms] [ERROR] Failed to load resource: the server responded with a status of 404 () @ https://api.staging.obodux.boris-software.com/api/checklist/8fccee47-b8ae-4e4f-97f8-86d223b8d121/2:0
[   55221ms] [ERROR] Failed to load resource: the server responded with a status of 404 () @ https://api.staging.obodux.boris-software.com/api/clinical-evaluation/8fccee47-b8ae-4e4f-97f8-86d223b8d121/2:0
[   55221ms] [ERROR] Failed to load resource: the server responded with a status of 404 () @ https://api.staging.obodux.boris-software.com/api/clinical-evaluation/8fccee47-b8ae-4e4f-97f8-86d223b8d121/1:0
[   55222ms] [ERROR] Failed to load resource: the server responded with a status of 404 () @ https://api.staging.obodux.boris-software.com/api/risk-management/8fccee47-b8ae-4e4f-97f8-86d223b8d121/1:0
[   55300ms] [ERROR] Failed to load resource: the server responded with a status of 404 () @ https://api.staging.obodux.boris-software.com/api/design/8fccee47-b8ae-4e4f-97f8-86d223b8d121/1:0
[   55301ms] [ERROR] Failed to load resource: the server responded with a status of 404 () @ https://api.staging.obodux.boris-software.com/api/risk-management/8fccee47-b8ae-4e4f-97f8-86d223b8d121/4:0
[   55302ms] [ERROR] Failed to load resource: the server responded with a status of 404 () @ https://api.staging.obodux.boris-software.com/api/labelling/8fccee47-b8ae-4e4f-97f8-86d223b8d121/1:0
[   55303ms] [ERROR] Failed to load resource: the server responded with a status of 404 () @ https://api.staging.obodux.boris-software.com/api/manufacturer/8fccee47-b8ae-4e4f-97f8-86d223b8d121/1:0
[   55303ms] [ERROR] Failed to load resource: the server responded with a status of 404 () @ https://api.staging.obodux.boris-software.com/api/post-market-surveillance/8fccee47-b8ae-4e4f-97f8-86d223b8d121/2:0
[   55303ms] [ERROR] Failed to load resource: the server responded with a status of 404 () @ https://api.staging.obodux.boris-software.com/api/verification-and-validation/8fccee47-b8ae-4e4f-97f8-86d223b8d121/1:0
[   55304ms] [ERROR] Failed to load resource: the server responded with a status of 404 () @ https://api.staging.obodux.boris-software.com/api/post-market-surveillance/8fccee47-b8ae-4e4f-97f8-86d223b8d121/1:0
[   60870ms] [ERROR] Failed to load resource: the server responded with a status of 404 () @ https://api.staging.obodux.boris-software.com/api/design/8fccee47-b8ae-4e4f-97f8-86d223b8d121/5:0
[   60898ms] [ERROR] Failed to load resource: the server responded with a status of 404 () @ https://api.staging.obodux.boris-software.com/api/design/8fccee47-b8ae-4e4f-97f8-86d223b8d121/3:0
[   60906ms] [ERROR] Failed to load resource: the server responded with a status of 404 () @ https://api.staging.obodux.boris-software.com/api/labelling/8fccee47-b8ae-4e4f-97f8-86d223b8d121/3:0
[   61196ms] [ERROR] Failed to load resource: the server responded with a status of 404 () @ https://api.staging.obodux.boris-software.com/api/design/8fccee47-b8ae-4e4f-97f8-86d223b8d121/1:0
[   61239ms] [ERROR] Failed to load resource: the server responded with a status of 404 () @ https://api.staging.obodux.boris-software.com/api/manufacturer/8fccee47-b8ae-4e4f-97f8-86d223b8d121/1:0
[   61240ms] [ERROR] Failed to load resource: the server responded with a status of 404 () @ https://api.staging.obodux.boris-software.com/api/design/8fccee47-b8ae-4e4f-97f8-86d223b8d121/2:0
[   61240ms] [ERROR] Failed to load resource: the server responded with a status of 404 () @ https://api.staging.obodux.boris-software.com/api/design/8fccee47-b8ae-4e4f-97f8-86d223b8d121/4:0
[   61255ms] [ERROR] Failed to load resource: the server responded with a status of 404 () @ https://api.staging.obodux.boris-software.com/api/verification-and-validation/8fccee47-b8ae-4e4f-97f8-86d223b8d121/1:0
[   62912ms] [ERROR] Failed to load resource: the server responded with a status of 404 () @ https://api.staging.obodux.boris-software.com/api/design/8fccee47-b8ae-4e4f-97f8-86d223b8d121/3:0
[   62913ms] [ERROR] Failed to load resource: the server responded with a status of 404 () @ https://api.staging.obodux.boris-software.com/api/design/8fccee47-b8ae-4e4f-97f8-86d223b8d121/5:0
[   64394ms] [ERROR] Failed to load resource: the server responded with a status of 404 () @ https://api.staging.obodux.boris-software.com/api/design/8fccee47-b8ae-4e4f-97f8-86d223b8d121/1:0
[   64605ms] [ERROR] Failed to load resource: the server responded with a status of 404 () @ https://api.staging.obodux.boris-software.com/api/design/8fccee47-b8ae-4e4f-97f8-86d223b8d121/4:0
[   64634ms] [ERROR] Failed to load resource: the server responded with a status of 404 () @ https://api.staging.obodux.boris-software.com/api/verification-and-validation/8fccee47-b8ae-4e4f-97f8-86d223b8d121/1:0
[   64635ms] [ERROR] Failed to load resource: the server responded with a status of 404 () @ https://api.staging.obodux.boris-software.com/api/manufacturer/8fccee47-b8ae-4e4f-97f8-86d223b8d121/1:0
[   64646ms] [ERROR] Failed to load resource: the server responded with a status of 404 () @ https://api.staging.obodux.boris-software.com/api/design/8fccee47-b8ae-4e4f-97f8-86d223b8d121/2:0
[   66411ms] [ERROR] Failed to load resource: the server responded with a status of 404 () @ https://api.staging.obodux.boris-software.com/api/design/8fccee47-b8ae-4e4f-97f8-86d223b8d121/3:0
[   66412ms] [ERROR] Failed to load resource: the server responded with a status of 404 () @ https://api.staging.obodux.boris-software.com/api/design/8fccee47-b8ae-4e4f-97f8-86d223b8d121/5:0
[   69900ms] [ERROR] Failed to load resource: the server responded with a status of 404 () @ https://api.staging.obodux.boris-software.com/api/design/8fccee47-b8ae-4e4f-97f8-86d223b8d121/1:0
[   70674ms] [ERROR] Failed to load resource: the server responded with a status of 404 () @ https://api.staging.obodux.boris-software.com/api/manufacturer/8fccee47-b8ae-4e4f-97f8-86d223b8d121/1:0
[   70685ms] [ERROR] Failed to load resource: the server responded with a status of 404 () @ https://api.staging.obodux.boris-software.com/api/verification-and-validation/8fccee47-b8ae-4e4f-97f8-86d223b8d121/1:0
[   70686ms] [ERROR] Failed to load resource: the server responded with a status of 404 () @ https://api.staging.obodux.boris-software.com/api/design/8fccee47-b8ae-4e4f-97f8-86d223b8d121/4:0
[   70687ms] [ERROR] Failed to load resource: the server responded with a status of 404 () @ https://api.staging.obodux.boris-software.com/api/design/8fccee47-b8ae-4e4f-97f8-86d223b8d121/2:0
[   72992ms] [ERROR] Failed to load resource: the server responded with a status of 404 () @ https://api.staging.obodux.boris-software.com/api/design/8fccee47-b8ae-4e4f-97f8-86d223b8d121/5:0
[   73014ms] [ERROR] Failed to load resource: the server responded with a status of 404 () @ https://api.staging.obodux.boris-software.com/api/design/8fccee47-b8ae-4e4f-97f8-86d223b8d121/3:0
