[    6929ms] [WARNING] The resource https://web.staging.obodux.boris-software.com/_next/static/css/86ae32e4b370adea.css was preloaded using link preload but not used within a few seconds from the window's load event. Please make sure it has an appropriate `as` value and it is preloaded intentionally. @ https://web.staging.obodux.boris-software.com/editor/device-documentation/27a5c9f6-295e-4f43-a0db-989b685d895f/clinical-evaluation/plan:0
[    8486ms] [INFO] Slow network is detected. See https://www.chromestatus.com/feature/5636954674692096 for more details. Fallback font will be used while loading: https://web.staging.obodux.boris-software.com/fonts/Inter.ttf @ https://web.staging.obodux.boris-software.com/_next/static/chunks/97-ddf6ea816d9ad144.js:22
[   14983ms] [ERROR] Failed to load resource: the server responded with a status of 404 () @ https://api.staging.obodux.boris-software.com/api/risk-management/27a5c9f6-295e-4f43-a0db-989b685d895f/1:0
[   14995ms] [ERROR] Failed to load resource: the server responded with a status of 404 () @ https://api.staging.obodux.boris-software.com/api/risk-management/27a5c9f6-295e-4f43-a0db-989b685d895f/4:0
[   15009ms] [ERROR] Failed to load resource: the server responded with a status of 404 () @ https://api.staging.obodux.boris-software.com/api/design/27a5c9f6-295e-4f43-a0db-989b685d895f/5:0
[   15010ms] [ERROR] Failed to load resource: the server responded with a status of 404 () @ https://api.staging.obodux.boris-software.com/api/design/27a5c9f6-295e-4f43-a0db-989b685d895f/2:0
[   15039ms] [ERROR] Failed to load resource: the server responded with a status of 404 () @ https://api.staging.obodux.boris-software.com/api/risk-management/27a5c9f6-295e-4f43-a0db-989b685d895f/3:0
[   15045ms] [ERROR] Failed to load resource: the server responded with a status of 404 () @ https://api.staging.obodux.boris-software.com/api/clinical-evaluation/27a5c9f6-295e-4f43-a0db-989b685d895f/1:0
[   15168ms] [ERROR] Failed to load resource: the server responded with a status of 404 () @ https://api.staging.obodux.boris-software.com/api/design/27a5c9f6-295e-4f43-a0db-989b685d895f/3:0
[   15180ms] [ERROR] Failed to load resource: the server responded with a status of 404 () @ https://api.staging.obodux.boris-software.com/api/post-market-surveillance/27a5c9f6-295e-4f43-a0db-989b685d895f/2:0
[   15211ms] [ERROR] Failed to load resource: the server responded with a status of 404 () @ https://api.staging.obodux.boris-software.com/api/verification-and-validation/27a5c9f6-295e-4f43-a0db-989b685d895f/1:0
[   15252ms] [ERROR] Failed to load resource: the server responded with a status of 404 () @ https://api.staging.obodux.boris-software.com/api/design/27a5c9f6-295e-4f43-a0db-989b685d895f/4:0
[   15394ms] [ERROR] Failed to load resource: the server responded with a status of 404 () @ https://api.staging.obodux.boris-software.com/api/design/27a5c9f6-295e-4f43-a0db-989b685d895f/1:0
[   15438ms] [ERROR] Failed to load resource: the server responded with a status of 404 () @ https://api.staging.obodux.boris-software.com/api/manufacturer/27a5c9f6-295e-4f43-a0db-989b685d895f/1:0
[   15507ms] [ERROR] Failed to load resource: the server responded with a status of 404 () @ https://api.staging.obodux.boris-software.com/api/checklist/27a5c9f6-295e-4f43-a0db-989b685d895f/2:0
[   15509ms] [ERROR] Failed to load resource: the server responded with a status of 404 () @ https://api.staging.obodux.boris-software.com/api/labelling/27a5c9f6-295e-4f43-a0db-989b685d895f/3:0
[   15583ms] [ERROR] Failed to load resource: the server responded with a status of 404 () @ https://api.staging.obodux.boris-software.com/api/risk-management/27a5c9f6-295e-4f43-a0db-989b685d895f/2:0
[   15584ms] [ERROR] Failed to load resource: the server responded with a status of 404 () @ https://api.staging.obodux.boris-software.com/api/post-market-surveillance/27a5c9f6-295e-4f43-a0db-989b685d895f/1:0
[   15593ms] [ERROR] Failed to load resource: the server responded with a status of 404 () @ https://api.staging.obodux.boris-software.com/api/labelling/27a5c9f6-295e-4f43-a0db-989b685d895f/1:0
[   17024ms] [ERROR] Failed to load resource: the server responded with a status of 404 () @ https://api.staging.obodux.boris-software.com/api/design/27a5c9f6-295e-4f43-a0db-989b685d895f/2:0
[   17028ms] [ERROR] Failed to load resource: the server responded with a status of 404 () @ https://api.staging.obodux.boris-software.com/api/design/27a5c9f6-295e-4f43-a0db-989b685d895f/5:0
[   17140ms] [ERROR] Failed to load resource: the server responded with a status of 404 () @ https://api.staging.obodux.boris-software.com/api/design/27a5c9f6-295e-4f43-a0db-989b685d895f/3:0
[   17179ms] [ERROR] Failed to load resource: the server responded with a status of 404 () @ https://api.staging.obodux.boris-software.com/api/design/27a5c9f6-295e-4f43-a0db-989b685d895f/4:0
[   17384ms] [ERROR] Failed to load resource: the server responded with a status of 404 () @ https://api.staging.obodux.boris-software.com/api/verification-and-validation/27a5c9f6-295e-4f43-a0db-989b685d895f/1:0
[   17534ms] [ERROR] Failed to load resource: the server responded with a status of 404 () @ https://api.staging.obodux.boris-software.com/api/design/27a5c9f6-295e-4f43-a0db-989b685d895f/1:0
[   17544ms] [ERROR] Failed to load resource: the server responded with a status of 404 () @ https://api.staging.obodux.boris-software.com/api/manufacturer/27a5c9f6-295e-4f43-a0db-989b685d895f/1:0
[   25086ms] [ERROR] Failed to load resource: the server responded with a status of 404 () @ https://api.staging.obodux.boris-software.com/api/design/27a5c9f6-295e-4f43-a0db-989b685d895f/2:0
[   25208ms] [ERROR] Failed to load resource: the server responded with a status of 404 () @ https://api.staging.obodux.boris-software.com/api/design/27a5c9f6-295e-4f43-a0db-989b685d895f/5:0
[   25339ms] [ERROR] Failed to load resource: the server responded with a status of 404 () @ https://api.staging.obodux.boris-software.com/api/design/27a5c9f6-295e-4f43-a0db-989b685d895f/3:0
[   25941ms] [ERROR] Failed to load resource: the server responded with a status of 404 () @ https://api.staging.obodux.boris-software.com/api/design/27a5c9f6-295e-4f43-a0db-989b685d895f/1:0
[   26292ms] [ERROR] Failed to load resource: the server responded with a status of 404 () @ https://api.staging.obodux.boris-software.com/api/verification-and-validation/27a5c9f6-295e-4f43-a0db-989b685d895f/1:0
[   26293ms] [ERROR] Failed to load resource: the server responded with a status of 404 () @ https://api.staging.obodux.boris-software.com/api/manufacturer/27a5c9f6-295e-4f43-a0db-989b685d895f/1:0
[   26358ms] [ERROR] Failed to load resource: the server responded with a status of 404 () @ https://api.staging.obodux.boris-software.com/api/design/27a5c9f6-295e-4f43-a0db-989b685d895f/4:0
[   29927ms] [ERROR] Failed to load resource: the server responded with a status of 404 () @ https://api.staging.obodux.boris-software.com/api/design/27a5c9f6-295e-4f43-a0db-989b685d895f/2:0
[   30208ms] [ERROR] Failed to load resource: the server responded with a status of 404 () @ https://api.staging.obodux.boris-software.com/api/design/27a5c9f6-295e-4f43-a0db-989b685d895f/3:0
[   30237ms] [ERROR] Failed to load resource: the server responded with a status of 404 () @ https://api.staging.obodux.boris-software.com/api/design/27a5c9f6-295e-4f43-a0db-989b685d895f/5:0
[   30943ms] [ERROR] Failed to load resource: the server responded with a status of 404 () @ https://api.staging.obodux.boris-software.com/api/design/27a5c9f6-295e-4f43-a0db-989b685d895f/1:0
[   31470ms] [ERROR] Failed to load resource: the server responded with a status of 404 () @ https://api.staging.obodux.boris-software.com/api/manufacturer/27a5c9f6-295e-4f43-a0db-989b685d895f/1:0
[   31481ms] [ERROR] Failed to load resource: the server responded with a status of 404 () @ https://api.staging.obodux.boris-software.com/api/verification-and-validation/27a5c9f6-295e-4f43-a0db-989b685d895f/1:0
[   31507ms] [ERROR] Failed to load resource: the server responded with a status of 404 () @ https://api.staging.obodux.boris-software.com/api/design/27a5c9f6-295e-4f43-a0db-989b685d895f/4:0
