[    3967ms] [WARNING] The resource https://web.staging.obodux.boris-software.com/_next/static/css/86ae32e4b370adea.css was preloaded using link preload but not used within a few seconds from the window's load event. Please make sure it has an appropriate `as` value and it is preloaded intentionally. @ https://web.staging.obodux.boris-software.com/editor/device-documentation/0e2e4685-b800-4145-90dc-c81b050598d3/post-market-surveillance/plan:0
[   10110ms] [ERROR] Failed to load resource: the server responded with a status of 404 () @ https://api.staging.obodux.boris-software.com/api/declaration-of-conformity/0e2e4685-b800-4145-90dc-c81b050598d3/1:0
[   11790ms] [ERROR] Failed to load resource: the server responded with a status of 404 () @ https://api.staging.obodux.boris-software.com/api/post-market-surveillance/0e2e4685-b800-4145-90dc-c81b050598d3/2:0
[   15923ms] [ERROR] Failed to load resource: the server responded with a status of 404 () @ https://api.staging.obodux.boris-software.com/api/design/0e2e4685-b800-4145-90dc-c81b050598d3/2:0
[   15953ms] [ERROR] Failed to load resource: the server responded with a status of 404 () @ https://api.staging.obodux.boris-software.com/api/design/0e2e4685-b800-4145-90dc-c81b050598d3/4:0
[   15957ms] [ERROR] Failed to load resource: the server responded with a status of 404 () @ https://api.staging.obodux.boris-software.com/api/design/0e2e4685-b800-4145-90dc-c81b050598d3/3:0
[   16599ms] [ERROR] Failed to load resource: the server responded with a status of 404 () @ https://api.staging.obodux.boris-software.com/api/design/0e2e4685-b800-4145-90dc-c81b050598d3/5:0
[   18274ms] [ERROR] Failed to load resource: the server responded with a status of 404 () @ https://api.staging.obodux.boris-software.com/api/design/0e2e4685-b800-4145-90dc-c81b050598d3/2:0
[   18276ms] [ERROR] Failed to load resource: the server responded with a status of 404 () @ https://api.staging.obodux.boris-software.com/api/design/0e2e4685-b800-4145-90dc-c81b050598d3/4:0
[   18284ms] [ERROR] Failed to load resource: the server responded with a status of 404 () @ https://api.staging.obodux.boris-software.com/api/design/0e2e4685-b800-4145-90dc-c81b050598d3/3:0
[   18644ms] [ERROR] Failed to load resource: the server responded with a status of 404 () @ https://api.staging.obodux.boris-software.com/api/design/0e2e4685-b800-4145-90dc-c81b050598d3/5:0
[   26076ms] [ERROR] Failed to load resource: the server responded with a status of 404 () @ https://api.staging.obodux.boris-software.com/api/design/0e2e4685-b800-4145-90dc-c81b050598d3/3:0
[   26606ms] [ERROR] Failed to load resource: the server responded with a status of 404 () @ https://api.staging.obodux.boris-software.com/api/design/0e2e4685-b800-4145-90dc-c81b050598d3/4:0
[   27099ms] [ERROR] Failed to load resource: the server responded with a status of 404 () @ https://api.staging.obodux.boris-software.com/api/design/0e2e4685-b800-4145-90dc-c81b050598d3/2:0
[   27105ms] [ERROR] Failed to load resource: the server responded with a status of 404 () @ https://api.staging.obodux.boris-software.com/api/design/0e2e4685-b800-4145-90dc-c81b050598d3/5:0
[   31238ms] [ERROR] Failed to load resource: the server responded with a status of 404 () @ https://api.staging.obodux.boris-software.com/api/design/0e2e4685-b800-4145-90dc-c81b050598d3/3:0
[   31659ms] [ERROR] Failed to load resource: the server responded with a status of 404 () @ https://api.staging.obodux.boris-software.com/api/design/0e2e4685-b800-4145-90dc-c81b050598d3/4:0
[   32324ms] [ERROR] Failed to load resource: the server responded with a status of 404 () @ https://api.staging.obodux.boris-software.com/api/design/0e2e4685-b800-4145-90dc-c81b050598d3/5:0
[   32325ms] [ERROR] Failed to load resource: the server responded with a status of 404 () @ https://api.staging.obodux.boris-software.com/api/design/0e2e4685-b800-4145-90dc-c81b050598d3/2:0
[  231646ms] [ERROR] Failed to load resource: the server responded with a status of 404 () @ https://api.staging.obodux.boris-software.com/api/declaration-of-conformity/0e2e4685-b800-4145-90dc-c81b050598d3/1:0
[  233765ms] [ERROR] Failed to load resource: the server responded with a status of 404 () @ https://api.staging.obodux.boris-software.com/api/design/0e2e4685-b800-4145-90dc-c81b050598d3/2:0
[  234449ms] [ERROR] Failed to load resource: the server responded with a status of 404 () @ https://api.staging.obodux.boris-software.com/api/design/0e2e4685-b800-4145-90dc-c81b050598d3/3:0
[  234455ms] [ERROR] Failed to load resource: the server responded with a status of 404 () @ https://api.staging.obodux.boris-software.com/api/design/0e2e4685-b800-4145-90dc-c81b050598d3/4:0
[  234487ms] [ERROR] Failed to load resource: the server responded with a status of 404 () @ https://api.staging.obodux.boris-software.com/api/design/0e2e4685-b800-4145-90dc-c81b050598d3/5:0
[  236032ms] [ERROR] Failed to load resource: the server responded with a status of 404 () @ https://api.staging.obodux.boris-software.com/api/design/0e2e4685-b800-4145-90dc-c81b050598d3/2:0
[  242942ms] [ERROR] Failed to load resource: the server responded with a status of 404 () @ https://api.staging.obodux.boris-software.com/api/design/0e2e4685-b800-4145-90dc-c81b050598d3/3:0
[  243100ms] [ERROR] Failed to load resource: the server responded with a status of 404 () @ https://api.staging.obodux.boris-software.com/api/design/0e2e4685-b800-4145-90dc-c81b050598d3/4:0
[  243134ms] [ERROR] Failed to load resource: the server responded with a status of 404 () @ https://api.staging.obodux.boris-software.com/api/design/0e2e4685-b800-4145-90dc-c81b050598d3/5:0
[  245127ms] [ERROR] Failed to load resource: the server responded with a status of 404 () @ https://api.staging.obodux.boris-software.com/api/design/0e2e4685-b800-4145-90dc-c81b050598d3/2:0
[  246255ms] [ERROR] Failed to load resource: the server responded with a status of 404 () @ https://api.staging.obodux.boris-software.com/api/design/0e2e4685-b800-4145-90dc-c81b050598d3/3:0
[  246311ms] [ERROR] Failed to load resource: the server responded with a status of 404 () @ https://api.staging.obodux.boris-software.com/api/design/0e2e4685-b800-4145-90dc-c81b050598d3/5:0
[  246311ms] [ERROR] Failed to load resource: the server responded with a status of 404 () @ https://api.staging.obodux.boris-software.com/api/design/0e2e4685-b800-4145-90dc-c81b050598d3/4:0
[  250374ms] [ERROR] Failed to load resource: the server responded with a status of 404 () @ https://api.staging.obodux.boris-software.com/api/design/0e2e4685-b800-4145-90dc-c81b050598d3/2:0
[  252226ms] [ERROR] Failed to load resource: the server responded with a status of 404 () @ https://api.staging.obodux.boris-software.com/api/design/0e2e4685-b800-4145-90dc-c81b050598d3/3:0
[  252290ms] [ERROR] Failed to load resource: the server responded with a status of 404 () @ https://api.staging.obodux.boris-software.com/api/design/0e2e4685-b800-4145-90dc-c81b050598d3/5:0
[  252292ms] [ERROR] Failed to load resource: the server responded with a status of 404 () @ https://api.staging.obodux.boris-software.com/api/design/0e2e4685-b800-4145-90dc-c81b050598d3/4:0
